Using pre-set license
Built from '2022.3/staging' branch; Version is '2022.3.10f1 (ff3792e53c62) revision 16725906'; Using compiler version '192829333'; Build Type 'Release'
OS: 'Windows 11  (10.0.22621) 64bit Professional' Language: 'ko' Physical Memory: 16202 MB
BatchMode: 1, IsHumanControllingUs: 0, StartBugReporterOnCrash: 0, Is64bit: 1, IsPro: 1

COMMAND LINE ARGUMENTS:
C:\Program Files\Unity\2022.3.10f1\Editor\Unity.exe
-adb2
-batchMode
-noUpm
-name
AssetImportWorker6
-projectPath
C:/Users/user/Desktop/My project (3)
-logFile
Logs/AssetImportWorker6.log
-srvPort
12591
Successfully changed project path to: C:/Users/user/Desktop/My project (3)
C:/Users/user/Desktop/My project (3)
[UnityMemory] Configuration Parameters - Can be set up in boot.config
    "memorysetup-bucket-allocator-granularity=16"
    "memorysetup-bucket-allocator-bucket-count=8"
    "memorysetup-bucket-allocator-block-size=33554432"
    "memorysetup-bucket-allocator-block-count=8"
    "memorysetup-main-allocator-block-size=16777216"
    "memorysetup-thread-allocator-block-size=16777216"
    "memorysetup-gfx-main-allocator-block-size=16777216"
    "memorysetup-gfx-thread-allocator-block-size=16777216"
    "memorysetup-cache-allocator-block-size=4194304"
    "memorysetup-typetree-allocator-block-size=2097152"
    "memorysetup-profiler-bucket-allocator-granularity=16"
    "memorysetup-profiler-bucket-allocator-bucket-count=8"
    "memorysetup-profiler-bucket-allocator-block-size=33554432"
    "memorysetup-profiler-bucket-allocator-block-count=8"
    "memorysetup-profiler-allocator-block-size=16777216"
    "memorysetup-profiler-editor-allocator-block-size=1048576"
    "memorysetup-temp-allocator-size-main=16777216"
    "memorysetup-job-temp-allocator-block-size=2097152"
    "memorysetup-job-temp-allocator-block-size-background=1048576"
    "memorysetup-job-temp-allocator-reduction-small-platforms=262144"
    "memorysetup-allocator-temp-initial-block-size-main=262144"
    "memorysetup-allocator-temp-initial-block-size-worker=262144"
    "memorysetup-temp-allocator-size-background-worker=32768"
    "memorysetup-temp-allocator-size-job-worker=262144"
    "memorysetup-temp-allocator-size-preload-manager=33554432"
    "memorysetup-temp-allocator-size-nav-mesh-worker=65536"
    "memorysetup-temp-allocator-size-audio-worker=65536"
    "memorysetup-temp-allocator-size-cloud-worker=32768"
    "memorysetup-temp-allocator-size-gi-baking-worker=262144"
    "memorysetup-temp-allocator-size-gfx=262144"
Player connection [23180] Host "[IP] 192.168.0.9 [Port] 0 [Flags] 2 [Guid] 2915498235 [EditorId] 2915498235 [Version] 1048832 [Id] WindowsEditor(7,DESKTOP-9NL511D) [Debug] 1 [PackageName] WindowsEditor [ProjectName] Editor" joined multi-casting on [225.0.0.222:54997]...

Player connection [23180] Host "[IP] 192.168.0.9 [Port] 0 [Flags] 2 [Guid] 2915498235 [EditorId] 2915498235 [Version] 1048832 [Id] WindowsEditor(7,DESKTOP-9NL511D) [Debug] 1 [PackageName] WindowsEditor [ProjectName] Editor" joined alternative multi-casting on [225.0.0.222:34997]...

[Physics::Module] Initialized MultithreadedJobDispatcher with 11 workers.
Refreshing native plugins compatible for Editor in 9.79 ms, found 3 plugins.
Preloading 0 native plugins for Editor in 0.00 ms.
Initialize engine version: 2022.3.10f1 (ff3792e53c62)
[Subsystems] Discovering subsystems at path C:/Program Files/Unity/2022.3.10f1/Editor/Data/Resources/UnitySubsystems
[Subsystems] Discovering subsystems at path C:/Users/user/Desktop/My project (3)/Assets
GfxDevice: creating device client; threaded=0; jobified=0
Direct3D:
    Version:  Direct3D 11.0 [level 11.1]
    Renderer: NVIDIA GeForce RTX 3050 Laptop GPU (ID=0x25a2)
    Vendor:   NVIDIA
    VRAM:     3977 MB
    Driver:   31.0.15.3623
Initialize mono
Mono path[0] = 'C:/Program Files/Unity/2022.3.10f1/Editor/Data/Managed'
Mono path[1] = 'C:/Program Files/Unity/2022.3.10f1/Editor/Data/MonoBleedingEdge/lib/mono/unityjit-win32'
Mono config path = 'C:/Program Files/Unity/2022.3.10f1/Editor/Data/MonoBleedingEdge/etc'
Using monoOptions --debugger-agent=transport=dt_socket,embedding=1,server=y,suspend=n,address=127.0.0.1:56092
Begin MonoManager ReloadAssembly
Registering precompiled unity dll's ...
Register platform support module: C:/Program Files/Unity/2022.3.10f1/Editor/Data/PlaybackEngines/WindowsStandaloneSupport/UnityEditor.WindowsStandalone.Extensions.dll
Registered in 0.005818 seconds.
- Loaded All Assemblies, in  0.339 seconds
Native extension for WindowsStandalone target not found
Mono: successfully reloaded assembly
- Finished resetting the current domain, in  0.248 seconds
Domain Reload Profiling: 586ms
	BeginReloadAssembly (102ms)
		ExecutionOrderSort (0ms)
		DisableScriptedObjects (0ms)
		BackupInstance (0ms)
		ReleaseScriptingObjects (0ms)
		CreateAndSetChildDomain (1ms)
	RebuildCommonClasses (35ms)
	RebuildNativeTypeToScriptingClass (11ms)
	initialDomainReloadingComplete (58ms)
	LoadAllAssembliesAndSetupDomain (131ms)
		LoadAssemblies (100ms)
		RebuildTransferFunctionScriptingTraits (0ms)
		AnalyzeDomain (130ms)
			TypeCache.Refresh (128ms)
				TypeCache.ScanAssembly (115ms)
			ScanForSourceGeneratedMonoScriptInfo (0ms)
			ResolveRequiredComponents (1ms)
	FinalizeReload (248ms)
		ReleaseScriptCaches (0ms)
		RebuildScriptCaches (0ms)
		SetupLoadedEditorAssemblies (194ms)
			LogAssemblyErrors (0ms)
			InitializePlatformSupportModulesInManaged (9ms)
			SetLoadedEditorAssemblies (7ms)
			RefreshPlugins (0ms)
			BeforeProcessingInitializeOnLoad (2ms)
			ProcessInitializeOnLoadAttributes (124ms)
			ProcessInitializeOnLoadMethodAttributes (53ms)
			AfterProcessingInitializeOnLoad (0ms)
			EditorAssembliesLoaded (0ms)
		ExecutionOrderSort2 (0ms)
		AwakeInstancesAfterBackupRestoration (0ms)
========================================================================
Worker process is ready to serve import requests
Begin MonoManager ReloadAssembly
- Loaded All Assemblies, in  0.685 seconds
Refreshing native plugins compatible for Editor in 3.11 ms, found 3 plugins.
Native extension for WindowsStandalone target not found
Package Manager log level set to [2]
[Package Manager] Server::EnsureServerProcessIsRunning -- launch failed, reason: Unity was launched with the -noUpm command-line argument
[Package Manager] UpmClient::Send -- Unable to send message (not connected to UPM process).
[Package Manager] Cannot connect to Unity Package Manager local server
Mono: successfully reloaded assembly
- Finished resetting the current domain, in  0.582 seconds
Domain Reload Profiling: 1263ms
	BeginReloadAssembly (146ms)
		ExecutionOrderSort (0ms)
		DisableScriptedObjects (5ms)
		BackupInstance (0ms)
		ReleaseScriptingObjects (0ms)
		CreateAndSetChildDomain (20ms)
	RebuildCommonClasses (34ms)
	RebuildNativeTypeToScriptingClass (11ms)
	initialDomainReloadingComplete (43ms)
	LoadAllAssembliesAndSetupDomain (446ms)
		LoadAssemblies (333ms)
		RebuildTransferFunctionScriptingTraits (0ms)
		AnalyzeDomain (199ms)
			TypeCache.Refresh (176ms)
				TypeCache.ScanAssembly (160ms)
			ScanForSourceGeneratedMonoScriptInfo (17ms)
			ResolveRequiredComponents (5ms)
	FinalizeReload (582ms)
		ReleaseScriptCaches (0ms)
		RebuildScriptCaches (0ms)
		SetupLoadedEditorAssemblies (433ms)
			LogAssemblyErrors (0ms)
			InitializePlatformSupportModulesInManaged (7ms)
			SetLoadedEditorAssemblies (4ms)
			RefreshPlugins (0ms)
			BeforeProcessingInitializeOnLoad (70ms)
			ProcessInitializeOnLoadAttributes (284ms)
			ProcessInitializeOnLoadMethodAttributes (58ms)
			AfterProcessingInitializeOnLoad (10ms)
			EditorAssembliesLoaded (0ms)
		ExecutionOrderSort2 (0ms)
		AwakeInstancesAfterBackupRestoration (11ms)
Launched and connected shader compiler UnityShaderCompiler.exe after 0.06 seconds
Refreshing native plugins compatible for Editor in 4.95 ms, found 3 plugins.
Preloading 0 native plugins for Editor in 0.00 ms.
Unloading 4282 Unused Serialized files (Serialized files now loaded: 0)
Unloading 54 unused Assets / (1.6 MB). Loaded Objects now: 4733.
Memory consumption went from 160.2 MB to 158.7 MB.
Total: 5.153900 ms (FindLiveObjects: 0.535600 ms CreateObjectMapping: 0.479000 ms MarkObjects: 3.675900 ms  DeleteObjects: 0.462200 ms)

AssetImportParameters requested are different than current active one (requested -> active):
  custom:scripting/monoscript/fileName/MobileInput.cs: dfa415439f330b7749adb2ef7567c3e4 -> 
  custom:scripting/monoscript/fileName/InputAxisScrollbar.cs: ce23cb16d4e46181bfcdc67e0abad940 -> 
  custom:container-demuxer-ogg: 62fdf1f143b41e24485cea50d1cbac27 -> 
  custom:scripting/monoscript/fileName/ActivateTrigger.cs: c94789aa9e8004cad1e54b531012d83a -> 
  custom:scripting/monoscript/fileName/WaypointCircuit.cs: 54e952fb6b763eca02bad0728655deb7 -> 
  custom:scripting/monoscript/fileName/ParticleSystemDestroyer.cs: e9db870dc4c33b83d7965fdc6fe482f5 -> 
  custom:scripting/monoscript/fileName/CrossPlatformInputManager.cs: a6a27da3c2613aab4b889711813fe29f -> 
  custom:scripting/monoscript/fileName/DragRigidbody.cs: af6487145851a9f92f2704a8e0948d6e -> 
  custom:scripting/monoscript/fileName/SwitchMoveCorridor1.cs: e18a4ab88829bacbb09bf33c1c22da9c -> 
  custom:video-decoder-ogg-theora: a1e56fd34408186e4bbccfd4996cb3dc -> 
  custom:scripting/monoscript/fileName/LEDNode.cs: 0cbb8788d81d0adbef7edd514d2a97df -> 
  custom:framework-win-MediaFoundation: 216162199b28c13a410421893ffa2e32 -> 
  custom:scripting/monoscript/fileName/SwitchMoveCorridor2.cs: 2721f60a421ec9f8008c017da91b43e5 -> 
  custom:scripting/monoscript/fileName/TouchPad.cs: 71af049078ebd826d8919ba90a4412d3 -> 
  custom:scripting/monoscript/fileName/TiltInput.cs: 298cab2ca5ef1ae659d7256d2dbeb1ed -> 
  custom:scripting/monoscript/fileName/SmoothFollow.cs: a07fd7df12bc7fba739834867140f167 -> 
  custom:CustomObjectIndexerAttribute: 756ad292c208cfabdd7b50bc23989ffe -> 
  custom:scripting/monoscript/fileName/DynamicShadowSettings.cs: 325596f0baf85da0d965fea14b11bb8b -> 
  custom:scripting/monoscript/fileName/CurveControlledBob.cs: 90e86216bd5f53d9fe3087ae7bf389f1 -> 
  custom:scripting/monoscript/fileName/AutoMobileShaderSwitch.cs: e55bd94d791efdfd8def29f52dc8447b -> 
  custom:scripting/monoscript/fileName/AlphaButtonClickMask.cs: 0e8b09d4b0d299b77424ad90e670a9d2 -> 
  custom:container-demuxer-webm: 4f35f7cbe854078d1ac9338744f61a02 -> 
  custom:scripting/monoscript/fileName/StandaloneInput.cs: 8cfda68f78df3b7dc3040fdb29fc2cd1 -> 
  custom:scripting/monoscript/fileName/FOVKick.cs: c76896347c620802192507d0a92d05a3 -> 
  custom:scripting/monoscript/fileName/TimedObjectActivator.cs: 25495e754d3d277d8e763837b64bf2ba -> 
  custom:scripting/monoscript/fileName/WaypointProgressTracker.cs: fb6262ee8f74f6dc3758b58e5ee18955 -> 
  custom:scripting/monoscript/fileName/SimpleMouseRotator.cs: 9ea47a4777a3a00316a90faf1a6f313d -> 
  custom:container-muxer-webm: aa71ff27fc2769a1b78a27578f13a17b -> 
  custom:scripting/monoscript/fileName/ParticleSystemMultiplier.cs: 8c5eeca5294173db54ffca6ac53ee34e -> 
  custom:video-decoder-webm-vp8: 9c59270c3fd7afecdb556c50c9e8de78 -> 
  custom:scripting/monoscript/fileName/CameraRefocus.cs: 2faffd18ce20d29396a11c7a26d00f0b -> 
  custom:SearchIndexIgnoredProperties: e643bd26f0fe6173181afceb89e7c659 -> 
  custom:scripting/monoscript/fileName/TimedObjectDestructor.cs: bce1a4bbcc9460c16af8171b93c92130 -> 
  custom:AudioImporter_EditorPlatform: d09bf68614088b80899f8185d706f6e7 -> 
  custom:scripting/monoscript/fileName/MobileControlRig.cs: 3524fff44c8126dee0548f9b6ab19d53 -> 
  custom:scripting/monoscript/fileName/ForcedReset.cs: 5e1472355f934ab888fa0985eb71dfb5 -> 
  custom:scripting/monoscript/fileName/EventSystemChecker.cs: 7bccd0826881aa97be03516a055e060b -> 
  custom:scripting/monoscript/fileName/VirtualInput.cs: e290279061a851c625fb61c863776a94 -> 
  custom:scripting/monoscript/fileName/MouseLook.cs: 1413bf4c672f5aacfd2b457b6378eea6 -> 
  custom:scripting/monoscript/fileName/SimpleActivatorMenu.cs: 6dc7b15cc079b5666ea19a4bb40b684f -> 
  custom:scripting/monoscript/fileName/FPSCounter.cs: 18dc6752cae0b5546ca4b2dc0c7741f5 -> 
  custom:scripting/monoscript/fileName/LerpControlledBob.cs: e3f8ea665fb8f4533c1004d43455b6e7 -> 
  custom:scripting/monoscript/fileName/ButtonHandler.cs: e27d3f4c7505c394dad450c78dd6faf1 -> 
  custom:video-encoder-webm-vp8: eb34c28f22e8b96e1ab97ce403110664 -> 
  custom:scripting/monoscript/fileName/Bloom.cs: e200189c2f5040540b8f58b2d05eebda -> 6f6d579a64201b97313a62a1e91b3575
  custom:audio-decoder-ogg-vorbis: bf7c407c2cedff20999df2af8eb42d56 -> 
  custom:scripting/monoscript/fileName/AxisTouchButton.cs: 31be56f36d53422fd33aa4f9a14e630a -> 
  custom:scripting/monoscript/fileName/FollowTarget.cs: 93be4c02dc2bee8af48e06a6c7c2e042 -> 
  custom:scripting/monoscript/fileName/FirstPersonController.cs: 4fa5841f7a7dfdfcf291c3718c4ae3a2 -> 
  custom:scripting/monoscript/fileName/Joystick.cs: b54db918c885c01940a25acda1acd280 -> 
  custom:audio-encoder-webm-vorbis: bf7c407c2cedff20999df2af8eb42d56 -> 
  custom:scripting/monoscript/fileName/PlatformSpecificContent.cs: 5abb8e8ef7a06ce1842fe9ff26eac2dd -> 
  custom:scripting/monoscript/fileName/AutoMoveAndRotate.cs: ca0e96f72f32239308122375a052b980 -> 
  custom:scripting/monoscript/fileName/ObjectResetter.cs: 037abf2de53ab0026436c32f7a941658 -> 
========================================================================
Received Import Request.
  Time since last request: 242744.401985 seconds.
  path: Assets/_Kelhem_Bedroom/_Materials/Bed.mat
  artifactKey: Guid(cd86913d79a63fd408097b3112333f08) Importer(815301076,1909f56bfc062723c751e8b465ee728b)
Start importing Assets/_Kelhem_Bedroom/_Materials/Bed.mat using Guid(cd86913d79a63fd408097b3112333f08) Importer(815301076,1909f56bfc062723c751e8b465ee728b)  -> (artifact id: 'f619d54bc5e2c48824513bd520263b5b') in 0.143435 seconds
Number of updated asset objects reloaded before import = 0
Number of asset objects unloaded after import = 2
========================================================================
Received Import Request.
  Time since last request: 0.000025 seconds.
  path: Assets/_Kelhem_Bedroom/_Materials/Lamp.mat
  artifactKey: Guid(da2ba970707ee7845aba174a608e5d60) Importer(815301076,1909f56bfc062723c751e8b465ee728b)
Start importing Assets/_Kelhem_Bedroom/_Materials/Lamp.mat using Guid(da2ba970707ee7845aba174a608e5d60) Importer(815301076,1909f56bfc062723c751e8b465ee728b)  -> (artifact id: '166a8df31ad110bbc082792511282397') in 0.011641 seconds
Number of updated asset objects reloaded before import = 0
Number of asset objects unloaded after import = 2
========================================================================
Received Import Request.
  Time since last request: 1.257222 seconds.
  path: Assets/_Kelhem_Bedroom/_Home/Glass.mat
  artifactKey: Guid(8e2505adffea3dd4494de7ae4d453386) Importer(815301076,1909f56bfc062723c751e8b465ee728b)
Start importing Assets/_Kelhem_Bedroom/_Home/Glass.mat using Guid(8e2505adffea3dd4494de7ae4d453386) Importer(815301076,1909f56bfc062723c751e8b465ee728b)  -> (artifact id: '907747148aff94ff9dbb8699dc4c1c45') in 0.134913 seconds
Number of updated asset objects reloaded before import = 0
Number of asset objects unloaded after import = 1
========================================================================
Received Prepare
Begin MonoManager ReloadAssembly
- Loaded All Assemblies, in  0.526 seconds
Refreshing native plugins compatible for Editor in 4.91 ms, found 3 plugins.
Native extension for WindowsStandalone target not found
[Package Manager] Server::EnsureServerProcessIsRunning -- launch failed, reason: Unity was launched with the -noUpm command-line argument
[Package Manager] UpmClient::Send -- Unable to send message (not connected to UPM process).
[Package Manager] Cannot connect to Unity Package Manager local server
Mono: successfully reloaded assembly
- Finished resetting the current domain, in  1.399 seconds
Domain Reload Profiling: 1921ms
	BeginReloadAssembly (178ms)
		ExecutionOrderSort (0ms)
		DisableScriptedObjects (4ms)
		BackupInstance (0ms)
		ReleaseScriptingObjects (0ms)
		CreateAndSetChildDomain (38ms)
	RebuildCommonClasses (39ms)
	RebuildNativeTypeToScriptingClass (12ms)
	initialDomainReloadingComplete (34ms)
	LoadAllAssembliesAndSetupDomain (259ms)
		LoadAssemblies (348ms)
		RebuildTransferFunctionScriptingTraits (0ms)
		AnalyzeDomain (14ms)
			TypeCache.Refresh (7ms)
				TypeCache.ScanAssembly (0ms)
			ScanForSourceGeneratedMonoScriptInfo (0ms)
			ResolveRequiredComponents (6ms)
	FinalizeReload (1400ms)
		ReleaseScriptCaches (0ms)
		RebuildScriptCaches (0ms)
		SetupLoadedEditorAssemblies (531ms)
			LogAssemblyErrors (0ms)
			InitializePlatformSupportModulesInManaged (8ms)
			SetLoadedEditorAssemblies (6ms)
			RefreshPlugins (0ms)
			BeforeProcessingInitializeOnLoad (97ms)
			ProcessInitializeOnLoadAttributes (337ms)
			ProcessInitializeOnLoadMethodAttributes (71ms)
			AfterProcessingInitializeOnLoad (12ms)
			EditorAssembliesLoaded (0ms)
		ExecutionOrderSort2 (0ms)
		AwakeInstancesAfterBackupRestoration (14ms)
Refreshing native plugins compatible for Editor in 5.53 ms, found 3 plugins.
Preloading 0 native plugins for Editor in 0.00 ms.
Unloading 4237 Unused Serialized files (Serialized files now loaded: 0)
Unloading 42 unused Assets / (1.5 MB). Loaded Objects now: 4777.
Memory consumption went from 154.7 MB to 153.1 MB.
Total: 5.102000 ms (FindLiveObjects: 0.592800 ms CreateObjectMapping: 0.791300 ms MarkObjects: 3.332700 ms  DeleteObjects: 0.383100 ms)

Prepare: number of updated asset objects reloaded= 0
AssetImportParameters requested are different than current active one (requested -> active):
  custom:scripting/monoscript/fileName/MobileInput.cs: dfa415439f330b7749adb2ef7567c3e4 -> 
  custom:scripting/monoscript/fileName/InputAxisScrollbar.cs: ce23cb16d4e46181bfcdc67e0abad940 -> 
  custom:container-demuxer-ogg: 62fdf1f143b41e24485cea50d1cbac27 -> 
  custom:scripting/monoscript/fileName/ActivateTrigger.cs: c94789aa9e8004cad1e54b531012d83a -> 
  custom:scripting/monoscript/fileName/WaypointCircuit.cs: 54e952fb6b763eca02bad0728655deb7 -> 
  custom:scripting/monoscript/fileName/ParticleSystemDestroyer.cs: e9db870dc4c33b83d7965fdc6fe482f5 -> 
  custom:scripting/monoscript/fileName/CrossPlatformInputManager.cs: a6a27da3c2613aab4b889711813fe29f -> 
  custom:scripting/monoscript/fileName/DragRigidbody.cs: af6487145851a9f92f2704a8e0948d6e -> 
  custom:scripting/monoscript/fileName/SwitchMoveCorridor1.cs: e18a4ab88829bacbb09bf33c1c22da9c -> 
  custom:video-decoder-ogg-theora: a1e56fd34408186e4bbccfd4996cb3dc -> 
  custom:scripting/monoscript/fileName/LEDNode.cs: 0cbb8788d81d0adbef7edd514d2a97df -> 
  custom:framework-win-MediaFoundation: 216162199b28c13a410421893ffa2e32 -> 
  custom:scripting/monoscript/fileName/SwitchMoveCorridor2.cs: 2721f60a421ec9f8008c017da91b43e5 -> 
  custom:scripting/monoscript/fileName/TouchPad.cs: 71af049078ebd826d8919ba90a4412d3 -> 
  custom:scripting/monoscript/fileName/TiltInput.cs: 298cab2ca5ef1ae659d7256d2dbeb1ed -> 
  custom:scripting/monoscript/fileName/SmoothFollow.cs: a07fd7df12bc7fba739834867140f167 -> 
  custom:CustomObjectIndexerAttribute: 756ad292c208cfabdd7b50bc23989ffe -> 
  custom:scripting/monoscript/fileName/DynamicShadowSettings.cs: 325596f0baf85da0d965fea14b11bb8b -> 
  custom:scripting/monoscript/fileName/CurveControlledBob.cs: 90e86216bd5f53d9fe3087ae7bf389f1 -> 
  custom:scripting/monoscript/fileName/AutoMobileShaderSwitch.cs: e55bd94d791efdfd8def29f52dc8447b -> 
  custom:scripting/monoscript/fileName/AlphaButtonClickMask.cs: 0e8b09d4b0d299b77424ad90e670a9d2 -> 
  custom:container-demuxer-webm: 4f35f7cbe854078d1ac9338744f61a02 -> 
  custom:scripting/monoscript/fileName/StandaloneInput.cs: 8cfda68f78df3b7dc3040fdb29fc2cd1 -> 
  custom:scripting/monoscript/fileName/FOVKick.cs: c76896347c620802192507d0a92d05a3 -> 
  custom:scripting/monoscript/fileName/TimedObjectActivator.cs: 25495e754d3d277d8e763837b64bf2ba -> 
  custom:scripting/monoscript/fileName/WaypointProgressTracker.cs: fb6262ee8f74f6dc3758b58e5ee18955 -> 
  custom:scripting/monoscript/fileName/SimpleMouseRotator.cs: 9ea47a4777a3a00316a90faf1a6f313d -> 
  custom:container-muxer-webm: aa71ff27fc2769a1b78a27578f13a17b -> 
  custom:scripting/monoscript/fileName/ParticleSystemMultiplier.cs: 8c5eeca5294173db54ffca6ac53ee34e -> 
  custom:video-decoder-webm-vp8: 9c59270c3fd7afecdb556c50c9e8de78 -> 
  custom:scripting/monoscript/fileName/CameraRefocus.cs: 2faffd18ce20d29396a11c7a26d00f0b -> 
  custom:SearchIndexIgnoredProperties: e643bd26f0fe6173181afceb89e7c659 -> 
  custom:scripting/monoscript/fileName/TimedObjectDestructor.cs: bce1a4bbcc9460c16af8171b93c92130 -> 
  custom:AudioImporter_EditorPlatform: d09bf68614088b80899f8185d706f6e7 -> 
  custom:scripting/monoscript/fileName/MobileControlRig.cs: 3524fff44c8126dee0548f9b6ab19d53 -> 
  custom:scripting/monoscript/fileName/ForcedReset.cs: 5e1472355f934ab888fa0985eb71dfb5 -> 
  custom:scripting/monoscript/fileName/EventSystemChecker.cs: 7bccd0826881aa97be03516a055e060b -> 
  custom:scripting/monoscript/fileName/VirtualInput.cs: e290279061a851c625fb61c863776a94 -> 
  custom:scripting/monoscript/fileName/MouseLook.cs: 1413bf4c672f5aacfd2b457b6378eea6 -> 
  custom:scripting/monoscript/fileName/SimpleActivatorMenu.cs: 6dc7b15cc079b5666ea19a4bb40b684f -> 
  custom:scripting/monoscript/fileName/FPSCounter.cs: 18dc6752cae0b5546ca4b2dc0c7741f5 -> 
  custom:scripting/monoscript/fileName/LerpControlledBob.cs: e3f8ea665fb8f4533c1004d43455b6e7 -> 
  custom:scripting/monoscript/fileName/ButtonHandler.cs: e27d3f4c7505c394dad450c78dd6faf1 -> 
  custom:video-encoder-webm-vp8: eb34c28f22e8b96e1ab97ce403110664 -> 
  custom:scripting/monoscript/fileName/Bloom.cs: e200189c2f5040540b8f58b2d05eebda -> 6f6d579a64201b97313a62a1e91b3575
  custom:audio-decoder-ogg-vorbis: bf7c407c2cedff20999df2af8eb42d56 -> 
  custom:scripting/monoscript/fileName/AxisTouchButton.cs: 31be56f36d53422fd33aa4f9a14e630a -> 
  custom:scripting/monoscript/fileName/FollowTarget.cs: 93be4c02dc2bee8af48e06a6c7c2e042 -> 
  custom:scripting/monoscript/fileName/FirstPersonController.cs: 4fa5841f7a7dfdfcf291c3718c4ae3a2 -> 
  custom:scripting/monoscript/fileName/Joystick.cs: b54db918c885c01940a25acda1acd280 -> 
  custom:audio-encoder-webm-vorbis: bf7c407c2cedff20999df2af8eb42d56 -> 
  custom:scripting/monoscript/fileName/PlatformSpecificContent.cs: 5abb8e8ef7a06ce1842fe9ff26eac2dd -> 
  custom:scripting/monoscript/fileName/AutoMoveAndRotate.cs: ca0e96f72f32239308122375a052b980 -> 
  custom:scripting/monoscript/fileName/ObjectResetter.cs: 037abf2de53ab0026436c32f7a941658 -> 
========================================================================
Received Import Request.
  Time since last request: 440.870035 seconds.
  path: Assets/_Kelhem_Bedroom/_Materials
  artifactKey: Guid(4200cb49f4e137047a60439b3a602f7e) Importer(815301076,1909f56bfc062723c751e8b465ee728b)
Start importing Assets/_Kelhem_Bedroom/_Materials using Guid(4200cb49f4e137047a60439b3a602f7e) Importer(815301076,1909f56bfc062723c751e8b465ee728b)  -> (artifact id: 'df4bc1648d6e4228c15a8dc5df8341fe') in 0.005409 seconds
Number of updated asset objects reloaded before import = 0
Number of asset objects unloaded after import = 0
========================================================================
Received Import Request.
  Time since last request: 4.474856 seconds.
  path: Assets/_Kelhem_Bedroom/_Export/bed-0.obj
  artifactKey: Guid(7cb68fbc7f33a9c4084d49863a2529a4) Importer(815301076,1909f56bfc062723c751e8b465ee728b)
Start importing Assets/_Kelhem_Bedroom/_Export/bed-0.obj using Guid(7cb68fbc7f33a9c4084d49863a2529a4) Importer(815301076,1909f56bfc062723c751e8b465ee728b)  -> (artifact id: 'e14103a5ffd19b3c7d14a3865e9bae6b') in 0.152997 seconds
Number of updated asset objects reloaded before import = 0
Number of asset objects unloaded after import = 11
========================================================================
Received Import Request.
  Time since last request: 0.000021 seconds.
  path: Assets/_Kelhem_Bedroom/_Export/bed-2.png
  artifactKey: Guid(d6d7da4e0a3498147a702e9ce831378b) Importer(815301076,1909f56bfc062723c751e8b465ee728b)
Start importing Assets/_Kelhem_Bedroom/_Export/bed-2.png using Guid(d6d7da4e0a3498147a702e9ce831378b) Importer(815301076,1909f56bfc062723c751e8b465ee728b)  -> (artifact id: '09fdfe65404c0241cae0ce20d4bbf3e0') in 0.020317 seconds
Number of updated asset objects reloaded before import = 0
Number of asset objects unloaded after import = 2
========================================================================
Received Import Request.
  Time since last request: 0.000022 seconds.
  path: Assets/_Kelhem_Bedroom/_Export/HomeOPEN_EXPORT-20.obj
  artifactKey: Guid(4c8e261a4b075c1448ce8999dd03acd7) Importer(815301076,1909f56bfc062723c751e8b465ee728b)
Start importing Assets/_Kelhem_Bedroom/_Export/HomeOPEN_EXPORT-20.obj using Guid(4c8e261a4b075c1448ce8999dd03acd7) Importer(815301076,1909f56bfc062723c751e8b465ee728b)  -> (artifact id: '312672bdd77250258b31fa07479eb1d4') in 0.016800 seconds
Number of updated asset objects reloaded before import = 0
Number of asset objects unloaded after import = 11
========================================================================
Received Import Request.
  Time since last request: 0.000020 seconds.
  path: Assets/_Kelhem_Bedroom/_Export/HomeOPEN_EXPORT-12.obj
  artifactKey: Guid(254959ee49e9cd04da71e72a5aecb76d) Importer(815301076,1909f56bfc062723c751e8b465ee728b)
Start importing Assets/_Kelhem_Bedroom/_Export/HomeOPEN_EXPORT-12.obj using Guid(254959ee49e9cd04da71e72a5aecb76d) Importer(815301076,1909f56bfc062723c751e8b465ee728b)  -> (artifact id: 'd2dca7ee3767a861153e533a13b8a436') in 0.019499 seconds
Number of updated asset objects reloaded before import = 0
Number of asset objects unloaded after import = 11
========================================================================
Received Import Request.
  Time since last request: 0.000014 seconds.
  path: Assets/_Kelhem_Bedroom/_Export/HomeOPEN_EXPORT-18.obj
  artifactKey: Guid(74562b9efa3052341afd0194e2609efd) Importer(815301076,1909f56bfc062723c751e8b465ee728b)
Start importing Assets/_Kelhem_Bedroom/_Export/HomeOPEN_EXPORT-18.obj using Guid(74562b9efa3052341afd0194e2609efd) Importer(815301076,1909f56bfc062723c751e8b465ee728b)  -> (artifact id: 'a8d8f69c352c0cf8730d24887ff78044') in 0.016978 seconds
Number of updated asset objects reloaded before import = 0
Number of asset objects unloaded after import = 11
========================================================================
Received Import Request.
  Time since last request: 0.000015 seconds.
  path: Assets/_Kelhem_Bedroom/_Export/HomeOPEN_EXPORT-6.obj
  artifactKey: Guid(a14aa0910aab6d844b85c9a60d106b4d) Importer(815301076,1909f56bfc062723c751e8b465ee728b)
Start importing Assets/_Kelhem_Bedroom/_Export/HomeOPEN_EXPORT-6.obj using Guid(a14aa0910aab6d844b85c9a60d106b4d) Importer(815301076,1909f56bfc062723c751e8b465ee728b)  -> (artifact id: '80f4692c506d460e27b79ea82fbfef8e') in 0.016437 seconds
Number of updated asset objects reloaded before import = 0
Number of asset objects unloaded after import = 11
========================================================================
Received Import Request.
  Time since last request: 0.000017 seconds.
  path: Assets/_Kelhem_Bedroom/_Export/HomeOPEN_EXPORT-3.obj
  artifactKey: Guid(9c44b1af5bcba2446987b635791b6a0d) Importer(815301076,1909f56bfc062723c751e8b465ee728b)
Start importing Assets/_Kelhem_Bedroom/_Export/HomeOPEN_EXPORT-3.obj using Guid(9c44b1af5bcba2446987b635791b6a0d) Importer(815301076,1909f56bfc062723c751e8b465ee728b)  -> (artifact id: '90bd9b93dc294a06f73d32bbb55267dc') in 0.016950 seconds
Number of updated asset objects reloaded before import = 0
Number of asset objects unloaded after import = 11
========================================================================
Received Import Request.
  Time since last request: 0.000016 seconds.
  path: Assets/_Kelhem_Bedroom/_Export/HomeOPEN_EXPORT-13.obj
  artifactKey: Guid(ebde3f8fd1794c94f97592cd6852d44b) Importer(815301076,1909f56bfc062723c751e8b465ee728b)
Start importing Assets/_Kelhem_Bedroom/_Export/HomeOPEN_EXPORT-13.obj using Guid(ebde3f8fd1794c94f97592cd6852d44b) Importer(815301076,1909f56bfc062723c751e8b465ee728b)  -> (artifact id: '551f72c878e92ef7a302ee37273000a7') in 0.015297 seconds
Number of updated asset objects reloaded before import = 0
Number of asset objects unloaded after import = 11
========================================================================
Received Import Request.
  Time since last request: 0.000018 seconds.
  path: Assets/_Kelhem_Bedroom/_Export/HomeOPEN_EXPORT-7.obj
  artifactKey: Guid(f7b6aad26f8a2f14ca3dc7b081cbe088) Importer(815301076,1909f56bfc062723c751e8b465ee728b)
Start importing Assets/_Kelhem_Bedroom/_Export/HomeOPEN_EXPORT-7.obj using Guid(f7b6aad26f8a2f14ca3dc7b081cbe088) Importer(815301076,1909f56bfc062723c751e8b465ee728b)  -> (artifact id: '80fdc09e0d923f7b18f0404ec9237718') in 0.017400 seconds
Number of updated asset objects reloaded before import = 0
Number of asset objects unloaded after import = 11
========================================================================
Received Import Request.
  Time since last request: 0.000018 seconds.
  path: Assets/_Kelhem_Bedroom/_Export/HomeOPEN_EXPORT-11.obj
  artifactKey: Guid(e800281484d47724b82ab5b455670efe) Importer(815301076,1909f56bfc062723c751e8b465ee728b)
Start importing Assets/_Kelhem_Bedroom/_Export/HomeOPEN_EXPORT-11.obj using Guid(e800281484d47724b82ab5b455670efe) Importer(815301076,1909f56bfc062723c751e8b465ee728b)  -> (artifact id: '645d47b218c3e85fedd73f71bd5159c6') in 0.016445 seconds
Number of updated asset objects reloaded before import = 0
Number of asset objects unloaded after import = 11
========================================================================
Received Import Request.
  Time since last request: 0.000030 seconds.
  path: Assets/_Kelhem_Bedroom/_Export/HomeOPEN_EXPORT-15.obj
  artifactKey: Guid(c45765a93a4e5124bb68e2da3fcd54bb) Importer(815301076,1909f56bfc062723c751e8b465ee728b)
Start importing Assets/_Kelhem_Bedroom/_Export/HomeOPEN_EXPORT-15.obj using Guid(c45765a93a4e5124bb68e2da3fcd54bb) Importer(815301076,1909f56bfc062723c751e8b465ee728b)  -> (artifact id: 'd4b1b7a034fc9dd7ff0b66205fbc5bc6') in 0.017281 seconds
Number of updated asset objects reloaded before import = 0
Number of asset objects unloaded after import = 11
========================================================================
Received Import Request.
  Time since last request: 0.000016 seconds.
  path: Assets/_Kelhem_Bedroom/_Export/HomeOPEN_EXPORT-10.obj
  artifactKey: Guid(6c6b75137ed0fd4439a42b125383309a) Importer(815301076,1909f56bfc062723c751e8b465ee728b)
Start importing Assets/_Kelhem_Bedroom/_Export/HomeOPEN_EXPORT-10.obj using Guid(6c6b75137ed0fd4439a42b125383309a) Importer(815301076,1909f56bfc062723c751e8b465ee728b)  -> (artifact id: 'bba38c021b8787a16abb6932278f454f') in 0.016620 seconds
Number of updated asset objects reloaded before import = 0
Number of asset objects unloaded after import = 11
========================================================================
Received Import Request.
  Time since last request: 0.000022 seconds.
  path: Assets/_Kelhem_Bedroom/_Export/HomeOPEN_EXPORT-31.obj
  artifactKey: Guid(78b09067d5bd8454d8d0f9383a477613) Importer(815301076,1909f56bfc062723c751e8b465ee728b)
Start importing Assets/_Kelhem_Bedroom/_Export/HomeOPEN_EXPORT-31.obj using Guid(78b09067d5bd8454d8d0f9383a477613) Importer(815301076,1909f56bfc062723c751e8b465ee728b)  -> (artifact id: '10d4bb09356e7fb7a68581c889edc10d') in 0.014981 seconds
Number of updated asset objects reloaded before import = 0
Number of asset objects unloaded after import = 11
========================================================================
Received Import Request.
  Time since last request: 0.000016 seconds.
  path: Assets/_Kelhem_Bedroom/_Export/bed-1.obj
  artifactKey: Guid(0da61f9a4accf964bb4f4b5ea28bda00) Importer(815301076,1909f56bfc062723c751e8b465ee728b)
Start importing Assets/_Kelhem_Bedroom/_Export/bed-1.obj using Guid(0da61f9a4accf964bb4f4b5ea28bda00) Importer(815301076,1909f56bfc062723c751e8b465ee728b)  -> (artifact id: '674dcd7247f4dc9dcddf11d8ac7fbe25') in 0.016925 seconds
Number of updated asset objects reloaded before import = 0
Number of asset objects unloaded after import = 11
========================================================================
Received Import Request.
  Time since last request: 0.000024 seconds.
  path: Assets/_Kelhem_Bedroom/_Export/HomeOPEN_EXPORT-5.obj
  artifactKey: Guid(c2ef00bc203f3a24cad8769e6e460e3b) Importer(815301076,1909f56bfc062723c751e8b465ee728b)
Start importing Assets/_Kelhem_Bedroom/_Export/HomeOPEN_EXPORT-5.obj using Guid(c2ef00bc203f3a24cad8769e6e460e3b) Importer(815301076,1909f56bfc062723c751e8b465ee728b)  -> (artifact id: 'd50bde6a428fd299449e4ffa1debbbe6') in 0.021326 seconds
Number of updated asset objects reloaded before import = 0
Number of asset objects unloaded after import = 11
========================================================================
Received Import Request.
  Time since last request: 0.000031 seconds.
  path: Assets/_Kelhem_Bedroom/_Export/HomeOPEN_EXPORT-29.obj
  artifactKey: Guid(b964849500c1d6847a17ab3ba6aaebb5) Importer(815301076,1909f56bfc062723c751e8b465ee728b)
Start importing Assets/_Kelhem_Bedroom/_Export/HomeOPEN_EXPORT-29.obj using Guid(b964849500c1d6847a17ab3ba6aaebb5) Importer(815301076,1909f56bfc062723c751e8b465ee728b)  -> (artifact id: 'f1de65d15ff9d7ac7e31c12df9c9bca4') in 0.019814 seconds
Number of updated asset objects reloaded before import = 0
Number of asset objects unloaded after import = 11
========================================================================
Received Import Request.
  Time since last request: 0.000054 seconds.
  path: Assets/_Kelhem_Bedroom/_Export/HomeOPEN_EXPORT-14.obj
  artifactKey: Guid(ef623572ee5bfda419216db3cd596733) Importer(815301076,1909f56bfc062723c751e8b465ee728b)
Start importing Assets/_Kelhem_Bedroom/_Export/HomeOPEN_EXPORT-14.obj using Guid(ef623572ee5bfda419216db3cd596733) Importer(815301076,1909f56bfc062723c751e8b465ee728b)  -> (artifact id: 'd15489525c09fc0c7c90b1b7bc73b5b1') in 0.017049 seconds
Number of updated asset objects reloaded before import = 0
Number of asset objects unloaded after import = 11
========================================================================
Received Import Request.
  Time since last request: 0.000016 seconds.
  path: Assets/_Kelhem_Bedroom/_Export/HomeOPEN_EXPORT-23.obj
  artifactKey: Guid(74d6f64c52155564fbb05fac0792db56) Importer(815301076,1909f56bfc062723c751e8b465ee728b)
Start importing Assets/_Kelhem_Bedroom/_Export/HomeOPEN_EXPORT-23.obj using Guid(74d6f64c52155564fbb05fac0792db56) Importer(815301076,1909f56bfc062723c751e8b465ee728b)  -> (artifact id: '8465b173e28753fe9b5625e6cc0db200') in 0.017809 seconds
Number of updated asset objects reloaded before import = 0
Number of asset objects unloaded after import = 11
========================================================================
Received Import Request.
  Time since last request: 0.000019 seconds.
  path: Assets/_Kelhem_Bedroom/_Export/HomeOPEN_EXPORT-30.obj
  artifactKey: Guid(af2e3f06000a99e458baec5e7a5b3b6a) Importer(815301076,1909f56bfc062723c751e8b465ee728b)
Start importing Assets/_Kelhem_Bedroom/_Export/HomeOPEN_EXPORT-30.obj using Guid(af2e3f06000a99e458baec5e7a5b3b6a) Importer(815301076,1909f56bfc062723c751e8b465ee728b)  -> (artifact id: '6db6d6cd30984e0847fbe9f0f289d455') in 0.016093 seconds
Number of updated asset objects reloaded before import = 0
Number of asset objects unloaded after import = 11
========================================================================
Received Import Request.
  Time since last request: 0.000020 seconds.
  path: Assets/_Kelhem_Bedroom/_Export/HomeOPEN_EXPORT-16.obj
  artifactKey: Guid(595d7f0a6144a2b4b9a9c516516ae5c8) Importer(815301076,1909f56bfc062723c751e8b465ee728b)
Start importing Assets/_Kelhem_Bedroom/_Export/HomeOPEN_EXPORT-16.obj using Guid(595d7f0a6144a2b4b9a9c516516ae5c8) Importer(815301076,1909f56bfc062723c751e8b465ee728b)  -> (artifact id: '5264fe3b360af6f1d7565203fe098e42') in 0.017586 seconds
Number of updated asset objects reloaded before import = 0
Number of asset objects unloaded after import = 11
========================================================================
Received Import Request.
  Time since last request: 0.000017 seconds.
  path: Assets/_Kelhem_Bedroom/_Export/bed-1.png
  artifactKey: Guid(6e121d24866c43a48a90843eef021c67) Importer(815301076,1909f56bfc062723c751e8b465ee728b)
Start importing Assets/_Kelhem_Bedroom/_Export/bed-1.png using Guid(6e121d24866c43a48a90843eef021c67) Importer(815301076,1909f56bfc062723c751e8b465ee728b)  -> (artifact id: 'da543c51e1a386d925e9700defb80793') in 0.011031 seconds
Number of updated asset objects reloaded before import = 0
Number of asset objects unloaded after import = 2
========================================================================
Received Import Request.
  Time since last request: 0.000015 seconds.
  path: Assets/_Kelhem_Bedroom/_Export/HomeOPEN_EXPORT-28.obj
  artifactKey: Guid(d8e3b7ee33b4c494eb11eb3583b85bbf) Importer(815301076,1909f56bfc062723c751e8b465ee728b)
Start importing Assets/_Kelhem_Bedroom/_Export/HomeOPEN_EXPORT-28.obj using Guid(d8e3b7ee33b4c494eb11eb3583b85bbf) Importer(815301076,1909f56bfc062723c751e8b465ee728b)  -> (artifact id: 'e756033be461cd212251251d77f9a8a8') in 0.015411 seconds
Number of updated asset objects reloaded before import = 0
Number of asset objects unloaded after import = 11
========================================================================
Received Prepare
Begin MonoManager ReloadAssembly
- Loaded All Assemblies, in  0.523 seconds
Refreshing native plugins compatible for Editor in 3.37 ms, found 3 plugins.
Native extension for WindowsStandalone target not found
[Package Manager] Server::EnsureServerProcessIsRunning -- launch failed, reason: Unity was launched with the -noUpm command-line argument
[Package Manager] UpmClient::Send -- Unable to send message (not connected to UPM process).
[Package Manager] Cannot connect to Unity Package Manager local server
Mono: successfully reloaded assembly
- Finished resetting the current domain, in  1.497 seconds
Domain Reload Profiling: 2016ms
	BeginReloadAssembly (170ms)
		ExecutionOrderSort (0ms)
		DisableScriptedObjects (4ms)
		BackupInstance (0ms)
		ReleaseScriptingObjects (0ms)
		CreateAndSetChildDomain (39ms)
	RebuildCommonClasses (38ms)
	RebuildNativeTypeToScriptingClass (13ms)
	initialDomainReloadingComplete (35ms)
	LoadAllAssembliesAndSetupDomain (262ms)
		LoadAssemblies (339ms)
		RebuildTransferFunctionScriptingTraits (0ms)
		AnalyzeDomain (14ms)
			TypeCache.Refresh (6ms)
				TypeCache.ScanAssembly (0ms)
			ScanForSourceGeneratedMonoScriptInfo (0ms)
			ResolveRequiredComponents (6ms)
	FinalizeReload (1497ms)
		ReleaseScriptCaches (0ms)
		RebuildScriptCaches (0ms)
		SetupLoadedEditorAssemblies (597ms)
			LogAssemblyErrors (0ms)
			InitializePlatformSupportModulesInManaged (8ms)
			SetLoadedEditorAssemblies (6ms)
			RefreshPlugins (0ms)
			BeforeProcessingInitializeOnLoad (107ms)
			ProcessInitializeOnLoadAttributes (379ms)
			ProcessInitializeOnLoadMethodAttributes (83ms)
			AfterProcessingInitializeOnLoad (13ms)
			EditorAssembliesLoaded (0ms)
		ExecutionOrderSort2 (0ms)
		AwakeInstancesAfterBackupRestoration (14ms)
Refreshing native plugins compatible for Editor in 4.96 ms, found 3 plugins.
Preloading 0 native plugins for Editor in 0.00 ms.
Unloading 4237 Unused Serialized files (Serialized files now loaded: 0)
Unloading 42 unused Assets / (1.5 MB). Loaded Objects now: 4785.
Memory consumption went from 154.9 MB to 153.3 MB.
Total: 4.043200 ms (FindLiveObjects: 0.450100 ms CreateObjectMapping: 0.547300 ms MarkObjects: 2.709300 ms  DeleteObjects: 0.335400 ms)

Prepare: number of updated asset objects reloaded= 0
AssetImportParameters requested are different than current active one (requested -> active):
  custom:scripting/monoscript/fileName/MobileInput.cs: dfa415439f330b7749adb2ef7567c3e4 -> 
  custom:scripting/monoscript/fileName/InputAxisScrollbar.cs: ce23cb16d4e46181bfcdc67e0abad940 -> 
  custom:container-demuxer-ogg: 62fdf1f143b41e24485cea50d1cbac27 -> 
  custom:scripting/monoscript/fileName/ActivateTrigger.cs: c94789aa9e8004cad1e54b531012d83a -> 
  custom:scripting/monoscript/fileName/WaypointCircuit.cs: 54e952fb6b763eca02bad0728655deb7 -> 
  custom:scripting/monoscript/fileName/ParticleSystemDestroyer.cs: e9db870dc4c33b83d7965fdc6fe482f5 -> 
  custom:scripting/monoscript/fileName/CrossPlatformInputManager.cs: a6a27da3c2613aab4b889711813fe29f -> 
  custom:scripting/monoscript/fileName/DragRigidbody.cs: af6487145851a9f92f2704a8e0948d6e -> 
  custom:scripting/monoscript/fileName/SwitchMoveCorridor1.cs: e18a4ab88829bacbb09bf33c1c22da9c -> 
  custom:video-decoder-ogg-theora: a1e56fd34408186e4bbccfd4996cb3dc -> 
  custom:scripting/monoscript/fileName/LEDNode.cs: 0cbb8788d81d0adbef7edd514d2a97df -> 
  custom:framework-win-MediaFoundation: 216162199b28c13a410421893ffa2e32 -> 
  custom:scripting/monoscript/fileName/SwitchMoveCorridor2.cs: 2721f60a421ec9f8008c017da91b43e5 -> 
  custom:scripting/monoscript/fileName/TouchPad.cs: 71af049078ebd826d8919ba90a4412d3 -> 
  custom:scripting/monoscript/fileName/TiltInput.cs: 298cab2ca5ef1ae659d7256d2dbeb1ed -> 
  custom:scripting/monoscript/fileName/SmoothFollow.cs: a07fd7df12bc7fba739834867140f167 -> 
  custom:CustomObjectIndexerAttribute: 756ad292c208cfabdd7b50bc23989ffe -> 
  custom:scripting/monoscript/fileName/DynamicShadowSettings.cs: 325596f0baf85da0d965fea14b11bb8b -> 
  custom:scripting/monoscript/fileName/CurveControlledBob.cs: 90e86216bd5f53d9fe3087ae7bf389f1 -> 
  custom:scripting/monoscript/fileName/AutoMobileShaderSwitch.cs: e55bd94d791efdfd8def29f52dc8447b -> 
  custom:scripting/monoscript/fileName/AlphaButtonClickMask.cs: 0e8b09d4b0d299b77424ad90e670a9d2 -> 
  custom:container-demuxer-webm: 4f35f7cbe854078d1ac9338744f61a02 -> 
  custom:scripting/monoscript/fileName/StandaloneInput.cs: 8cfda68f78df3b7dc3040fdb29fc2cd1 -> 
  custom:scripting/monoscript/fileName/FOVKick.cs: c76896347c620802192507d0a92d05a3 -> 
  custom:scripting/monoscript/fileName/TimedObjectActivator.cs: 25495e754d3d277d8e763837b64bf2ba -> 
  custom:scripting/monoscript/fileName/WaypointProgressTracker.cs: fb6262ee8f74f6dc3758b58e5ee18955 -> 
  custom:scripting/monoscript/fileName/SimpleMouseRotator.cs: 9ea47a4777a3a00316a90faf1a6f313d -> 
  custom:container-muxer-webm: aa71ff27fc2769a1b78a27578f13a17b -> 
  custom:scripting/monoscript/fileName/ParticleSystemMultiplier.cs: 8c5eeca5294173db54ffca6ac53ee34e -> 
  custom:video-decoder-webm-vp8: 9c59270c3fd7afecdb556c50c9e8de78 -> 
  custom:scripting/monoscript/fileName/CameraRefocus.cs: 2faffd18ce20d29396a11c7a26d00f0b -> 
  custom:SearchIndexIgnoredProperties: e643bd26f0fe6173181afceb89e7c659 -> 
  custom:scripting/monoscript/fileName/TimedObjectDestructor.cs: bce1a4bbcc9460c16af8171b93c92130 -> 
  custom:AudioImporter_EditorPlatform: d09bf68614088b80899f8185d706f6e7 -> 
  custom:scripting/monoscript/fileName/MobileControlRig.cs: 3524fff44c8126dee0548f9b6ab19d53 -> 
  custom:scripting/monoscript/fileName/ForcedReset.cs: 5e1472355f934ab888fa0985eb71dfb5 -> 
  custom:scripting/monoscript/fileName/EventSystemChecker.cs: 7bccd0826881aa97be03516a055e060b -> 
  custom:scripting/monoscript/fileName/VirtualInput.cs: e290279061a851c625fb61c863776a94 -> 
  custom:scripting/monoscript/fileName/MouseLook.cs: 1413bf4c672f5aacfd2b457b6378eea6 -> 
  custom:scripting/monoscript/fileName/SimpleActivatorMenu.cs: 6dc7b15cc079b5666ea19a4bb40b684f -> 
  custom:scripting/monoscript/fileName/FPSCounter.cs: 18dc6752cae0b5546ca4b2dc0c7741f5 -> 
  custom:scripting/monoscript/fileName/LerpControlledBob.cs: e3f8ea665fb8f4533c1004d43455b6e7 -> 
  custom:scripting/monoscript/fileName/ButtonHandler.cs: e27d3f4c7505c394dad450c78dd6faf1 -> 
  custom:video-encoder-webm-vp8: eb34c28f22e8b96e1ab97ce403110664 -> 
  custom:scripting/monoscript/fileName/Bloom.cs: e200189c2f5040540b8f58b2d05eebda -> 6f6d579a64201b97313a62a1e91b3575
  custom:audio-decoder-ogg-vorbis: bf7c407c2cedff20999df2af8eb42d56 -> 
  custom:scripting/monoscript/fileName/AxisTouchButton.cs: 31be56f36d53422fd33aa4f9a14e630a -> 
  custom:scripting/monoscript/fileName/FollowTarget.cs: 93be4c02dc2bee8af48e06a6c7c2e042 -> 
  custom:scripting/monoscript/fileName/FirstPersonController.cs: 4fa5841f7a7dfdfcf291c3718c4ae3a2 -> 
  custom:scripting/monoscript/fileName/Joystick.cs: b54db918c885c01940a25acda1acd280 -> 
  custom:audio-encoder-webm-vorbis: bf7c407c2cedff20999df2af8eb42d56 -> 
  custom:scripting/monoscript/fileName/PlatformSpecificContent.cs: 5abb8e8ef7a06ce1842fe9ff26eac2dd -> 
  custom:scripting/monoscript/fileName/AutoMoveAndRotate.cs: ca0e96f72f32239308122375a052b980 -> 
  custom:scripting/monoscript/fileName/ObjectResetter.cs: 037abf2de53ab0026436c32f7a941658 -> 
========================================================================
Received Prepare
Begin MonoManager ReloadAssembly
- Loaded All Assemblies, in  0.627 seconds
Refreshing native plugins compatible for Editor in 3.58 ms, found 3 plugins.
Native extension for WindowsStandalone target not found
[Package Manager] Server::EnsureServerProcessIsRunning -- launch failed, reason: Unity was launched with the -noUpm command-line argument
[Package Manager] UpmClient::Send -- Unable to send message (not connected to UPM process).
[Package Manager] Cannot connect to Unity Package Manager local server
Mono: successfully reloaded assembly
- Finished resetting the current domain, in  1.493 seconds
Domain Reload Profiling: 2115ms
	BeginReloadAssembly (221ms)
		ExecutionOrderSort (0ms)
		DisableScriptedObjects (5ms)
		BackupInstance (0ms)
		ReleaseScriptingObjects (0ms)
		CreateAndSetChildDomain (58ms)
	RebuildCommonClasses (43ms)
	RebuildNativeTypeToScriptingClass (14ms)
	initialDomainReloadingComplete (36ms)
	LoadAllAssembliesAndSetupDomain (308ms)
		LoadAssemblies (409ms)
		RebuildTransferFunctionScriptingTraits (0ms)
		AnalyzeDomain (17ms)
			TypeCache.Refresh (8ms)
				TypeCache.ScanAssembly (0ms)
			ScanForSourceGeneratedMonoScriptInfo (0ms)
			ResolveRequiredComponents (7ms)
	FinalizeReload (1493ms)
		ReleaseScriptCaches (0ms)
		RebuildScriptCaches (0ms)
		SetupLoadedEditorAssemblies (593ms)
			LogAssemblyErrors (0ms)
			InitializePlatformSupportModulesInManaged (8ms)
			SetLoadedEditorAssemblies (7ms)
			RefreshPlugins (0ms)
			BeforeProcessingInitializeOnLoad (108ms)
			ProcessInitializeOnLoadAttributes (380ms)
			ProcessInitializeOnLoadMethodAttributes (78ms)
			AfterProcessingInitializeOnLoad (11ms)
			EditorAssembliesLoaded (0ms)
		ExecutionOrderSort2 (0ms)
		AwakeInstancesAfterBackupRestoration (17ms)
Refreshing native plugins compatible for Editor in 4.55 ms, found 3 plugins.
Preloading 0 native plugins for Editor in 0.00 ms.
Unloading 4238 Unused Serialized files (Serialized files now loaded: 0)
Unloading 42 unused Assets / (1.5 MB). Loaded Objects now: 4788.
Memory consumption went from 155.1 MB to 153.6 MB.
Total: 4.850800 ms (FindLiveObjects: 0.845000 ms CreateObjectMapping: 0.766600 ms MarkObjects: 2.875900 ms  DeleteObjects: 0.362000 ms)

Prepare: number of updated asset objects reloaded= 0
AssetImportParameters requested are different than current active one (requested -> active):
  custom:scripting/monoscript/fileName/MobileInput.cs: dfa415439f330b7749adb2ef7567c3e4 -> 
  custom:scripting/monoscript/fileName/InputAxisScrollbar.cs: ce23cb16d4e46181bfcdc67e0abad940 -> 
  custom:container-demuxer-ogg: 62fdf1f143b41e24485cea50d1cbac27 -> 
  custom:scripting/monoscript/fileName/ActivateTrigger.cs: c94789aa9e8004cad1e54b531012d83a -> 
  custom:scripting/monoscript/fileName/WaypointCircuit.cs: 54e952fb6b763eca02bad0728655deb7 -> 
  custom:scripting/monoscript/fileName/ParticleSystemDestroyer.cs: e9db870dc4c33b83d7965fdc6fe482f5 -> 
  custom:scripting/monoscript/fileName/CrossPlatformInputManager.cs: a6a27da3c2613aab4b889711813fe29f -> 
  custom:scripting/monoscript/fileName/DragRigidbody.cs: af6487145851a9f92f2704a8e0948d6e -> 
  custom:scripting/monoscript/fileName/SwitchMoveCorridor1.cs: e18a4ab88829bacbb09bf33c1c22da9c -> 
  custom:video-decoder-ogg-theora: a1e56fd34408186e4bbccfd4996cb3dc -> 
  custom:scripting/monoscript/fileName/LEDNode.cs: 0cbb8788d81d0adbef7edd514d2a97df -> 
  custom:framework-win-MediaFoundation: 216162199b28c13a410421893ffa2e32 -> 
  custom:scripting/monoscript/fileName/SwitchMoveCorridor2.cs: 2721f60a421ec9f8008c017da91b43e5 -> 
  custom:scripting/monoscript/fileName/TouchPad.cs: 71af049078ebd826d8919ba90a4412d3 -> 
  custom:scripting/monoscript/fileName/TiltInput.cs: 298cab2ca5ef1ae659d7256d2dbeb1ed -> 
  custom:scripting/monoscript/fileName/SmoothFollow.cs: a07fd7df12bc7fba739834867140f167 -> 
  custom:CustomObjectIndexerAttribute: 756ad292c208cfabdd7b50bc23989ffe -> 
  custom:scripting/monoscript/fileName/DynamicShadowSettings.cs: 325596f0baf85da0d965fea14b11bb8b -> 
  custom:scripting/monoscript/fileName/CurveControlledBob.cs: 90e86216bd5f53d9fe3087ae7bf389f1 -> 
  custom:scripting/monoscript/fileName/AutoMobileShaderSwitch.cs: e55bd94d791efdfd8def29f52dc8447b -> 
  custom:scripting/monoscript/fileName/AlphaButtonClickMask.cs: 0e8b09d4b0d299b77424ad90e670a9d2 -> 
  custom:container-demuxer-webm: 4f35f7cbe854078d1ac9338744f61a02 -> 
  custom:scripting/monoscript/fileName/StandaloneInput.cs: 8cfda68f78df3b7dc3040fdb29fc2cd1 -> 
  custom:scripting/monoscript/fileName/FOVKick.cs: c76896347c620802192507d0a92d05a3 -> 
  custom:scripting/monoscript/fileName/TimedObjectActivator.cs: 25495e754d3d277d8e763837b64bf2ba -> 
  custom:scripting/monoscript/fileName/WaypointProgressTracker.cs: fb6262ee8f74f6dc3758b58e5ee18955 -> 
  custom:scripting/monoscript/fileName/SimpleMouseRotator.cs: 9ea47a4777a3a00316a90faf1a6f313d -> 
  custom:container-muxer-webm: aa71ff27fc2769a1b78a27578f13a17b -> 
  custom:scripting/monoscript/fileName/ParticleSystemMultiplier.cs: 8c5eeca5294173db54ffca6ac53ee34e -> 
  custom:video-decoder-webm-vp8: 9c59270c3fd7afecdb556c50c9e8de78 -> 
  custom:scripting/monoscript/fileName/CameraRefocus.cs: 2faffd18ce20d29396a11c7a26d00f0b -> 
  custom:SearchIndexIgnoredProperties: e643bd26f0fe6173181afceb89e7c659 -> 
  custom:scripting/monoscript/fileName/TimedObjectDestructor.cs: bce1a4bbcc9460c16af8171b93c92130 -> 
  custom:AudioImporter_EditorPlatform: d09bf68614088b80899f8185d706f6e7 -> 
  custom:scripting/monoscript/fileName/MobileControlRig.cs: 3524fff44c8126dee0548f9b6ab19d53 -> 
  custom:scripting/monoscript/fileName/ForcedReset.cs: 5e1472355f934ab888fa0985eb71dfb5 -> 
  custom:scripting/monoscript/fileName/EventSystemChecker.cs: 7bccd0826881aa97be03516a055e060b -> 
  custom:scripting/monoscript/fileName/VirtualInput.cs: e290279061a851c625fb61c863776a94 -> 
  custom:scripting/monoscript/fileName/MouseLook.cs: 1413bf4c672f5aacfd2b457b6378eea6 -> 
  custom:scripting/monoscript/fileName/SimpleActivatorMenu.cs: 6dc7b15cc079b5666ea19a4bb40b684f -> 
  custom:scripting/monoscript/fileName/FPSCounter.cs: 18dc6752cae0b5546ca4b2dc0c7741f5 -> 
  custom:scripting/monoscript/fileName/LerpControlledBob.cs: e3f8ea665fb8f4533c1004d43455b6e7 -> 
  custom:scripting/monoscript/fileName/ButtonHandler.cs: e27d3f4c7505c394dad450c78dd6faf1 -> 
  custom:video-encoder-webm-vp8: eb34c28f22e8b96e1ab97ce403110664 -> 
  custom:scripting/monoscript/fileName/Bloom.cs: e200189c2f5040540b8f58b2d05eebda -> 6f6d579a64201b97313a62a1e91b3575
  custom:audio-decoder-ogg-vorbis: bf7c407c2cedff20999df2af8eb42d56 -> 
  custom:scripting/monoscript/fileName/AxisTouchButton.cs: 31be56f36d53422fd33aa4f9a14e630a -> 
  custom:scripting/monoscript/fileName/FollowTarget.cs: 93be4c02dc2bee8af48e06a6c7c2e042 -> 
  custom:scripting/monoscript/fileName/FirstPersonController.cs: 4fa5841f7a7dfdfcf291c3718c4ae3a2 -> 
  custom:scripting/monoscript/fileName/Joystick.cs: b54db918c885c01940a25acda1acd280 -> 
  custom:audio-encoder-webm-vorbis: bf7c407c2cedff20999df2af8eb42d56 -> 
  custom:scripting/monoscript/fileName/PlatformSpecificContent.cs: 5abb8e8ef7a06ce1842fe9ff26eac2dd -> 
  custom:scripting/monoscript/fileName/AutoMoveAndRotate.cs: ca0e96f72f32239308122375a052b980 -> 
  custom:scripting/monoscript/fileName/ObjectResetter.cs: 037abf2de53ab0026436c32f7a941658 -> 
========================================================================
Received Prepare
Begin MonoManager ReloadAssembly
- Loaded All Assemblies, in  0.537 seconds
Refreshing native plugins compatible for Editor in 4.39 ms, found 3 plugins.
Native extension for WindowsStandalone target not found
[Package Manager] Server::EnsureServerProcessIsRunning -- launch failed, reason: Unity was launched with the -noUpm command-line argument
[Package Manager] UpmClient::Send -- Unable to send message (not connected to UPM process).
[Package Manager] Cannot connect to Unity Package Manager local server
Mono: successfully reloaded assembly
- Finished resetting the current domain, in  1.530 seconds
Domain Reload Profiling: 2064ms
	BeginReloadAssembly (162ms)
		ExecutionOrderSort (0ms)
		DisableScriptedObjects (4ms)
		BackupInstance (0ms)
		ReleaseScriptingObjects (0ms)
		CreateAndSetChildDomain (34ms)
	RebuildCommonClasses (37ms)
	RebuildNativeTypeToScriptingClass (12ms)
	initialDomainReloadingComplete (34ms)
	LoadAllAssembliesAndSetupDomain (288ms)
		LoadAssemblies (358ms)
		RebuildTransferFunctionScriptingTraits (0ms)
		AnalyzeDomain (17ms)
			TypeCache.Refresh (9ms)
				TypeCache.ScanAssembly (0ms)
			ScanForSourceGeneratedMonoScriptInfo (0ms)
			ResolveRequiredComponents (6ms)
	FinalizeReload (1531ms)
		ReleaseScriptCaches (0ms)
		RebuildScriptCaches (0ms)
		SetupLoadedEditorAssemblies (592ms)
			LogAssemblyErrors (0ms)
			InitializePlatformSupportModulesInManaged (8ms)
			SetLoadedEditorAssemblies (7ms)
			RefreshPlugins (0ms)
			BeforeProcessingInitializeOnLoad (106ms)
			ProcessInitializeOnLoadAttributes (373ms)
			ProcessInitializeOnLoadMethodAttributes (83ms)
			AfterProcessingInitializeOnLoad (13ms)
			EditorAssembliesLoaded (0ms)
		ExecutionOrderSort2 (0ms)
		AwakeInstancesAfterBackupRestoration (15ms)
Refreshing native plugins compatible for Editor in 5.95 ms, found 3 plugins.
Preloading 0 native plugins for Editor in 0.00 ms.
Unloading 4238 Unused Serialized files (Serialized files now loaded: 0)
Unloading 42 unused Assets / (1.5 MB). Loaded Objects now: 4791.
Memory consumption went from 155.1 MB to 153.6 MB.
Total: 7.992900 ms (FindLiveObjects: 1.074400 ms CreateObjectMapping: 1.476400 ms MarkObjects: 4.767500 ms  DeleteObjects: 0.672900 ms)

Prepare: number of updated asset objects reloaded= 0
AssetImportParameters requested are different than current active one (requested -> active):
  custom:scripting/monoscript/fileName/MobileInput.cs: dfa415439f330b7749adb2ef7567c3e4 -> 
  custom:scripting/monoscript/fileName/InputAxisScrollbar.cs: ce23cb16d4e46181bfcdc67e0abad940 -> 
  custom:container-demuxer-ogg: 62fdf1f143b41e24485cea50d1cbac27 -> 
  custom:scripting/monoscript/fileName/ActivateTrigger.cs: c94789aa9e8004cad1e54b531012d83a -> 
  custom:scripting/monoscript/fileName/WaypointCircuit.cs: 54e952fb6b763eca02bad0728655deb7 -> 
  custom:scripting/monoscript/fileName/ParticleSystemDestroyer.cs: e9db870dc4c33b83d7965fdc6fe482f5 -> 
  custom:scripting/monoscript/fileName/CrossPlatformInputManager.cs: a6a27da3c2613aab4b889711813fe29f -> 
  custom:scripting/monoscript/fileName/DragRigidbody.cs: af6487145851a9f92f2704a8e0948d6e -> 
  custom:scripting/monoscript/fileName/SwitchMoveCorridor1.cs: e18a4ab88829bacbb09bf33c1c22da9c -> 
  custom:video-decoder-ogg-theora: a1e56fd34408186e4bbccfd4996cb3dc -> 
  custom:scripting/monoscript/fileName/LEDNode.cs: 0cbb8788d81d0adbef7edd514d2a97df -> 
  custom:framework-win-MediaFoundation: 216162199b28c13a410421893ffa2e32 -> 
  custom:scripting/monoscript/fileName/SwitchMoveCorridor2.cs: 2721f60a421ec9f8008c017da91b43e5 -> 
  custom:scripting/monoscript/fileName/TouchPad.cs: 71af049078ebd826d8919ba90a4412d3 -> 
  custom:scripting/monoscript/fileName/TiltInput.cs: 298cab2ca5ef1ae659d7256d2dbeb1ed -> 
  custom:scripting/monoscript/fileName/SmoothFollow.cs: a07fd7df12bc7fba739834867140f167 -> 
  custom:CustomObjectIndexerAttribute: 756ad292c208cfabdd7b50bc23989ffe -> 
  custom:scripting/monoscript/fileName/DynamicShadowSettings.cs: 325596f0baf85da0d965fea14b11bb8b -> 
  custom:scripting/monoscript/fileName/CurveControlledBob.cs: 90e86216bd5f53d9fe3087ae7bf389f1 -> 
  custom:scripting/monoscript/fileName/AutoMobileShaderSwitch.cs: e55bd94d791efdfd8def29f52dc8447b -> 
  custom:scripting/monoscript/fileName/AlphaButtonClickMask.cs: 0e8b09d4b0d299b77424ad90e670a9d2 -> 
  custom:container-demuxer-webm: 4f35f7cbe854078d1ac9338744f61a02 -> 
  custom:scripting/monoscript/fileName/StandaloneInput.cs: 8cfda68f78df3b7dc3040fdb29fc2cd1 -> 
  custom:scripting/monoscript/fileName/FOVKick.cs: c76896347c620802192507d0a92d05a3 -> 
  custom:scripting/monoscript/fileName/TimedObjectActivator.cs: 25495e754d3d277d8e763837b64bf2ba -> 
  custom:scripting/monoscript/fileName/WaypointProgressTracker.cs: fb6262ee8f74f6dc3758b58e5ee18955 -> 
  custom:scripting/monoscript/fileName/SimpleMouseRotator.cs: 9ea47a4777a3a00316a90faf1a6f313d -> 
  custom:container-muxer-webm: aa71ff27fc2769a1b78a27578f13a17b -> 
  custom:scripting/monoscript/fileName/ParticleSystemMultiplier.cs: 8c5eeca5294173db54ffca6ac53ee34e -> 
  custom:video-decoder-webm-vp8: 9c59270c3fd7afecdb556c50c9e8de78 -> 
  custom:scripting/monoscript/fileName/CameraRefocus.cs: 2faffd18ce20d29396a11c7a26d00f0b -> 
  custom:SearchIndexIgnoredProperties: e643bd26f0fe6173181afceb89e7c659 -> 
  custom:scripting/monoscript/fileName/TimedObjectDestructor.cs: bce1a4bbcc9460c16af8171b93c92130 -> 
  custom:AudioImporter_EditorPlatform: d09bf68614088b80899f8185d706f6e7 -> 
  custom:scripting/monoscript/fileName/MobileControlRig.cs: 3524fff44c8126dee0548f9b6ab19d53 -> 
  custom:scripting/monoscript/fileName/ForcedReset.cs: 5e1472355f934ab888fa0985eb71dfb5 -> 
  custom:scripting/monoscript/fileName/EventSystemChecker.cs: 7bccd0826881aa97be03516a055e060b -> 
  custom:scripting/monoscript/fileName/VirtualInput.cs: e290279061a851c625fb61c863776a94 -> 
  custom:scripting/monoscript/fileName/MouseLook.cs: 1413bf4c672f5aacfd2b457b6378eea6 -> 
  custom:scripting/monoscript/fileName/SimpleActivatorMenu.cs: 6dc7b15cc079b5666ea19a4bb40b684f -> 
  custom:scripting/monoscript/fileName/FPSCounter.cs: 18dc6752cae0b5546ca4b2dc0c7741f5 -> 
  custom:scripting/monoscript/fileName/LerpControlledBob.cs: e3f8ea665fb8f4533c1004d43455b6e7 -> 
  custom:scripting/monoscript/fileName/ButtonHandler.cs: e27d3f4c7505c394dad450c78dd6faf1 -> 
  custom:video-encoder-webm-vp8: eb34c28f22e8b96e1ab97ce403110664 -> 
  custom:scripting/monoscript/fileName/Bloom.cs: e200189c2f5040540b8f58b2d05eebda -> 6f6d579a64201b97313a62a1e91b3575
  custom:audio-decoder-ogg-vorbis: bf7c407c2cedff20999df2af8eb42d56 -> 
  custom:scripting/monoscript/fileName/AxisTouchButton.cs: 31be56f36d53422fd33aa4f9a14e630a -> 
  custom:scripting/monoscript/fileName/FollowTarget.cs: 93be4c02dc2bee8af48e06a6c7c2e042 -> 
  custom:scripting/monoscript/fileName/FirstPersonController.cs: 4fa5841f7a7dfdfcf291c3718c4ae3a2 -> 
  custom:scripting/monoscript/fileName/Joystick.cs: b54db918c885c01940a25acda1acd280 -> 
  custom:audio-encoder-webm-vorbis: bf7c407c2cedff20999df2af8eb42d56 -> 
  custom:scripting/monoscript/fileName/PlatformSpecificContent.cs: 5abb8e8ef7a06ce1842fe9ff26eac2dd -> 
  custom:scripting/monoscript/fileName/AutoMoveAndRotate.cs: ca0e96f72f32239308122375a052b980 -> 
  custom:scripting/monoscript/fileName/ObjectResetter.cs: 037abf2de53ab0026436c32f7a941658 -> 
========================================================================
Received Prepare
Begin MonoManager ReloadAssembly
- Loaded All Assemblies, in  0.516 seconds
Refreshing native plugins compatible for Editor in 3.64 ms, found 3 plugins.
Native extension for WindowsStandalone target not found
[Package Manager] Server::EnsureServerProcessIsRunning -- launch failed, reason: Unity was launched with the -noUpm command-line argument
[Package Manager] UpmClient::Send -- Unable to send message (not connected to UPM process).
[Package Manager] Cannot connect to Unity Package Manager local server
Mono: successfully reloaded assembly
- Finished resetting the current domain, in  1.320 seconds
Domain Reload Profiling: 1832ms
	BeginReloadAssembly (172ms)
		ExecutionOrderSort (0ms)
		DisableScriptedObjects (4ms)
		BackupInstance (0ms)
		ReleaseScriptingObjects (0ms)
		CreateAndSetChildDomain (46ms)
	RebuildCommonClasses (34ms)
	RebuildNativeTypeToScriptingClass (12ms)
	initialDomainReloadingComplete (31ms)
	LoadAllAssembliesAndSetupDomain (262ms)
		LoadAssemblies (337ms)
		RebuildTransferFunctionScriptingTraits (0ms)
		AnalyzeDomain (13ms)
			TypeCache.Refresh (6ms)
				TypeCache.ScanAssembly (0ms)
			ScanForSourceGeneratedMonoScriptInfo (0ms)
			ResolveRequiredComponents (6ms)
	FinalizeReload (1320ms)
		ReleaseScriptCaches (0ms)
		RebuildScriptCaches (0ms)
		SetupLoadedEditorAssemblies (560ms)
			LogAssemblyErrors (0ms)
			InitializePlatformSupportModulesInManaged (8ms)
			SetLoadedEditorAssemblies (5ms)
			RefreshPlugins (0ms)
			BeforeProcessingInitializeOnLoad (99ms)
			ProcessInitializeOnLoadAttributes (354ms)
			ProcessInitializeOnLoadMethodAttributes (83ms)
			AfterProcessingInitializeOnLoad (11ms)
			EditorAssembliesLoaded (0ms)
		ExecutionOrderSort2 (0ms)
		AwakeInstancesAfterBackupRestoration (15ms)
Refreshing native plugins compatible for Editor in 3.93 ms, found 3 plugins.
Preloading 0 native plugins for Editor in 0.00 ms.
Unloading 4238 Unused Serialized files (Serialized files now loaded: 0)
Unloading 42 unused Assets / (1.5 MB). Loaded Objects now: 4794.
Memory consumption went from 155.1 MB to 153.6 MB.
Total: 4.122400 ms (FindLiveObjects: 0.572700 ms CreateObjectMapping: 0.422800 ms MarkObjects: 2.808500 ms  DeleteObjects: 0.317100 ms)

Prepare: number of updated asset objects reloaded= 0
AssetImportParameters requested are different than current active one (requested -> active):
  custom:scripting/monoscript/fileName/MobileInput.cs: dfa415439f330b7749adb2ef7567c3e4 -> 
  custom:scripting/monoscript/fileName/InputAxisScrollbar.cs: ce23cb16d4e46181bfcdc67e0abad940 -> 
  custom:container-demuxer-ogg: 62fdf1f143b41e24485cea50d1cbac27 -> 
  custom:scripting/monoscript/fileName/ActivateTrigger.cs: c94789aa9e8004cad1e54b531012d83a -> 
  custom:scripting/monoscript/fileName/WaypointCircuit.cs: 54e952fb6b763eca02bad0728655deb7 -> 
  custom:scripting/monoscript/fileName/ParticleSystemDestroyer.cs: e9db870dc4c33b83d7965fdc6fe482f5 -> 
  custom:scripting/monoscript/fileName/CrossPlatformInputManager.cs: a6a27da3c2613aab4b889711813fe29f -> 
  custom:scripting/monoscript/fileName/DragRigidbody.cs: af6487145851a9f92f2704a8e0948d6e -> 
  custom:scripting/monoscript/fileName/SwitchMoveCorridor1.cs: e18a4ab88829bacbb09bf33c1c22da9c -> 
  custom:video-decoder-ogg-theora: a1e56fd34408186e4bbccfd4996cb3dc -> 
  custom:scripting/monoscript/fileName/LEDNode.cs: 0cbb8788d81d0adbef7edd514d2a97df -> 
  custom:framework-win-MediaFoundation: 216162199b28c13a410421893ffa2e32 -> 
  custom:scripting/monoscript/fileName/SwitchMoveCorridor2.cs: 2721f60a421ec9f8008c017da91b43e5 -> 
  custom:scripting/monoscript/fileName/TouchPad.cs: 71af049078ebd826d8919ba90a4412d3 -> 
  custom:scripting/monoscript/fileName/TiltInput.cs: 298cab2ca5ef1ae659d7256d2dbeb1ed -> 
  custom:scripting/monoscript/fileName/SmoothFollow.cs: a07fd7df12bc7fba739834867140f167 -> 
  custom:CustomObjectIndexerAttribute: 756ad292c208cfabdd7b50bc23989ffe -> 
  custom:scripting/monoscript/fileName/DynamicShadowSettings.cs: 325596f0baf85da0d965fea14b11bb8b -> 
  custom:scripting/monoscript/fileName/CurveControlledBob.cs: 90e86216bd5f53d9fe3087ae7bf389f1 -> 
  custom:scripting/monoscript/fileName/AutoMobileShaderSwitch.cs: e55bd94d791efdfd8def29f52dc8447b -> 
  custom:scripting/monoscript/fileName/AlphaButtonClickMask.cs: 0e8b09d4b0d299b77424ad90e670a9d2 -> 
  custom:container-demuxer-webm: 4f35f7cbe854078d1ac9338744f61a02 -> 
  custom:scripting/monoscript/fileName/StandaloneInput.cs: 8cfda68f78df3b7dc3040fdb29fc2cd1 -> 
  custom:scripting/monoscript/fileName/FOVKick.cs: c76896347c620802192507d0a92d05a3 -> 
  custom:scripting/monoscript/fileName/TimedObjectActivator.cs: 25495e754d3d277d8e763837b64bf2ba -> 
  custom:scripting/monoscript/fileName/WaypointProgressTracker.cs: fb6262ee8f74f6dc3758b58e5ee18955 -> 
  custom:scripting/monoscript/fileName/SimpleMouseRotator.cs: 9ea47a4777a3a00316a90faf1a6f313d -> 
  custom:container-muxer-webm: aa71ff27fc2769a1b78a27578f13a17b -> 
  custom:scripting/monoscript/fileName/ParticleSystemMultiplier.cs: 8c5eeca5294173db54ffca6ac53ee34e -> 
  custom:video-decoder-webm-vp8: 9c59270c3fd7afecdb556c50c9e8de78 -> 
  custom:scripting/monoscript/fileName/CameraRefocus.cs: 2faffd18ce20d29396a11c7a26d00f0b -> 
  custom:SearchIndexIgnoredProperties: e643bd26f0fe6173181afceb89e7c659 -> 
  custom:scripting/monoscript/fileName/TimedObjectDestructor.cs: bce1a4bbcc9460c16af8171b93c92130 -> 
  custom:AudioImporter_EditorPlatform: d09bf68614088b80899f8185d706f6e7 -> 
  custom:scripting/monoscript/fileName/MobileControlRig.cs: 3524fff44c8126dee0548f9b6ab19d53 -> 
  custom:scripting/monoscript/fileName/ForcedReset.cs: 5e1472355f934ab888fa0985eb71dfb5 -> 
  custom:scripting/monoscript/fileName/EventSystemChecker.cs: 7bccd0826881aa97be03516a055e060b -> 
  custom:scripting/monoscript/fileName/VirtualInput.cs: e290279061a851c625fb61c863776a94 -> 
  custom:scripting/monoscript/fileName/MouseLook.cs: 1413bf4c672f5aacfd2b457b6378eea6 -> 
  custom:scripting/monoscript/fileName/SimpleActivatorMenu.cs: 6dc7b15cc079b5666ea19a4bb40b684f -> 
  custom:scripting/monoscript/fileName/FPSCounter.cs: 18dc6752cae0b5546ca4b2dc0c7741f5 -> 
  custom:scripting/monoscript/fileName/LerpControlledBob.cs: e3f8ea665fb8f4533c1004d43455b6e7 -> 
  custom:scripting/monoscript/fileName/ButtonHandler.cs: e27d3f4c7505c394dad450c78dd6faf1 -> 
  custom:video-encoder-webm-vp8: eb34c28f22e8b96e1ab97ce403110664 -> 
  custom:scripting/monoscript/fileName/Bloom.cs: e200189c2f5040540b8f58b2d05eebda -> 6f6d579a64201b97313a62a1e91b3575
  custom:audio-decoder-ogg-vorbis: bf7c407c2cedff20999df2af8eb42d56 -> 
  custom:scripting/monoscript/fileName/AxisTouchButton.cs: 31be56f36d53422fd33aa4f9a14e630a -> 
  custom:scripting/monoscript/fileName/FollowTarget.cs: 93be4c02dc2bee8af48e06a6c7c2e042 -> 
  custom:scripting/monoscript/fileName/FirstPersonController.cs: 4fa5841f7a7dfdfcf291c3718c4ae3a2 -> 
  custom:scripting/monoscript/fileName/Joystick.cs: b54db918c885c01940a25acda1acd280 -> 
  custom:audio-encoder-webm-vorbis: bf7c407c2cedff20999df2af8eb42d56 -> 
  custom:scripting/monoscript/fileName/PlatformSpecificContent.cs: 5abb8e8ef7a06ce1842fe9ff26eac2dd -> 
  custom:scripting/monoscript/fileName/AutoMoveAndRotate.cs: ca0e96f72f32239308122375a052b980 -> 
  custom:scripting/monoscript/fileName/ObjectResetter.cs: 037abf2de53ab0026436c32f7a941658 -> 
========================================================================
Received Import Request.
  Time since last request: 337.293319 seconds.
  path: Assets/Scenes/SampleScene.unity
  artifactKey: Guid(9fc0d4010bbf28b4594072e72b8655ab) Importer(815301076,1909f56bfc062723c751e8b465ee728b)
Start importing Assets/Scenes/SampleScene.unity using Guid(9fc0d4010bbf28b4594072e72b8655ab) Importer(815301076,1909f56bfc062723c751e8b465ee728b)  -> (artifact id: '6b905f5750a48bc8f2473b47784fdcb5') in 0.004542 seconds
Number of updated asset objects reloaded before import = 0
Number of asset objects unloaded after import = 0
========================================================================
Received Import Request.
  Time since last request: 26.278254 seconds.
  path: Assets/_Kelhem_Bedroom/Scenes/Demo
  artifactKey: Guid(ba7fd1b78d66ddc449b87b321f9bab66) Importer(815301076,1909f56bfc062723c751e8b465ee728b)
Start importing Assets/_Kelhem_Bedroom/Scenes/Demo using Guid(ba7fd1b78d66ddc449b87b321f9bab66) Importer(815301076,1909f56bfc062723c751e8b465ee728b)  -> (artifact id: '1f33718da605e878e4ddb955293b71ac') in 0.000860 seconds
Number of updated asset objects reloaded before import = 0
Number of asset objects unloaded after import = 0
========================================================================
Received Import Request.
  Time since last request: 0.060104 seconds.
  path: Assets/_Kelhem_Bedroom/Scenes/Demo/LightingData.asset
  artifactKey: Guid(87988d458250a4f4fb25863b88da535d) Importer(815301076,1909f56bfc062723c751e8b465ee728b)
Start importing Assets/_Kelhem_Bedroom/Scenes/Demo/LightingData.asset using Guid(87988d458250a4f4fb25863b88da535d) Importer(815301076,1909f56bfc062723c751e8b465ee728b)  -> (artifact id: '92ccc1b6ebf4a8c9267a86901cf29348') in 0.023250 seconds
Number of updated asset objects reloaded before import = 0
Number of asset objects unloaded after import = 1
========================================================================
Received Import Request.
  Time since last request: 0.000022 seconds.
  path: Assets/_Kelhem_Bedroom/Scenes/Demo/Lightmap-1_comp_light.exr
  artifactKey: Guid(ec447d3821af6c04ab38a82862c1f334) Importer(815301076,1909f56bfc062723c751e8b465ee728b)
Start importing Assets/_Kelhem_Bedroom/Scenes/Demo/Lightmap-1_comp_light.exr using Guid(ec447d3821af6c04ab38a82862c1f334) Importer(815301076,1909f56bfc062723c751e8b465ee728b)  -> (artifact id: 'ecd464a5c9cb715f9f3e8431e2dcb2d3') in 0.059109 seconds
Number of updated asset objects reloaded before import = 0
Number of asset objects unloaded after import = 2
========================================================================
Received Import Request.
  Time since last request: 0.000039 seconds.
  path: Assets/_Kelhem_Bedroom/Scenes/Demo/Lightmap-0_comp_light.exr
  artifactKey: Guid(662484a530ea8204f8e47690d15f544f) Importer(815301076,1909f56bfc062723c751e8b465ee728b)
Start importing Assets/_Kelhem_Bedroom/Scenes/Demo/Lightmap-0_comp_light.exr using Guid(662484a530ea8204f8e47690d15f544f) Importer(815301076,1909f56bfc062723c751e8b465ee728b)  -> (artifact id: '3bfc4a7862c3d31f60581a3a90de87ca') in 0.017755 seconds
Number of updated asset objects reloaded before import = 0
Number of asset objects unloaded after import = 2
========================================================================
Received Prepare
Begin MonoManager ReloadAssembly
- Loaded All Assemblies, in  0.494 seconds
Refreshing native plugins compatible for Editor in 3.42 ms, found 3 plugins.
Native extension for WindowsStandalone target not found
[Package Manager] Server::EnsureServerProcessIsRunning -- launch failed, reason: Unity was launched with the -noUpm command-line argument
[Package Manager] UpmClient::Send -- Unable to send message (not connected to UPM process).
[Package Manager] Cannot connect to Unity Package Manager local server
Mono: successfully reloaded assembly
- Finished resetting the current domain, in  1.255 seconds
Domain Reload Profiling: 1745ms
	BeginReloadAssembly (161ms)
		ExecutionOrderSort (0ms)
		DisableScriptedObjects (4ms)
		BackupInstance (0ms)
		ReleaseScriptingObjects (0ms)
		CreateAndSetChildDomain (36ms)
	RebuildCommonClasses (35ms)
	RebuildNativeTypeToScriptingClass (12ms)
	initialDomainReloadingComplete (31ms)
	LoadAllAssembliesAndSetupDomain (251ms)
		LoadAssemblies (325ms)
		RebuildTransferFunctionScriptingTraits (0ms)
		AnalyzeDomain (14ms)
			TypeCache.Refresh (6ms)
				TypeCache.ScanAssembly (0ms)
			ScanForSourceGeneratedMonoScriptInfo (0ms)
			ResolveRequiredComponents (7ms)
	FinalizeReload (1255ms)
		ReleaseScriptCaches (0ms)
		RebuildScriptCaches (0ms)
		SetupLoadedEditorAssemblies (531ms)
			LogAssemblyErrors (0ms)
			InitializePlatformSupportModulesInManaged (7ms)
			SetLoadedEditorAssemblies (4ms)
			RefreshPlugins (0ms)
			BeforeProcessingInitializeOnLoad (86ms)
			ProcessInitializeOnLoadAttributes (351ms)
			ProcessInitializeOnLoadMethodAttributes (71ms)
			AfterProcessingInitializeOnLoad (12ms)
			EditorAssembliesLoaded (0ms)
		ExecutionOrderSort2 (0ms)
		AwakeInstancesAfterBackupRestoration (15ms)
Refreshing native plugins compatible for Editor in 3.16 ms, found 3 plugins.
Preloading 0 native plugins for Editor in 0.00 ms.
Unloading 4237 Unused Serialized files (Serialized files now loaded: 0)
Unloading 42 unused Assets / (1.5 MB). Loaded Objects now: 4799.
Memory consumption went from 154.9 MB to 153.4 MB.
Total: 3.312800 ms (FindLiveObjects: 0.381100 ms CreateObjectMapping: 0.357300 ms MarkObjects: 2.318200 ms  DeleteObjects: 0.255400 ms)

Prepare: number of updated asset objects reloaded= 0
AssetImportParameters requested are different than current active one (requested -> active):
  custom:scripting/monoscript/fileName/MobileInput.cs: dfa415439f330b7749adb2ef7567c3e4 -> 
  custom:scripting/monoscript/fileName/InputAxisScrollbar.cs: ce23cb16d4e46181bfcdc67e0abad940 -> 
  custom:container-demuxer-ogg: 62fdf1f143b41e24485cea50d1cbac27 -> 
  custom:scripting/monoscript/fileName/ActivateTrigger.cs: c94789aa9e8004cad1e54b531012d83a -> 
  custom:scripting/monoscript/fileName/WaypointCircuit.cs: 54e952fb6b763eca02bad0728655deb7 -> 
  custom:scripting/monoscript/fileName/ParticleSystemDestroyer.cs: e9db870dc4c33b83d7965fdc6fe482f5 -> 
  custom:scripting/monoscript/fileName/CrossPlatformInputManager.cs: a6a27da3c2613aab4b889711813fe29f -> 
  custom:scripting/monoscript/fileName/DragRigidbody.cs: af6487145851a9f92f2704a8e0948d6e -> 
  custom:scripting/monoscript/fileName/SwitchMoveCorridor1.cs: e18a4ab88829bacbb09bf33c1c22da9c -> 
  custom:video-decoder-ogg-theora: a1e56fd34408186e4bbccfd4996cb3dc -> 
  custom:scripting/monoscript/fileName/LEDNode.cs: 0cbb8788d81d0adbef7edd514d2a97df -> 
  custom:framework-win-MediaFoundation: 216162199b28c13a410421893ffa2e32 -> 
  custom:scripting/monoscript/fileName/SwitchMoveCorridor2.cs: 2721f60a421ec9f8008c017da91b43e5 -> 
  custom:scripting/monoscript/fileName/TouchPad.cs: 71af049078ebd826d8919ba90a4412d3 -> 
  custom:scripting/monoscript/fileName/TiltInput.cs: 298cab2ca5ef1ae659d7256d2dbeb1ed -> 
  custom:scripting/monoscript/fileName/SmoothFollow.cs: a07fd7df12bc7fba739834867140f167 -> 
  custom:CustomObjectIndexerAttribute: 756ad292c208cfabdd7b50bc23989ffe -> 
  custom:scripting/monoscript/fileName/DynamicShadowSettings.cs: 325596f0baf85da0d965fea14b11bb8b -> 
  custom:scripting/monoscript/fileName/CurveControlledBob.cs: 90e86216bd5f53d9fe3087ae7bf389f1 -> 
  custom:scripting/monoscript/fileName/AutoMobileShaderSwitch.cs: e55bd94d791efdfd8def29f52dc8447b -> 
  custom:scripting/monoscript/fileName/AlphaButtonClickMask.cs: 0e8b09d4b0d299b77424ad90e670a9d2 -> 
  custom:container-demuxer-webm: 4f35f7cbe854078d1ac9338744f61a02 -> 
  custom:scripting/monoscript/fileName/StandaloneInput.cs: 8cfda68f78df3b7dc3040fdb29fc2cd1 -> 
  custom:scripting/monoscript/fileName/FOVKick.cs: c76896347c620802192507d0a92d05a3 -> 
  custom:scripting/monoscript/fileName/TimedObjectActivator.cs: 25495e754d3d277d8e763837b64bf2ba -> 
  custom:scripting/monoscript/fileName/WaypointProgressTracker.cs: fb6262ee8f74f6dc3758b58e5ee18955 -> 
  custom:scripting/monoscript/fileName/SimpleMouseRotator.cs: 9ea47a4777a3a00316a90faf1a6f313d -> 
  custom:container-muxer-webm: aa71ff27fc2769a1b78a27578f13a17b -> 
  custom:scripting/monoscript/fileName/ParticleSystemMultiplier.cs: 8c5eeca5294173db54ffca6ac53ee34e -> 
  custom:video-decoder-webm-vp8: 9c59270c3fd7afecdb556c50c9e8de78 -> 
  custom:scripting/monoscript/fileName/CameraRefocus.cs: 2faffd18ce20d29396a11c7a26d00f0b -> 
  custom:SearchIndexIgnoredProperties: e643bd26f0fe6173181afceb89e7c659 -> 
  custom:scripting/monoscript/fileName/TimedObjectDestructor.cs: bce1a4bbcc9460c16af8171b93c92130 -> 
  custom:AudioImporter_EditorPlatform: d09bf68614088b80899f8185d706f6e7 -> 
  custom:scripting/monoscript/fileName/MobileControlRig.cs: 3524fff44c8126dee0548f9b6ab19d53 -> 
  custom:scripting/monoscript/fileName/ForcedReset.cs: 5e1472355f934ab888fa0985eb71dfb5 -> 
  custom:scripting/monoscript/fileName/EventSystemChecker.cs: 7bccd0826881aa97be03516a055e060b -> 
  custom:scripting/monoscript/fileName/VirtualInput.cs: e290279061a851c625fb61c863776a94 -> 
  custom:scripting/monoscript/fileName/MouseLook.cs: 1413bf4c672f5aacfd2b457b6378eea6 -> 
  custom:scripting/monoscript/fileName/SimpleActivatorMenu.cs: 6dc7b15cc079b5666ea19a4bb40b684f -> 
  custom:scripting/monoscript/fileName/FPSCounter.cs: 18dc6752cae0b5546ca4b2dc0c7741f5 -> 
  custom:scripting/monoscript/fileName/LerpControlledBob.cs: e3f8ea665fb8f4533c1004d43455b6e7 -> 
  custom:scripting/monoscript/fileName/ButtonHandler.cs: e27d3f4c7505c394dad450c78dd6faf1 -> 
  custom:video-encoder-webm-vp8: eb34c28f22e8b96e1ab97ce403110664 -> 
  custom:scripting/monoscript/fileName/Bloom.cs: e200189c2f5040540b8f58b2d05eebda -> 6f6d579a64201b97313a62a1e91b3575
  custom:audio-decoder-ogg-vorbis: bf7c407c2cedff20999df2af8eb42d56 -> 
  custom:scripting/monoscript/fileName/AxisTouchButton.cs: 31be56f36d53422fd33aa4f9a14e630a -> 
  custom:scripting/monoscript/fileName/FollowTarget.cs: 93be4c02dc2bee8af48e06a6c7c2e042 -> 
  custom:scripting/monoscript/fileName/FirstPersonController.cs: 4fa5841f7a7dfdfcf291c3718c4ae3a2 -> 
  custom:scripting/monoscript/fileName/Joystick.cs: b54db918c885c01940a25acda1acd280 -> 
  custom:audio-encoder-webm-vorbis: bf7c407c2cedff20999df2af8eb42d56 -> 
  custom:scripting/monoscript/fileName/PlatformSpecificContent.cs: 5abb8e8ef7a06ce1842fe9ff26eac2dd -> 
  custom:scripting/monoscript/fileName/AutoMoveAndRotate.cs: ca0e96f72f32239308122375a052b980 -> 
  custom:scripting/monoscript/fileName/ObjectResetter.cs: 037abf2de53ab0026436c32f7a941658 -> 
Editor requested this worker to shutdown with reason: Scaling down because of idle timeout
TcpMessagingSession - receive error: operation aborted. errorcode: 995, details:        I/O  .
AssetImportWorker is now disconnected from the server
Process exiting
Exiting without the bug reporter. Application will terminate with return code 0