Using pre-set license
Built from '2022.3/staging' branch; Version is '2022.3.10f1 (ff3792e53c62) revision 16725906'; Using compiler version '192829333'; Build Type 'Release'
OS: 'Windows 11  (10.0.22621) 64bit Professional' Language: 'ko' Physical Memory: 16202 MB
BatchMode: 1, IsHumanControllingUs: 0, StartBugReporterOnCrash: 0, Is64bit: 1, IsPro: 1

COMMAND LINE ARGUMENTS:
C:\Program Files\Unity\2022.3.10f1\Editor\Unity.exe
-adb2
-batchMode
-noUpm
-name
AssetImportWorker5
-projectPath
C:/Users/user/Desktop/My project (3)
-logFile
Logs/AssetImportWorker5.log
-srvPort
12591
Successfully changed project path to: C:/Users/user/Desktop/My project (3)
C:/Users/user/Desktop/My project (3)
[UnityMemory] Configuration Parameters - Can be set up in boot.config
    "memorysetup-bucket-allocator-granularity=16"
    "memorysetup-bucket-allocator-bucket-count=8"
    "memorysetup-bucket-allocator-block-size=33554432"
    "memorysetup-bucket-allocator-block-count=8"
    "memorysetup-main-allocator-block-size=16777216"
    "memorysetup-thread-allocator-block-size=16777216"
    "memorysetup-gfx-main-allocator-block-size=16777216"
    "memorysetup-gfx-thread-allocator-block-size=16777216"
    "memorysetup-cache-allocator-block-size=4194304"
    "memorysetup-typetree-allocator-block-size=2097152"
    "memorysetup-profiler-bucket-allocator-granularity=16"
    "memorysetup-profiler-bucket-allocator-bucket-count=8"
    "memorysetup-profiler-bucket-allocator-block-size=33554432"
    "memorysetup-profiler-bucket-allocator-block-count=8"
    "memorysetup-profiler-allocator-block-size=16777216"
    "memorysetup-profiler-editor-allocator-block-size=1048576"
    "memorysetup-temp-allocator-size-main=16777216"
    "memorysetup-job-temp-allocator-block-size=2097152"
    "memorysetup-job-temp-allocator-block-size-background=1048576"
    "memorysetup-job-temp-allocator-reduction-small-platforms=262144"
    "memorysetup-allocator-temp-initial-block-size-main=262144"
    "memorysetup-allocator-temp-initial-block-size-worker=262144"
    "memorysetup-temp-allocator-size-background-worker=32768"
    "memorysetup-temp-allocator-size-job-worker=262144"
    "memorysetup-temp-allocator-size-preload-manager=33554432"
    "memorysetup-temp-allocator-size-nav-mesh-worker=65536"
    "memorysetup-temp-allocator-size-audio-worker=65536"
    "memorysetup-temp-allocator-size-cloud-worker=32768"
    "memorysetup-temp-allocator-size-gi-baking-worker=262144"
    "memorysetup-temp-allocator-size-gfx=262144"
Player connection [11796] Host "[IP] 192.168.0.9 [Port] 0 [Flags] 2 [Guid] 4059062491 [EditorId] 4059062491 [Version] 1048832 [Id] WindowsEditor(7,DESKTOP-9NL511D) [Debug] 1 [PackageName] WindowsEditor [ProjectName] Editor" joined multi-casting on [225.0.0.222:54997]...

Player connection [11796] Host "[IP] 192.168.0.9 [Port] 0 [Flags] 2 [Guid] 4059062491 [EditorId] 4059062491 [Version] 1048832 [Id] WindowsEditor(7,DESKTOP-9NL511D) [Debug] 1 [PackageName] WindowsEditor [ProjectName] Editor" joined alternative multi-casting on [225.0.0.222:34997]...

[Physics::Module] Initialized MultithreadedJobDispatcher with 11 workers.
Refreshing native plugins compatible for Editor in 8.11 ms, found 3 plugins.
Preloading 0 native plugins for Editor in 0.00 ms.
Initialize engine version: 2022.3.10f1 (ff3792e53c62)
[Subsystems] Discovering subsystems at path C:/Program Files/Unity/2022.3.10f1/Editor/Data/Resources/UnitySubsystems
[Subsystems] Discovering subsystems at path C:/Users/user/Desktop/My project (3)/Assets
GfxDevice: creating device client; threaded=0; jobified=0
Direct3D:
    Version:  Direct3D 11.0 [level 11.1]
    Renderer: NVIDIA GeForce RTX 3050 Laptop GPU (ID=0x25a2)
    Vendor:   NVIDIA
    VRAM:     3977 MB
    Driver:   31.0.15.3623
Initialize mono
Mono path[0] = 'C:/Program Files/Unity/2022.3.10f1/Editor/Data/Managed'
Mono path[1] = 'C:/Program Files/Unity/2022.3.10f1/Editor/Data/MonoBleedingEdge/lib/mono/unityjit-win32'
Mono config path = 'C:/Program Files/Unity/2022.3.10f1/Editor/Data/MonoBleedingEdge/etc'
Using monoOptions --debugger-agent=transport=dt_socket,embedding=1,server=y,suspend=n,address=127.0.0.1:56324
Begin MonoManager ReloadAssembly
Registering precompiled unity dll's ...
Register platform support module: C:/Program Files/Unity/2022.3.10f1/Editor/Data/PlaybackEngines/WindowsStandaloneSupport/UnityEditor.WindowsStandalone.Extensions.dll
Registered in 0.007558 seconds.
- Loaded All Assemblies, in  0.380 seconds
Native extension for WindowsStandalone target not found
Mono: successfully reloaded assembly
- Finished resetting the current domain, in  0.261 seconds
Domain Reload Profiling: 639ms
	BeginReloadAssembly (104ms)
		ExecutionOrderSort (0ms)
		DisableScriptedObjects (0ms)
		BackupInstance (0ms)
		ReleaseScriptingObjects (0ms)
		CreateAndSetChildDomain (1ms)
	RebuildCommonClasses (46ms)
	RebuildNativeTypeToScriptingClass (13ms)
	initialDomainReloadingComplete (69ms)
	LoadAllAssembliesAndSetupDomain (146ms)
		LoadAssemblies (101ms)
		RebuildTransferFunctionScriptingTraits (0ms)
		AnalyzeDomain (144ms)
			TypeCache.Refresh (143ms)
				TypeCache.ScanAssembly (128ms)
			ScanForSourceGeneratedMonoScriptInfo (0ms)
			ResolveRequiredComponents (0ms)
	FinalizeReload (262ms)
		ReleaseScriptCaches (0ms)
		RebuildScriptCaches (0ms)
		SetupLoadedEditorAssemblies (203ms)
			LogAssemblyErrors (0ms)
			InitializePlatformSupportModulesInManaged (10ms)
			SetLoadedEditorAssemblies (7ms)
			RefreshPlugins (0ms)
			BeforeProcessingInitializeOnLoad (2ms)
			ProcessInitializeOnLoadAttributes (129ms)
			ProcessInitializeOnLoadMethodAttributes (54ms)
			AfterProcessingInitializeOnLoad (0ms)
			EditorAssembliesLoaded (0ms)
		ExecutionOrderSort2 (0ms)
		AwakeInstancesAfterBackupRestoration (0ms)
========================================================================
Worker process is ready to serve import requests
Begin MonoManager ReloadAssembly
- Loaded All Assemblies, in  0.670 seconds
Refreshing native plugins compatible for Editor in 3.21 ms, found 3 plugins.
Native extension for WindowsStandalone target not found
Package Manager log level set to [2]
[Package Manager] Server::EnsureServerProcessIsRunning -- launch failed, reason: Unity was launched with the -noUpm command-line argument
[Package Manager] UpmClient::Send -- Unable to send message (not connected to UPM process).
[Package Manager] Cannot connect to Unity Package Manager local server
Mono: successfully reloaded assembly
- Finished resetting the current domain, in  0.625 seconds
Domain Reload Profiling: 1292ms
	BeginReloadAssembly (141ms)
		ExecutionOrderSort (0ms)
		DisableScriptedObjects (5ms)
		BackupInstance (0ms)
		ReleaseScriptingObjects (0ms)
		CreateAndSetChildDomain (20ms)
	RebuildCommonClasses (34ms)
	RebuildNativeTypeToScriptingClass (14ms)
	initialDomainReloadingComplete (49ms)
	LoadAllAssembliesAndSetupDomain (428ms)
		LoadAssemblies (309ms)
		RebuildTransferFunctionScriptingTraits (0ms)
		AnalyzeDomain (202ms)
			TypeCache.Refresh (179ms)
				TypeCache.ScanAssembly (164ms)
			ScanForSourceGeneratedMonoScriptInfo (17ms)
			ResolveRequiredComponents (5ms)
	FinalizeReload (626ms)
		ReleaseScriptCaches (0ms)
		RebuildScriptCaches (0ms)
		SetupLoadedEditorAssemblies (466ms)
			LogAssemblyErrors (0ms)
			InitializePlatformSupportModulesInManaged (7ms)
			SetLoadedEditorAssemblies (5ms)
			RefreshPlugins (0ms)
			BeforeProcessingInitializeOnLoad (72ms)
			ProcessInitializeOnLoadAttributes (301ms)
			ProcessInitializeOnLoadMethodAttributes (71ms)
			AfterProcessingInitializeOnLoad (11ms)
			EditorAssembliesLoaded (0ms)
		ExecutionOrderSort2 (0ms)
		AwakeInstancesAfterBackupRestoration (12ms)
Launched and connected shader compiler UnityShaderCompiler.exe after 0.06 seconds
Refreshing native plugins compatible for Editor in 5.62 ms, found 3 plugins.
Preloading 0 native plugins for Editor in 0.00 ms.
Unloading 4282 Unused Serialized files (Serialized files now loaded: 0)
Unloading 54 unused Assets / (1.6 MB). Loaded Objects now: 4731.
Memory consumption went from 160.0 MB to 158.4 MB.
Total: 5.397000 ms (FindLiveObjects: 0.399400 ms CreateObjectMapping: 0.448100 ms MarkObjects: 4.027200 ms  DeleteObjects: 0.521100 ms)

AssetImportParameters requested are different than current active one (requested -> active):
  custom:scripting/monoscript/fileName/MobileInput.cs: dfa415439f330b7749adb2ef7567c3e4 -> 
  custom:scripting/monoscript/fileName/InputAxisScrollbar.cs: ce23cb16d4e46181bfcdc67e0abad940 -> 
  custom:container-demuxer-ogg: 62fdf1f143b41e24485cea50d1cbac27 -> 
  custom:scripting/monoscript/fileName/ActivateTrigger.cs: c94789aa9e8004cad1e54b531012d83a -> 
  custom:scripting/monoscript/fileName/WaypointCircuit.cs: 54e952fb6b763eca02bad0728655deb7 -> 
  custom:scripting/monoscript/fileName/ParticleSystemDestroyer.cs: e9db870dc4c33b83d7965fdc6fe482f5 -> 
  custom:scripting/monoscript/fileName/CrossPlatformInputManager.cs: a6a27da3c2613aab4b889711813fe29f -> 
  custom:scripting/monoscript/fileName/DragRigidbody.cs: af6487145851a9f92f2704a8e0948d6e -> 
  custom:scripting/monoscript/fileName/SwitchMoveCorridor1.cs: e18a4ab88829bacbb09bf33c1c22da9c -> 
  custom:video-decoder-ogg-theora: a1e56fd34408186e4bbccfd4996cb3dc -> 
  custom:scripting/monoscript/fileName/LEDNode.cs: 0cbb8788d81d0adbef7edd514d2a97df -> 
  custom:framework-win-MediaFoundation: 216162199b28c13a410421893ffa2e32 -> 
  custom:scripting/monoscript/fileName/SwitchMoveCorridor2.cs: 2721f60a421ec9f8008c017da91b43e5 -> 
  custom:scripting/monoscript/fileName/TouchPad.cs: 71af049078ebd826d8919ba90a4412d3 -> 
  custom:scripting/monoscript/fileName/TiltInput.cs: 298cab2ca5ef1ae659d7256d2dbeb1ed -> 
  custom:scripting/monoscript/fileName/SmoothFollow.cs: a07fd7df12bc7fba739834867140f167 -> 
  custom:CustomObjectIndexerAttribute: 756ad292c208cfabdd7b50bc23989ffe -> 
  custom:scripting/monoscript/fileName/DynamicShadowSettings.cs: 325596f0baf85da0d965fea14b11bb8b -> 
  custom:scripting/monoscript/fileName/CurveControlledBob.cs: 90e86216bd5f53d9fe3087ae7bf389f1 -> 
  custom:scripting/monoscript/fileName/AutoMobileShaderSwitch.cs: e55bd94d791efdfd8def29f52dc8447b -> 
  custom:scripting/monoscript/fileName/AlphaButtonClickMask.cs: 0e8b09d4b0d299b77424ad90e670a9d2 -> 
  custom:container-demuxer-webm: 4f35f7cbe854078d1ac9338744f61a02 -> 
  custom:scripting/monoscript/fileName/StandaloneInput.cs: 8cfda68f78df3b7dc3040fdb29fc2cd1 -> 
  custom:scripting/monoscript/fileName/FOVKick.cs: c76896347c620802192507d0a92d05a3 -> 
  custom:scripting/monoscript/fileName/TimedObjectActivator.cs: 25495e754d3d277d8e763837b64bf2ba -> 
  custom:scripting/monoscript/fileName/WaypointProgressTracker.cs: fb6262ee8f74f6dc3758b58e5ee18955 -> 
  custom:scripting/monoscript/fileName/SimpleMouseRotator.cs: 9ea47a4777a3a00316a90faf1a6f313d -> 
  custom:container-muxer-webm: aa71ff27fc2769a1b78a27578f13a17b -> 
  custom:scripting/monoscript/fileName/ParticleSystemMultiplier.cs: 8c5eeca5294173db54ffca6ac53ee34e -> 
  custom:video-decoder-webm-vp8: 9c59270c3fd7afecdb556c50c9e8de78 -> 
  custom:scripting/monoscript/fileName/CameraRefocus.cs: 2faffd18ce20d29396a11c7a26d00f0b -> 
  custom:SearchIndexIgnoredProperties: e643bd26f0fe6173181afceb89e7c659 -> 
  custom:scripting/monoscript/fileName/TimedObjectDestructor.cs: bce1a4bbcc9460c16af8171b93c92130 -> 
  custom:AudioImporter_EditorPlatform: d09bf68614088b80899f8185d706f6e7 -> 
  custom:scripting/monoscript/fileName/MobileControlRig.cs: 3524fff44c8126dee0548f9b6ab19d53 -> 
  custom:scripting/monoscript/fileName/ForcedReset.cs: 5e1472355f934ab888fa0985eb71dfb5 -> 
  custom:scripting/monoscript/fileName/EventSystemChecker.cs: 7bccd0826881aa97be03516a055e060b -> 
  custom:scripting/monoscript/fileName/VirtualInput.cs: e290279061a851c625fb61c863776a94 -> 
  custom:scripting/monoscript/fileName/MouseLook.cs: 1413bf4c672f5aacfd2b457b6378eea6 -> 
  custom:scripting/monoscript/fileName/SimpleActivatorMenu.cs: 6dc7b15cc079b5666ea19a4bb40b684f -> 
  custom:scripting/monoscript/fileName/FPSCounter.cs: 18dc6752cae0b5546ca4b2dc0c7741f5 -> 
  custom:scripting/monoscript/fileName/LerpControlledBob.cs: e3f8ea665fb8f4533c1004d43455b6e7 -> 
  custom:scripting/monoscript/fileName/ButtonHandler.cs: e27d3f4c7505c394dad450c78dd6faf1 -> 
  custom:video-encoder-webm-vp8: eb34c28f22e8b96e1ab97ce403110664 -> 
  custom:scripting/monoscript/fileName/Bloom.cs: e200189c2f5040540b8f58b2d05eebda -> 6f6d579a64201b97313a62a1e91b3575
  custom:audio-decoder-ogg-vorbis: bf7c407c2cedff20999df2af8eb42d56 -> 
  custom:scripting/monoscript/fileName/AxisTouchButton.cs: 31be56f36d53422fd33aa4f9a14e630a -> 
  custom:scripting/monoscript/fileName/FollowTarget.cs: 93be4c02dc2bee8af48e06a6c7c2e042 -> 
  custom:scripting/monoscript/fileName/FirstPersonController.cs: 4fa5841f7a7dfdfcf291c3718c4ae3a2 -> 
  custom:scripting/monoscript/fileName/Joystick.cs: b54db918c885c01940a25acda1acd280 -> 
  custom:audio-encoder-webm-vorbis: bf7c407c2cedff20999df2af8eb42d56 -> 
  custom:scripting/monoscript/fileName/PlatformSpecificContent.cs: 5abb8e8ef7a06ce1842fe9ff26eac2dd -> 
  custom:scripting/monoscript/fileName/AutoMoveAndRotate.cs: ca0e96f72f32239308122375a052b980 -> 
  custom:scripting/monoscript/fileName/ObjectResetter.cs: 037abf2de53ab0026436c32f7a941658 -> 
========================================================================
Received Prepare
Begin MonoManager ReloadAssembly
- Loaded All Assemblies, in  0.578 seconds
Refreshing native plugins compatible for Editor in 4.00 ms, found 3 plugins.
Native extension for WindowsStandalone target not found
[Package Manager] Server::EnsureServerProcessIsRunning -- launch failed, reason: Unity was launched with the -noUpm command-line argument
[Package Manager] UpmClient::Send -- Unable to send message (not connected to UPM process).
[Package Manager] Cannot connect to Unity Package Manager local server
Mono: successfully reloaded assembly
- Finished resetting the current domain, in  1.395 seconds
Domain Reload Profiling: 1969ms
	BeginReloadAssembly (195ms)
		ExecutionOrderSort (0ms)
		DisableScriptedObjects (4ms)
		BackupInstance (0ms)
		ReleaseScriptingObjects (0ms)
		CreateAndSetChildDomain (45ms)
	RebuildCommonClasses (38ms)
	RebuildNativeTypeToScriptingClass (14ms)
	initialDomainReloadingComplete (37ms)
	LoadAllAssembliesAndSetupDomain (288ms)
		LoadAssemblies (381ms)
		RebuildTransferFunctionScriptingTraits (0ms)
		AnalyzeDomain (15ms)
			TypeCache.Refresh (8ms)
				TypeCache.ScanAssembly (0ms)
			ScanForSourceGeneratedMonoScriptInfo (0ms)
			ResolveRequiredComponents (6ms)
	FinalizeReload (1396ms)
		ReleaseScriptCaches (0ms)
		RebuildScriptCaches (0ms)
		SetupLoadedEditorAssemblies (533ms)
			LogAssemblyErrors (0ms)
			InitializePlatformSupportModulesInManaged (9ms)
			SetLoadedEditorAssemblies (5ms)
			RefreshPlugins (0ms)
			BeforeProcessingInitializeOnLoad (105ms)
			ProcessInitializeOnLoadAttributes (324ms)
			ProcessInitializeOnLoadMethodAttributes (77ms)
			AfterProcessingInitializeOnLoad (14ms)
			EditorAssembliesLoaded (0ms)
		ExecutionOrderSort2 (0ms)
		AwakeInstancesAfterBackupRestoration (17ms)
Refreshing native plugins compatible for Editor in 5.49 ms, found 3 plugins.
Preloading 0 native plugins for Editor in 0.00 ms.
Unloading 4238 Unused Serialized files (Serialized files now loaded: 0)
Unloading 42 unused Assets / (1.5 MB). Loaded Objects now: 4734.
Memory consumption went from 150.0 MB to 148.5 MB.
Total: 5.688300 ms (FindLiveObjects: 0.428900 ms CreateObjectMapping: 0.440700 ms MarkObjects: 3.575400 ms  DeleteObjects: 1.241300 ms)

Prepare: number of updated asset objects reloaded= 0
AssetImportParameters requested are different than current active one (requested -> active):
  custom:scripting/monoscript/fileName/MobileInput.cs: dfa415439f330b7749adb2ef7567c3e4 -> 
  custom:scripting/monoscript/fileName/InputAxisScrollbar.cs: ce23cb16d4e46181bfcdc67e0abad940 -> 
  custom:container-demuxer-ogg: 62fdf1f143b41e24485cea50d1cbac27 -> 
  custom:scripting/monoscript/fileName/ActivateTrigger.cs: c94789aa9e8004cad1e54b531012d83a -> 
  custom:scripting/monoscript/fileName/WaypointCircuit.cs: 54e952fb6b763eca02bad0728655deb7 -> 
  custom:scripting/monoscript/fileName/ParticleSystemDestroyer.cs: e9db870dc4c33b83d7965fdc6fe482f5 -> 
  custom:scripting/monoscript/fileName/CrossPlatformInputManager.cs: a6a27da3c2613aab4b889711813fe29f -> 
  custom:scripting/monoscript/fileName/DragRigidbody.cs: af6487145851a9f92f2704a8e0948d6e -> 
  custom:scripting/monoscript/fileName/SwitchMoveCorridor1.cs: e18a4ab88829bacbb09bf33c1c22da9c -> 
  custom:video-decoder-ogg-theora: a1e56fd34408186e4bbccfd4996cb3dc -> 
  custom:scripting/monoscript/fileName/LEDNode.cs: 0cbb8788d81d0adbef7edd514d2a97df -> 
  custom:framework-win-MediaFoundation: 216162199b28c13a410421893ffa2e32 -> 
  custom:scripting/monoscript/fileName/SwitchMoveCorridor2.cs: 2721f60a421ec9f8008c017da91b43e5 -> 
  custom:scripting/monoscript/fileName/TouchPad.cs: 71af049078ebd826d8919ba90a4412d3 -> 
  custom:scripting/monoscript/fileName/TiltInput.cs: 298cab2ca5ef1ae659d7256d2dbeb1ed -> 
  custom:scripting/monoscript/fileName/SmoothFollow.cs: a07fd7df12bc7fba739834867140f167 -> 
  custom:CustomObjectIndexerAttribute: 756ad292c208cfabdd7b50bc23989ffe -> 
  custom:scripting/monoscript/fileName/DynamicShadowSettings.cs: 325596f0baf85da0d965fea14b11bb8b -> 
  custom:scripting/monoscript/fileName/CurveControlledBob.cs: 90e86216bd5f53d9fe3087ae7bf389f1 -> 
  custom:scripting/monoscript/fileName/AutoMobileShaderSwitch.cs: e55bd94d791efdfd8def29f52dc8447b -> 
  custom:scripting/monoscript/fileName/AlphaButtonClickMask.cs: 0e8b09d4b0d299b77424ad90e670a9d2 -> 
  custom:container-demuxer-webm: 4f35f7cbe854078d1ac9338744f61a02 -> 
  custom:scripting/monoscript/fileName/StandaloneInput.cs: 8cfda68f78df3b7dc3040fdb29fc2cd1 -> 
  custom:scripting/monoscript/fileName/FOVKick.cs: c76896347c620802192507d0a92d05a3 -> 
  custom:scripting/monoscript/fileName/TimedObjectActivator.cs: 25495e754d3d277d8e763837b64bf2ba -> 
  custom:scripting/monoscript/fileName/WaypointProgressTracker.cs: fb6262ee8f74f6dc3758b58e5ee18955 -> 
  custom:scripting/monoscript/fileName/SimpleMouseRotator.cs: 9ea47a4777a3a00316a90faf1a6f313d -> 
  custom:container-muxer-webm: aa71ff27fc2769a1b78a27578f13a17b -> 
  custom:scripting/monoscript/fileName/ParticleSystemMultiplier.cs: 8c5eeca5294173db54ffca6ac53ee34e -> 
  custom:video-decoder-webm-vp8: 9c59270c3fd7afecdb556c50c9e8de78 -> 
  custom:scripting/monoscript/fileName/CameraRefocus.cs: 2faffd18ce20d29396a11c7a26d00f0b -> 
  custom:SearchIndexIgnoredProperties: e643bd26f0fe6173181afceb89e7c659 -> 
  custom:scripting/monoscript/fileName/TimedObjectDestructor.cs: bce1a4bbcc9460c16af8171b93c92130 -> 
  custom:AudioImporter_EditorPlatform: d09bf68614088b80899f8185d706f6e7 -> 
  custom:scripting/monoscript/fileName/MobileControlRig.cs: 3524fff44c8126dee0548f9b6ab19d53 -> 
  custom:scripting/monoscript/fileName/ForcedReset.cs: 5e1472355f934ab888fa0985eb71dfb5 -> 
  custom:scripting/monoscript/fileName/EventSystemChecker.cs: 7bccd0826881aa97be03516a055e060b -> 
  custom:scripting/monoscript/fileName/VirtualInput.cs: e290279061a851c625fb61c863776a94 -> 
  custom:scripting/monoscript/fileName/MouseLook.cs: 1413bf4c672f5aacfd2b457b6378eea6 -> 
  custom:scripting/monoscript/fileName/SimpleActivatorMenu.cs: 6dc7b15cc079b5666ea19a4bb40b684f -> 
  custom:scripting/monoscript/fileName/FPSCounter.cs: 18dc6752cae0b5546ca4b2dc0c7741f5 -> 
  custom:scripting/monoscript/fileName/LerpControlledBob.cs: e3f8ea665fb8f4533c1004d43455b6e7 -> 
  custom:scripting/monoscript/fileName/ButtonHandler.cs: e27d3f4c7505c394dad450c78dd6faf1 -> 
  custom:video-encoder-webm-vp8: eb34c28f22e8b96e1ab97ce403110664 -> 
  custom:scripting/monoscript/fileName/Bloom.cs: e200189c2f5040540b8f58b2d05eebda -> 6f6d579a64201b97313a62a1e91b3575
  custom:audio-decoder-ogg-vorbis: bf7c407c2cedff20999df2af8eb42d56 -> 
  custom:scripting/monoscript/fileName/AxisTouchButton.cs: 31be56f36d53422fd33aa4f9a14e630a -> 
  custom:scripting/monoscript/fileName/FollowTarget.cs: 93be4c02dc2bee8af48e06a6c7c2e042 -> 
  custom:scripting/monoscript/fileName/FirstPersonController.cs: 4fa5841f7a7dfdfcf291c3718c4ae3a2 -> 
  custom:scripting/monoscript/fileName/Joystick.cs: b54db918c885c01940a25acda1acd280 -> 
  custom:audio-encoder-webm-vorbis: bf7c407c2cedff20999df2af8eb42d56 -> 
  custom:scripting/monoscript/fileName/PlatformSpecificContent.cs: 5abb8e8ef7a06ce1842fe9ff26eac2dd -> 
  custom:scripting/monoscript/fileName/AutoMoveAndRotate.cs: ca0e96f72f32239308122375a052b980 -> 
  custom:scripting/monoscript/fileName/ObjectResetter.cs: 037abf2de53ab0026436c32f7a941658 -> 
========================================================================
Received Prepare
Begin MonoManager ReloadAssembly
- Loaded All Assemblies, in  0.565 seconds
Refreshing native plugins compatible for Editor in 4.84 ms, found 3 plugins.
Native extension for WindowsStandalone target not found
[Package Manager] Server::EnsureServerProcessIsRunning -- launch failed, reason: Unity was launched with the -noUpm command-line argument
[Package Manager] UpmClient::Send -- Unable to send message (not connected to UPM process).
[Package Manager] Cannot connect to Unity Package Manager local server
Mono: successfully reloaded assembly
- Finished resetting the current domain, in  1.423 seconds
Domain Reload Profiling: 1984ms
	BeginReloadAssembly (190ms)
		ExecutionOrderSort (0ms)
		DisableScriptedObjects (4ms)
		BackupInstance (0ms)
		ReleaseScriptingObjects (0ms)
		CreateAndSetChildDomain (43ms)
	RebuildCommonClasses (51ms)
	RebuildNativeTypeToScriptingClass (13ms)
	initialDomainReloadingComplete (34ms)
	LoadAllAssembliesAndSetupDomain (273ms)
		LoadAssemblies (363ms)
		RebuildTransferFunctionScriptingTraits (0ms)
		AnalyzeDomain (15ms)
			TypeCache.Refresh (7ms)
				TypeCache.ScanAssembly (0ms)
			ScanForSourceGeneratedMonoScriptInfo (0ms)
			ResolveRequiredComponents (6ms)
	FinalizeReload (1424ms)
		ReleaseScriptCaches (0ms)
		RebuildScriptCaches (0ms)
		SetupLoadedEditorAssemblies (590ms)
			LogAssemblyErrors (0ms)
			InitializePlatformSupportModulesInManaged (9ms)
			SetLoadedEditorAssemblies (5ms)
			RefreshPlugins (0ms)
			BeforeProcessingInitializeOnLoad (105ms)
			ProcessInitializeOnLoadAttributes (365ms)
			ProcessInitializeOnLoadMethodAttributes (93ms)
			AfterProcessingInitializeOnLoad (13ms)
			EditorAssembliesLoaded (0ms)
		ExecutionOrderSort2 (0ms)
		AwakeInstancesAfterBackupRestoration (17ms)
Refreshing native plugins compatible for Editor in 4.58 ms, found 3 plugins.
Preloading 0 native plugins for Editor in 0.00 ms.
Unloading 4238 Unused Serialized files (Serialized files now loaded: 0)
Unloading 42 unused Assets / (1.5 MB). Loaded Objects now: 4737.
Memory consumption went from 150.0 MB to 148.5 MB.
Total: 4.625300 ms (FindLiveObjects: 0.630600 ms CreateObjectMapping: 0.672300 ms MarkObjects: 2.952100 ms  DeleteObjects: 0.368800 ms)

Prepare: number of updated asset objects reloaded= 0
AssetImportParameters requested are different than current active one (requested -> active):
  custom:scripting/monoscript/fileName/MobileInput.cs: dfa415439f330b7749adb2ef7567c3e4 -> 
  custom:scripting/monoscript/fileName/InputAxisScrollbar.cs: ce23cb16d4e46181bfcdc67e0abad940 -> 
  custom:container-demuxer-ogg: 62fdf1f143b41e24485cea50d1cbac27 -> 
  custom:scripting/monoscript/fileName/ActivateTrigger.cs: c94789aa9e8004cad1e54b531012d83a -> 
  custom:scripting/monoscript/fileName/WaypointCircuit.cs: 54e952fb6b763eca02bad0728655deb7 -> 
  custom:scripting/monoscript/fileName/ParticleSystemDestroyer.cs: e9db870dc4c33b83d7965fdc6fe482f5 -> 
  custom:scripting/monoscript/fileName/CrossPlatformInputManager.cs: a6a27da3c2613aab4b889711813fe29f -> 
  custom:scripting/monoscript/fileName/DragRigidbody.cs: af6487145851a9f92f2704a8e0948d6e -> 
  custom:scripting/monoscript/fileName/SwitchMoveCorridor1.cs: e18a4ab88829bacbb09bf33c1c22da9c -> 
  custom:video-decoder-ogg-theora: a1e56fd34408186e4bbccfd4996cb3dc -> 
  custom:scripting/monoscript/fileName/LEDNode.cs: 0cbb8788d81d0adbef7edd514d2a97df -> 
  custom:framework-win-MediaFoundation: 216162199b28c13a410421893ffa2e32 -> 
  custom:scripting/monoscript/fileName/SwitchMoveCorridor2.cs: 2721f60a421ec9f8008c017da91b43e5 -> 
  custom:scripting/monoscript/fileName/TouchPad.cs: 71af049078ebd826d8919ba90a4412d3 -> 
  custom:scripting/monoscript/fileName/TiltInput.cs: 298cab2ca5ef1ae659d7256d2dbeb1ed -> 
  custom:scripting/monoscript/fileName/SmoothFollow.cs: a07fd7df12bc7fba739834867140f167 -> 
  custom:CustomObjectIndexerAttribute: 756ad292c208cfabdd7b50bc23989ffe -> 
  custom:scripting/monoscript/fileName/DynamicShadowSettings.cs: 325596f0baf85da0d965fea14b11bb8b -> 
  custom:scripting/monoscript/fileName/CurveControlledBob.cs: 90e86216bd5f53d9fe3087ae7bf389f1 -> 
  custom:scripting/monoscript/fileName/AutoMobileShaderSwitch.cs: e55bd94d791efdfd8def29f52dc8447b -> 
  custom:scripting/monoscript/fileName/AlphaButtonClickMask.cs: 0e8b09d4b0d299b77424ad90e670a9d2 -> 
  custom:container-demuxer-webm: 4f35f7cbe854078d1ac9338744f61a02 -> 
  custom:scripting/monoscript/fileName/StandaloneInput.cs: 8cfda68f78df3b7dc3040fdb29fc2cd1 -> 
  custom:scripting/monoscript/fileName/FOVKick.cs: c76896347c620802192507d0a92d05a3 -> 
  custom:scripting/monoscript/fileName/TimedObjectActivator.cs: 25495e754d3d277d8e763837b64bf2ba -> 
  custom:scripting/monoscript/fileName/WaypointProgressTracker.cs: fb6262ee8f74f6dc3758b58e5ee18955 -> 
  custom:scripting/monoscript/fileName/SimpleMouseRotator.cs: 9ea47a4777a3a00316a90faf1a6f313d -> 
  custom:container-muxer-webm: aa71ff27fc2769a1b78a27578f13a17b -> 
  custom:scripting/monoscript/fileName/ParticleSystemMultiplier.cs: 8c5eeca5294173db54ffca6ac53ee34e -> 
  custom:video-decoder-webm-vp8: 9c59270c3fd7afecdb556c50c9e8de78 -> 
  custom:scripting/monoscript/fileName/CameraRefocus.cs: 2faffd18ce20d29396a11c7a26d00f0b -> 
  custom:SearchIndexIgnoredProperties: e643bd26f0fe6173181afceb89e7c659 -> 
  custom:scripting/monoscript/fileName/TimedObjectDestructor.cs: bce1a4bbcc9460c16af8171b93c92130 -> 
  custom:AudioImporter_EditorPlatform: d09bf68614088b80899f8185d706f6e7 -> 
  custom:scripting/monoscript/fileName/MobileControlRig.cs: 3524fff44c8126dee0548f9b6ab19d53 -> 
  custom:scripting/monoscript/fileName/ForcedReset.cs: 5e1472355f934ab888fa0985eb71dfb5 -> 
  custom:scripting/monoscript/fileName/EventSystemChecker.cs: 7bccd0826881aa97be03516a055e060b -> 
  custom:scripting/monoscript/fileName/VirtualInput.cs: e290279061a851c625fb61c863776a94 -> 
  custom:scripting/monoscript/fileName/MouseLook.cs: 1413bf4c672f5aacfd2b457b6378eea6 -> 
  custom:scripting/monoscript/fileName/SimpleActivatorMenu.cs: 6dc7b15cc079b5666ea19a4bb40b684f -> 
  custom:scripting/monoscript/fileName/FPSCounter.cs: 18dc6752cae0b5546ca4b2dc0c7741f5 -> 
  custom:scripting/monoscript/fileName/LerpControlledBob.cs: e3f8ea665fb8f4533c1004d43455b6e7 -> 
  custom:scripting/monoscript/fileName/ButtonHandler.cs: e27d3f4c7505c394dad450c78dd6faf1 -> 
  custom:video-encoder-webm-vp8: eb34c28f22e8b96e1ab97ce403110664 -> 
  custom:scripting/monoscript/fileName/Bloom.cs: e200189c2f5040540b8f58b2d05eebda -> 6f6d579a64201b97313a62a1e91b3575
  custom:audio-decoder-ogg-vorbis: bf7c407c2cedff20999df2af8eb42d56 -> 
  custom:scripting/monoscript/fileName/AxisTouchButton.cs: 31be56f36d53422fd33aa4f9a14e630a -> 
  custom:scripting/monoscript/fileName/FollowTarget.cs: 93be4c02dc2bee8af48e06a6c7c2e042 -> 
  custom:scripting/monoscript/fileName/FirstPersonController.cs: 4fa5841f7a7dfdfcf291c3718c4ae3a2 -> 
  custom:scripting/monoscript/fileName/Joystick.cs: b54db918c885c01940a25acda1acd280 -> 
  custom:audio-encoder-webm-vorbis: bf7c407c2cedff20999df2af8eb42d56 -> 
  custom:scripting/monoscript/fileName/PlatformSpecificContent.cs: 5abb8e8ef7a06ce1842fe9ff26eac2dd -> 
  custom:scripting/monoscript/fileName/AutoMoveAndRotate.cs: ca0e96f72f32239308122375a052b980 -> 
  custom:scripting/monoscript/fileName/ObjectResetter.cs: 037abf2de53ab0026436c32f7a941658 -> 
========================================================================
Received Prepare
Begin MonoManager ReloadAssembly
- Loaded All Assemblies, in  0.507 seconds
Refreshing native plugins compatible for Editor in 3.81 ms, found 3 plugins.
Native extension for WindowsStandalone target not found
[Package Manager] Server::EnsureServerProcessIsRunning -- launch failed, reason: Unity was launched with the -noUpm command-line argument
[Package Manager] UpmClient::Send -- Unable to send message (not connected to UPM process).
[Package Manager] Cannot connect to Unity Package Manager local server
Mono: successfully reloaded assembly
- Finished resetting the current domain, in  1.573 seconds
Domain Reload Profiling: 2076ms
	BeginReloadAssembly (164ms)
		ExecutionOrderSort (0ms)
		DisableScriptedObjects (4ms)
		BackupInstance (0ms)
		ReleaseScriptingObjects (0ms)
		CreateAndSetChildDomain (34ms)
	RebuildCommonClasses (37ms)
	RebuildNativeTypeToScriptingClass (12ms)
	initialDomainReloadingComplete (33ms)
	LoadAllAssembliesAndSetupDomain (257ms)
		LoadAssemblies (336ms)
		RebuildTransferFunctionScriptingTraits (0ms)
		AnalyzeDomain (13ms)
			TypeCache.Refresh (6ms)
				TypeCache.ScanAssembly (0ms)
			ScanForSourceGeneratedMonoScriptInfo (0ms)
			ResolveRequiredComponents (6ms)
	FinalizeReload (1574ms)
		ReleaseScriptCaches (0ms)
		RebuildScriptCaches (0ms)
		SetupLoadedEditorAssemblies (650ms)
			LogAssemblyErrors (0ms)
			InitializePlatformSupportModulesInManaged (10ms)
			SetLoadedEditorAssemblies (5ms)
			RefreshPlugins (0ms)
			BeforeProcessingInitializeOnLoad (119ms)
			ProcessInitializeOnLoadAttributes (411ms)
			ProcessInitializeOnLoadMethodAttributes (89ms)
			AfterProcessingInitializeOnLoad (17ms)
			EditorAssembliesLoaded (0ms)
		ExecutionOrderSort2 (0ms)
		AwakeInstancesAfterBackupRestoration (16ms)
Refreshing native plugins compatible for Editor in 5.99 ms, found 3 plugins.
Preloading 0 native plugins for Editor in 0.00 ms.
Unloading 4238 Unused Serialized files (Serialized files now loaded: 0)
Unloading 42 unused Assets / (1.5 MB). Loaded Objects now: 4740.
Memory consumption went from 150.0 MB to 148.5 MB.
Total: 6.938800 ms (FindLiveObjects: 0.703600 ms CreateObjectMapping: 1.405300 ms MarkObjects: 4.367700 ms  DeleteObjects: 0.459900 ms)

Prepare: number of updated asset objects reloaded= 0
AssetImportParameters requested are different than current active one (requested -> active):
  custom:scripting/monoscript/fileName/MobileInput.cs: dfa415439f330b7749adb2ef7567c3e4 -> 
  custom:scripting/monoscript/fileName/InputAxisScrollbar.cs: ce23cb16d4e46181bfcdc67e0abad940 -> 
  custom:container-demuxer-ogg: 62fdf1f143b41e24485cea50d1cbac27 -> 
  custom:scripting/monoscript/fileName/ActivateTrigger.cs: c94789aa9e8004cad1e54b531012d83a -> 
  custom:scripting/monoscript/fileName/WaypointCircuit.cs: 54e952fb6b763eca02bad0728655deb7 -> 
  custom:scripting/monoscript/fileName/ParticleSystemDestroyer.cs: e9db870dc4c33b83d7965fdc6fe482f5 -> 
  custom:scripting/monoscript/fileName/CrossPlatformInputManager.cs: a6a27da3c2613aab4b889711813fe29f -> 
  custom:scripting/monoscript/fileName/DragRigidbody.cs: af6487145851a9f92f2704a8e0948d6e -> 
  custom:scripting/monoscript/fileName/SwitchMoveCorridor1.cs: e18a4ab88829bacbb09bf33c1c22da9c -> 
  custom:video-decoder-ogg-theora: a1e56fd34408186e4bbccfd4996cb3dc -> 
  custom:scripting/monoscript/fileName/LEDNode.cs: 0cbb8788d81d0adbef7edd514d2a97df -> 
  custom:framework-win-MediaFoundation: 216162199b28c13a410421893ffa2e32 -> 
  custom:scripting/monoscript/fileName/SwitchMoveCorridor2.cs: 2721f60a421ec9f8008c017da91b43e5 -> 
  custom:scripting/monoscript/fileName/TouchPad.cs: 71af049078ebd826d8919ba90a4412d3 -> 
  custom:scripting/monoscript/fileName/TiltInput.cs: 298cab2ca5ef1ae659d7256d2dbeb1ed -> 
  custom:scripting/monoscript/fileName/SmoothFollow.cs: a07fd7df12bc7fba739834867140f167 -> 
  custom:CustomObjectIndexerAttribute: 756ad292c208cfabdd7b50bc23989ffe -> 
  custom:scripting/monoscript/fileName/DynamicShadowSettings.cs: 325596f0baf85da0d965fea14b11bb8b -> 
  custom:scripting/monoscript/fileName/CurveControlledBob.cs: 90e86216bd5f53d9fe3087ae7bf389f1 -> 
  custom:scripting/monoscript/fileName/AutoMobileShaderSwitch.cs: e55bd94d791efdfd8def29f52dc8447b -> 
  custom:scripting/monoscript/fileName/AlphaButtonClickMask.cs: 0e8b09d4b0d299b77424ad90e670a9d2 -> 
  custom:container-demuxer-webm: 4f35f7cbe854078d1ac9338744f61a02 -> 
  custom:scripting/monoscript/fileName/StandaloneInput.cs: 8cfda68f78df3b7dc3040fdb29fc2cd1 -> 
  custom:scripting/monoscript/fileName/FOVKick.cs: c76896347c620802192507d0a92d05a3 -> 
  custom:scripting/monoscript/fileName/TimedObjectActivator.cs: 25495e754d3d277d8e763837b64bf2ba -> 
  custom:scripting/monoscript/fileName/WaypointProgressTracker.cs: fb6262ee8f74f6dc3758b58e5ee18955 -> 
  custom:scripting/monoscript/fileName/SimpleMouseRotator.cs: 9ea47a4777a3a00316a90faf1a6f313d -> 
  custom:container-muxer-webm: aa71ff27fc2769a1b78a27578f13a17b -> 
  custom:scripting/monoscript/fileName/ParticleSystemMultiplier.cs: 8c5eeca5294173db54ffca6ac53ee34e -> 
  custom:video-decoder-webm-vp8: 9c59270c3fd7afecdb556c50c9e8de78 -> 
  custom:scripting/monoscript/fileName/CameraRefocus.cs: 2faffd18ce20d29396a11c7a26d00f0b -> 
  custom:SearchIndexIgnoredProperties: e643bd26f0fe6173181afceb89e7c659 -> 
  custom:scripting/monoscript/fileName/TimedObjectDestructor.cs: bce1a4bbcc9460c16af8171b93c92130 -> 
  custom:AudioImporter_EditorPlatform: d09bf68614088b80899f8185d706f6e7 -> 
  custom:scripting/monoscript/fileName/MobileControlRig.cs: 3524fff44c8126dee0548f9b6ab19d53 -> 
  custom:scripting/monoscript/fileName/ForcedReset.cs: 5e1472355f934ab888fa0985eb71dfb5 -> 
  custom:scripting/monoscript/fileName/EventSystemChecker.cs: 7bccd0826881aa97be03516a055e060b -> 
  custom:scripting/monoscript/fileName/VirtualInput.cs: e290279061a851c625fb61c863776a94 -> 
  custom:scripting/monoscript/fileName/MouseLook.cs: 1413bf4c672f5aacfd2b457b6378eea6 -> 
  custom:scripting/monoscript/fileName/SimpleActivatorMenu.cs: 6dc7b15cc079b5666ea19a4bb40b684f -> 
  custom:scripting/monoscript/fileName/FPSCounter.cs: 18dc6752cae0b5546ca4b2dc0c7741f5 -> 
  custom:scripting/monoscript/fileName/LerpControlledBob.cs: e3f8ea665fb8f4533c1004d43455b6e7 -> 
  custom:scripting/monoscript/fileName/ButtonHandler.cs: e27d3f4c7505c394dad450c78dd6faf1 -> 
  custom:video-encoder-webm-vp8: eb34c28f22e8b96e1ab97ce403110664 -> 
  custom:scripting/monoscript/fileName/Bloom.cs: e200189c2f5040540b8f58b2d05eebda -> 6f6d579a64201b97313a62a1e91b3575
  custom:audio-decoder-ogg-vorbis: bf7c407c2cedff20999df2af8eb42d56 -> 
  custom:scripting/monoscript/fileName/AxisTouchButton.cs: 31be56f36d53422fd33aa4f9a14e630a -> 
  custom:scripting/monoscript/fileName/FollowTarget.cs: 93be4c02dc2bee8af48e06a6c7c2e042 -> 
  custom:scripting/monoscript/fileName/FirstPersonController.cs: 4fa5841f7a7dfdfcf291c3718c4ae3a2 -> 
  custom:scripting/monoscript/fileName/Joystick.cs: b54db918c885c01940a25acda1acd280 -> 
  custom:audio-encoder-webm-vorbis: bf7c407c2cedff20999df2af8eb42d56 -> 
  custom:scripting/monoscript/fileName/PlatformSpecificContent.cs: 5abb8e8ef7a06ce1842fe9ff26eac2dd -> 
  custom:scripting/monoscript/fileName/AutoMoveAndRotate.cs: ca0e96f72f32239308122375a052b980 -> 
  custom:scripting/monoscript/fileName/ObjectResetter.cs: 037abf2de53ab0026436c32f7a941658 -> 
========================================================================
Received Prepare
Begin MonoManager ReloadAssembly
- Loaded All Assemblies, in  0.529 seconds
Refreshing native plugins compatible for Editor in 3.44 ms, found 3 plugins.
Native extension for WindowsStandalone target not found
[Package Manager] Server::EnsureServerProcessIsRunning -- launch failed, reason: Unity was launched with the -noUpm command-line argument
[Package Manager] UpmClient::Send -- Unable to send message (not connected to UPM process).
[Package Manager] Cannot connect to Unity Package Manager local server
Mono: successfully reloaded assembly
- Finished resetting the current domain, in  1.374 seconds
Domain Reload Profiling: 1899ms
	BeginReloadAssembly (168ms)
		ExecutionOrderSort (0ms)
		DisableScriptedObjects (4ms)
		BackupInstance (0ms)
		ReleaseScriptingObjects (0ms)
		CreateAndSetChildDomain (37ms)
	RebuildCommonClasses (44ms)
	RebuildNativeTypeToScriptingClass (13ms)
	initialDomainReloadingComplete (34ms)
	LoadAllAssembliesAndSetupDomain (265ms)
		LoadAssemblies (342ms)
		RebuildTransferFunctionScriptingTraits (0ms)
		AnalyzeDomain (13ms)
			TypeCache.Refresh (6ms)
				TypeCache.ScanAssembly (0ms)
			ScanForSourceGeneratedMonoScriptInfo (0ms)
			ResolveRequiredComponents (6ms)
	FinalizeReload (1375ms)
		ReleaseScriptCaches (0ms)
		RebuildScriptCaches (0ms)
		SetupLoadedEditorAssemblies (526ms)
			LogAssemblyErrors (0ms)
			InitializePlatformSupportModulesInManaged (8ms)
			SetLoadedEditorAssemblies (5ms)
			RefreshPlugins (0ms)
			BeforeProcessingInitializeOnLoad (93ms)
			ProcessInitializeOnLoadAttributes (334ms)
			ProcessInitializeOnLoadMethodAttributes (73ms)
			AfterProcessingInitializeOnLoad (12ms)
			EditorAssembliesLoaded (0ms)
		ExecutionOrderSort2 (0ms)
		AwakeInstancesAfterBackupRestoration (15ms)
Refreshing native plugins compatible for Editor in 6.02 ms, found 3 plugins.
Preloading 0 native plugins for Editor in 0.00 ms.
Unloading 4238 Unused Serialized files (Serialized files now loaded: 0)
Unloading 42 unused Assets / (1.5 MB). Loaded Objects now: 4743.
Memory consumption went from 150.0 MB to 148.5 MB.
Total: 5.234900 ms (FindLiveObjects: 0.885800 ms CreateObjectMapping: 0.616300 ms MarkObjects: 3.282300 ms  DeleteObjects: 0.448900 ms)

Prepare: number of updated asset objects reloaded= 0
AssetImportParameters requested are different than current active one (requested -> active):
  custom:scripting/monoscript/fileName/MobileInput.cs: dfa415439f330b7749adb2ef7567c3e4 -> 
  custom:scripting/monoscript/fileName/InputAxisScrollbar.cs: ce23cb16d4e46181bfcdc67e0abad940 -> 
  custom:container-demuxer-ogg: 62fdf1f143b41e24485cea50d1cbac27 -> 
  custom:scripting/monoscript/fileName/ActivateTrigger.cs: c94789aa9e8004cad1e54b531012d83a -> 
  custom:scripting/monoscript/fileName/WaypointCircuit.cs: 54e952fb6b763eca02bad0728655deb7 -> 
  custom:scripting/monoscript/fileName/ParticleSystemDestroyer.cs: e9db870dc4c33b83d7965fdc6fe482f5 -> 
  custom:scripting/monoscript/fileName/CrossPlatformInputManager.cs: a6a27da3c2613aab4b889711813fe29f -> 
  custom:scripting/monoscript/fileName/DragRigidbody.cs: af6487145851a9f92f2704a8e0948d6e -> 
  custom:scripting/monoscript/fileName/SwitchMoveCorridor1.cs: e18a4ab88829bacbb09bf33c1c22da9c -> 
  custom:video-decoder-ogg-theora: a1e56fd34408186e4bbccfd4996cb3dc -> 
  custom:scripting/monoscript/fileName/LEDNode.cs: 0cbb8788d81d0adbef7edd514d2a97df -> 
  custom:framework-win-MediaFoundation: 216162199b28c13a410421893ffa2e32 -> 
  custom:scripting/monoscript/fileName/SwitchMoveCorridor2.cs: 2721f60a421ec9f8008c017da91b43e5 -> 
  custom:scripting/monoscript/fileName/TouchPad.cs: 71af049078ebd826d8919ba90a4412d3 -> 
  custom:scripting/monoscript/fileName/TiltInput.cs: 298cab2ca5ef1ae659d7256d2dbeb1ed -> 
  custom:scripting/monoscript/fileName/SmoothFollow.cs: a07fd7df12bc7fba739834867140f167 -> 
  custom:CustomObjectIndexerAttribute: 756ad292c208cfabdd7b50bc23989ffe -> 
  custom:scripting/monoscript/fileName/DynamicShadowSettings.cs: 325596f0baf85da0d965fea14b11bb8b -> 
  custom:scripting/monoscript/fileName/CurveControlledBob.cs: 90e86216bd5f53d9fe3087ae7bf389f1 -> 
  custom:scripting/monoscript/fileName/AutoMobileShaderSwitch.cs: e55bd94d791efdfd8def29f52dc8447b -> 
  custom:scripting/monoscript/fileName/AlphaButtonClickMask.cs: 0e8b09d4b0d299b77424ad90e670a9d2 -> 
  custom:container-demuxer-webm: 4f35f7cbe854078d1ac9338744f61a02 -> 
  custom:scripting/monoscript/fileName/StandaloneInput.cs: 8cfda68f78df3b7dc3040fdb29fc2cd1 -> 
  custom:scripting/monoscript/fileName/FOVKick.cs: c76896347c620802192507d0a92d05a3 -> 
  custom:scripting/monoscript/fileName/TimedObjectActivator.cs: 25495e754d3d277d8e763837b64bf2ba -> 
  custom:scripting/monoscript/fileName/WaypointProgressTracker.cs: fb6262ee8f74f6dc3758b58e5ee18955 -> 
  custom:scripting/monoscript/fileName/SimpleMouseRotator.cs: 9ea47a4777a3a00316a90faf1a6f313d -> 
  custom:container-muxer-webm: aa71ff27fc2769a1b78a27578f13a17b -> 
  custom:scripting/monoscript/fileName/ParticleSystemMultiplier.cs: 8c5eeca5294173db54ffca6ac53ee34e -> 
  custom:video-decoder-webm-vp8: 9c59270c3fd7afecdb556c50c9e8de78 -> 
  custom:scripting/monoscript/fileName/CameraRefocus.cs: 2faffd18ce20d29396a11c7a26d00f0b -> 
  custom:SearchIndexIgnoredProperties: e643bd26f0fe6173181afceb89e7c659 -> 
  custom:scripting/monoscript/fileName/TimedObjectDestructor.cs: bce1a4bbcc9460c16af8171b93c92130 -> 
  custom:AudioImporter_EditorPlatform: d09bf68614088b80899f8185d706f6e7 -> 
  custom:scripting/monoscript/fileName/MobileControlRig.cs: 3524fff44c8126dee0548f9b6ab19d53 -> 
  custom:scripting/monoscript/fileName/ForcedReset.cs: 5e1472355f934ab888fa0985eb71dfb5 -> 
  custom:scripting/monoscript/fileName/EventSystemChecker.cs: 7bccd0826881aa97be03516a055e060b -> 
  custom:scripting/monoscript/fileName/VirtualInput.cs: e290279061a851c625fb61c863776a94 -> 
  custom:scripting/monoscript/fileName/MouseLook.cs: 1413bf4c672f5aacfd2b457b6378eea6 -> 
  custom:scripting/monoscript/fileName/SimpleActivatorMenu.cs: 6dc7b15cc079b5666ea19a4bb40b684f -> 
  custom:scripting/monoscript/fileName/FPSCounter.cs: 18dc6752cae0b5546ca4b2dc0c7741f5 -> 
  custom:scripting/monoscript/fileName/LerpControlledBob.cs: e3f8ea665fb8f4533c1004d43455b6e7 -> 
  custom:scripting/monoscript/fileName/ButtonHandler.cs: e27d3f4c7505c394dad450c78dd6faf1 -> 
  custom:video-encoder-webm-vp8: eb34c28f22e8b96e1ab97ce403110664 -> 
  custom:scripting/monoscript/fileName/Bloom.cs: e200189c2f5040540b8f58b2d05eebda -> 6f6d579a64201b97313a62a1e91b3575
  custom:audio-decoder-ogg-vorbis: bf7c407c2cedff20999df2af8eb42d56 -> 
  custom:scripting/monoscript/fileName/AxisTouchButton.cs: 31be56f36d53422fd33aa4f9a14e630a -> 
  custom:scripting/monoscript/fileName/FollowTarget.cs: 93be4c02dc2bee8af48e06a6c7c2e042 -> 
  custom:scripting/monoscript/fileName/FirstPersonController.cs: 4fa5841f7a7dfdfcf291c3718c4ae3a2 -> 
  custom:scripting/monoscript/fileName/Joystick.cs: b54db918c885c01940a25acda1acd280 -> 
  custom:audio-encoder-webm-vorbis: bf7c407c2cedff20999df2af8eb42d56 -> 
  custom:scripting/monoscript/fileName/PlatformSpecificContent.cs: 5abb8e8ef7a06ce1842fe9ff26eac2dd -> 
  custom:scripting/monoscript/fileName/AutoMoveAndRotate.cs: ca0e96f72f32239308122375a052b980 -> 
  custom:scripting/monoscript/fileName/ObjectResetter.cs: 037abf2de53ab0026436c32f7a941658 -> 
========================================================================
Received Prepare
Begin MonoManager ReloadAssembly
- Loaded All Assemblies, in  0.503 seconds
Refreshing native plugins compatible for Editor in 4.84 ms, found 3 plugins.
Native extension for WindowsStandalone target not found
[Package Manager] Server::EnsureServerProcessIsRunning -- launch failed, reason: Unity was launched with the -noUpm command-line argument
[Package Manager] UpmClient::Send -- Unable to send message (not connected to UPM process).
[Package Manager] Cannot connect to Unity Package Manager local server
Mono: successfully reloaded assembly
- Finished resetting the current domain, in  1.211 seconds
Domain Reload Profiling: 1711ms
	BeginReloadAssembly (165ms)
		ExecutionOrderSort (0ms)
		DisableScriptedObjects (4ms)
		BackupInstance (0ms)
		ReleaseScriptingObjects (0ms)
		CreateAndSetChildDomain (33ms)
	RebuildCommonClasses (35ms)
	RebuildNativeTypeToScriptingClass (14ms)
	initialDomainReloadingComplete (33ms)
	LoadAllAssembliesAndSetupDomain (254ms)
		LoadAssemblies (330ms)
		RebuildTransferFunctionScriptingTraits (0ms)
		AnalyzeDomain (17ms)
			TypeCache.Refresh (7ms)
				TypeCache.ScanAssembly (0ms)
			ScanForSourceGeneratedMonoScriptInfo (0ms)
			ResolveRequiredComponents (8ms)
	FinalizeReload (1211ms)
		ReleaseScriptCaches (0ms)
		RebuildScriptCaches (0ms)
		SetupLoadedEditorAssemblies (487ms)
			LogAssemblyErrors (0ms)
			InitializePlatformSupportModulesInManaged (7ms)
			SetLoadedEditorAssemblies (5ms)
			RefreshPlugins (0ms)
			BeforeProcessingInitializeOnLoad (84ms)
			ProcessInitializeOnLoadAttributes (311ms)
			ProcessInitializeOnLoadMethodAttributes (69ms)
			AfterProcessingInitializeOnLoad (11ms)
			EditorAssembliesLoaded (0ms)
		ExecutionOrderSort2 (0ms)
		AwakeInstancesAfterBackupRestoration (13ms)
Refreshing native plugins compatible for Editor in 4.62 ms, found 3 plugins.
Preloading 0 native plugins for Editor in 0.00 ms.
Unloading 4238 Unused Serialized files (Serialized files now loaded: 0)
Unloading 42 unused Assets / (1.5 MB). Loaded Objects now: 4746.
Memory consumption went from 150.0 MB to 148.5 MB.
Total: 4.059900 ms (FindLiveObjects: 0.591700 ms CreateObjectMapping: 0.426500 ms MarkObjects: 2.634200 ms  DeleteObjects: 0.406000 ms)

Prepare: number of updated asset objects reloaded= 0
AssetImportParameters requested are different than current active one (requested -> active):
  custom:scripting/monoscript/fileName/MobileInput.cs: dfa415439f330b7749adb2ef7567c3e4 -> 
  custom:scripting/monoscript/fileName/InputAxisScrollbar.cs: ce23cb16d4e46181bfcdc67e0abad940 -> 
  custom:container-demuxer-ogg: 62fdf1f143b41e24485cea50d1cbac27 -> 
  custom:scripting/monoscript/fileName/ActivateTrigger.cs: c94789aa9e8004cad1e54b531012d83a -> 
  custom:scripting/monoscript/fileName/WaypointCircuit.cs: 54e952fb6b763eca02bad0728655deb7 -> 
  custom:scripting/monoscript/fileName/ParticleSystemDestroyer.cs: e9db870dc4c33b83d7965fdc6fe482f5 -> 
  custom:scripting/monoscript/fileName/CrossPlatformInputManager.cs: a6a27da3c2613aab4b889711813fe29f -> 
  custom:scripting/monoscript/fileName/DragRigidbody.cs: af6487145851a9f92f2704a8e0948d6e -> 
  custom:scripting/monoscript/fileName/SwitchMoveCorridor1.cs: e18a4ab88829bacbb09bf33c1c22da9c -> 
  custom:video-decoder-ogg-theora: a1e56fd34408186e4bbccfd4996cb3dc -> 
  custom:scripting/monoscript/fileName/LEDNode.cs: 0cbb8788d81d0adbef7edd514d2a97df -> 
  custom:framework-win-MediaFoundation: 216162199b28c13a410421893ffa2e32 -> 
  custom:scripting/monoscript/fileName/SwitchMoveCorridor2.cs: 2721f60a421ec9f8008c017da91b43e5 -> 
  custom:scripting/monoscript/fileName/TouchPad.cs: 71af049078ebd826d8919ba90a4412d3 -> 
  custom:scripting/monoscript/fileName/TiltInput.cs: 298cab2ca5ef1ae659d7256d2dbeb1ed -> 
  custom:scripting/monoscript/fileName/SmoothFollow.cs: a07fd7df12bc7fba739834867140f167 -> 
  custom:CustomObjectIndexerAttribute: 756ad292c208cfabdd7b50bc23989ffe -> 
  custom:scripting/monoscript/fileName/DynamicShadowSettings.cs: 325596f0baf85da0d965fea14b11bb8b -> 
  custom:scripting/monoscript/fileName/CurveControlledBob.cs: 90e86216bd5f53d9fe3087ae7bf389f1 -> 
  custom:scripting/monoscript/fileName/AutoMobileShaderSwitch.cs: e55bd94d791efdfd8def29f52dc8447b -> 
  custom:scripting/monoscript/fileName/AlphaButtonClickMask.cs: 0e8b09d4b0d299b77424ad90e670a9d2 -> 
  custom:container-demuxer-webm: 4f35f7cbe854078d1ac9338744f61a02 -> 
  custom:scripting/monoscript/fileName/StandaloneInput.cs: 8cfda68f78df3b7dc3040fdb29fc2cd1 -> 
  custom:scripting/monoscript/fileName/FOVKick.cs: c76896347c620802192507d0a92d05a3 -> 
  custom:scripting/monoscript/fileName/TimedObjectActivator.cs: 25495e754d3d277d8e763837b64bf2ba -> 
  custom:scripting/monoscript/fileName/WaypointProgressTracker.cs: fb6262ee8f74f6dc3758b58e5ee18955 -> 
  custom:scripting/monoscript/fileName/SimpleMouseRotator.cs: 9ea47a4777a3a00316a90faf1a6f313d -> 
  custom:container-muxer-webm: aa71ff27fc2769a1b78a27578f13a17b -> 
  custom:scripting/monoscript/fileName/ParticleSystemMultiplier.cs: 8c5eeca5294173db54ffca6ac53ee34e -> 
  custom:video-decoder-webm-vp8: 9c59270c3fd7afecdb556c50c9e8de78 -> 
  custom:scripting/monoscript/fileName/CameraRefocus.cs: 2faffd18ce20d29396a11c7a26d00f0b -> 
  custom:SearchIndexIgnoredProperties: e643bd26f0fe6173181afceb89e7c659 -> 
  custom:scripting/monoscript/fileName/TimedObjectDestructor.cs: bce1a4bbcc9460c16af8171b93c92130 -> 
  custom:AudioImporter_EditorPlatform: d09bf68614088b80899f8185d706f6e7 -> 
  custom:scripting/monoscript/fileName/MobileControlRig.cs: 3524fff44c8126dee0548f9b6ab19d53 -> 
  custom:scripting/monoscript/fileName/ForcedReset.cs: 5e1472355f934ab888fa0985eb71dfb5 -> 
  custom:scripting/monoscript/fileName/EventSystemChecker.cs: 7bccd0826881aa97be03516a055e060b -> 
  custom:scripting/monoscript/fileName/VirtualInput.cs: e290279061a851c625fb61c863776a94 -> 
  custom:scripting/monoscript/fileName/MouseLook.cs: 1413bf4c672f5aacfd2b457b6378eea6 -> 
  custom:scripting/monoscript/fileName/SimpleActivatorMenu.cs: 6dc7b15cc079b5666ea19a4bb40b684f -> 
  custom:scripting/monoscript/fileName/FPSCounter.cs: 18dc6752cae0b5546ca4b2dc0c7741f5 -> 
  custom:scripting/monoscript/fileName/LerpControlledBob.cs: e3f8ea665fb8f4533c1004d43455b6e7 -> 
  custom:scripting/monoscript/fileName/ButtonHandler.cs: e27d3f4c7505c394dad450c78dd6faf1 -> 
  custom:video-encoder-webm-vp8: eb34c28f22e8b96e1ab97ce403110664 -> 
  custom:scripting/monoscript/fileName/Bloom.cs: e200189c2f5040540b8f58b2d05eebda -> 6f6d579a64201b97313a62a1e91b3575
  custom:audio-decoder-ogg-vorbis: bf7c407c2cedff20999df2af8eb42d56 -> 
  custom:scripting/monoscript/fileName/AxisTouchButton.cs: 31be56f36d53422fd33aa4f9a14e630a -> 
  custom:scripting/monoscript/fileName/FollowTarget.cs: 93be4c02dc2bee8af48e06a6c7c2e042 -> 
  custom:scripting/monoscript/fileName/FirstPersonController.cs: 4fa5841f7a7dfdfcf291c3718c4ae3a2 -> 
  custom:scripting/monoscript/fileName/Joystick.cs: b54db918c885c01940a25acda1acd280 -> 
  custom:audio-encoder-webm-vorbis: bf7c407c2cedff20999df2af8eb42d56 -> 
  custom:scripting/monoscript/fileName/PlatformSpecificContent.cs: 5abb8e8ef7a06ce1842fe9ff26eac2dd -> 
  custom:scripting/monoscript/fileName/AutoMoveAndRotate.cs: ca0e96f72f32239308122375a052b980 -> 
  custom:scripting/monoscript/fileName/ObjectResetter.cs: 037abf2de53ab0026436c32f7a941658 -> 
========================================================================
Received Import Request.
  Time since last request: 242733.616357 seconds.
  path: Assets/_Kelhem_Bedroom/_Prefabs/Bed.prefab
  artifactKey: Guid(f25243d07290a0c44974d8b7797c9cb4) Importer(815301076,1909f56bfc062723c751e8b465ee728b)
Start importing Assets/_Kelhem_Bedroom/_Prefabs/Bed.prefab using Guid(f25243d07290a0c44974d8b7797c9cb4) Importer(815301076,1909f56bfc062723c751e8b465ee728b)  -> (artifact id: 'ee8e52c77d041cf56932272ff481109c') in 0.138722 seconds
Number of updated asset objects reloaded before import = 0
Number of asset objects unloaded after import = 12
========================================================================
Received Import Request.
  Time since last request: 0.000022 seconds.
  path: Assets/_Kelhem_Bedroom/_Prefabs/Book2.prefab
  artifactKey: Guid(e8884a5053a18d744bb7cffe31f2c4fa) Importer(815301076,1909f56bfc062723c751e8b465ee728b)
Start importing Assets/_Kelhem_Bedroom/_Prefabs/Book2.prefab using Guid(e8884a5053a18d744bb7cffe31f2c4fa) Importer(815301076,1909f56bfc062723c751e8b465ee728b)  -> (artifact id: '16e43e98585d5cf7988d033bb9a1620a') in 0.013884 seconds
Number of updated asset objects reloaded before import = 0
Number of asset objects unloaded after import = 12
========================================================================
Received Import Request.
  Time since last request: 0.000030 seconds.
  path: Assets/_Kelhem_Bedroom/_Prefabs/Lamp.prefab
  artifactKey: Guid(2101517e6ecd60842897f1fa75f1f66a) Importer(815301076,1909f56bfc062723c751e8b465ee728b)
Start importing Assets/_Kelhem_Bedroom/_Prefabs/Lamp.prefab using Guid(2101517e6ecd60842897f1fa75f1f66a) Importer(815301076,1909f56bfc062723c751e8b465ee728b)  -> (artifact id: '4d38cf4fa3cb60a470dfe88a86271370') in 0.008231 seconds
Number of updated asset objects reloaded before import = 0
Number of asset objects unloaded after import = 12
========================================================================
Received Import Request.
  Time since last request: 0.000014 seconds.
  path: Assets/_Kelhem_Bedroom/_Prefabs/Books.prefab
  artifactKey: Guid(9ea1977af9e91ee4485a671f4f9661d3) Importer(815301076,1909f56bfc062723c751e8b465ee728b)
Start importing Assets/_Kelhem_Bedroom/_Prefabs/Books.prefab using Guid(9ea1977af9e91ee4485a671f4f9661d3) Importer(815301076,1909f56bfc062723c751e8b465ee728b)  -> (artifact id: '6118de97d8515d588b8eebcd648c95a0') in 0.013308 seconds
Number of updated asset objects reloaded before import = 0
Number of asset objects unloaded after import = 12
========================================================================
Received Import Request.
  Time since last request: 0.000014 seconds.
  path: Assets/_Kelhem_Bedroom/_Prefabs/Table.prefab
  artifactKey: Guid(c4abc6cb5b1190944b015a26db4d66a8) Importer(815301076,1909f56bfc062723c751e8b465ee728b)
Start importing Assets/_Kelhem_Bedroom/_Prefabs/Table.prefab using Guid(c4abc6cb5b1190944b015a26db4d66a8) Importer(815301076,1909f56bfc062723c751e8b465ee728b)  -> (artifact id: '4afd08110122136319e2098787a2b623') in 0.014535 seconds
Number of updated asset objects reloaded before import = 0
Number of asset objects unloaded after import = 12
========================================================================
Received Import Request.
  Time since last request: 0.000014 seconds.
  path: Assets/_Kelhem_Bedroom/_Prefabs/Book1.prefab
  artifactKey: Guid(2bc84d73f98867f43b673d4eb9c2184a) Importer(815301076,1909f56bfc062723c751e8b465ee728b)
Start importing Assets/_Kelhem_Bedroom/_Prefabs/Book1.prefab using Guid(2bc84d73f98867f43b673d4eb9c2184a) Importer(815301076,1909f56bfc062723c751e8b465ee728b)  -> (artifact id: '5897d7dc1563701aaee6b76accdf7489') in 0.016376 seconds
Number of updated asset objects reloaded before import = 0
Number of asset objects unloaded after import = 12
========================================================================
Received Import Request.
  Time since last request: 0.000014 seconds.
  path: Assets/_Kelhem_Bedroom/_Prefabs/Shelf1.prefab
  artifactKey: Guid(14488574dceef634d86612b97bc04658) Importer(815301076,1909f56bfc062723c751e8b465ee728b)
Start importing Assets/_Kelhem_Bedroom/_Prefabs/Shelf1.prefab using Guid(14488574dceef634d86612b97bc04658) Importer(815301076,1909f56bfc062723c751e8b465ee728b)  -> (artifact id: 'f0dc56161512c9b8d7ba93adc73e67d8') in 0.009993 seconds
Number of updated asset objects reloaded before import = 0
Number of asset objects unloaded after import = 12
========================================================================
Received Import Request.
  Time since last request: 0.000012 seconds.
  path: Assets/_Kelhem_Bedroom/_Prefabs/BigCommdoe.prefab
  artifactKey: Guid(a8ea9c6e7d3b55045b87988140b087db) Importer(815301076,1909f56bfc062723c751e8b465ee728b)
Start importing Assets/_Kelhem_Bedroom/_Prefabs/BigCommdoe.prefab using Guid(a8ea9c6e7d3b55045b87988140b087db) Importer(815301076,1909f56bfc062723c751e8b465ee728b)  -> (artifact id: '4668588624f688174eccbb865f2bfbba') in 0.011033 seconds
Number of updated asset objects reloaded before import = 0
Number of asset objects unloaded after import = 30
========================================================================
Received Import Request.
  Time since last request: 0.000016 seconds.
  path: Assets/_Kelhem_Bedroom/_Prefabs/Tree1.prefab
  artifactKey: Guid(30a180d9e6b573e46973b541f208a06b) Importer(815301076,1909f56bfc062723c751e8b465ee728b)
Start importing Assets/_Kelhem_Bedroom/_Prefabs/Tree1.prefab using Guid(30a180d9e6b573e46973b541f208a06b) Importer(815301076,1909f56bfc062723c751e8b465ee728b)  -> (artifact id: 'ca99eecef817343987e96bbef508e4ef') in 0.007690 seconds
Number of updated asset objects reloaded before import = 0
Number of asset objects unloaded after import = 12
========================================================================
Received Import Request.
  Time since last request: 0.000029 seconds.
  path: Assets/_Kelhem_Bedroom/_Prefabs/Bush.prefab
  artifactKey: Guid(1a001225dac6e854181d2199b4f6cab1) Importer(815301076,1909f56bfc062723c751e8b465ee728b)
Start importing Assets/_Kelhem_Bedroom/_Prefabs/Bush.prefab using Guid(1a001225dac6e854181d2199b4f6cab1) Importer(815301076,1909f56bfc062723c751e8b465ee728b)  -> (artifact id: '4e33804d2d3e9172ef52df49bcf19dcd') in 0.007717 seconds
Number of updated asset objects reloaded before import = 0
Number of asset objects unloaded after import = 12
========================================================================
Received Import Request.
  Time since last request: 10.524011 seconds.
  path: Assets/_Kelhem_Bedroom/_Materials/BigCommode.mat
  artifactKey: Guid(67d6531221bb4c442877940fcc060ec8) Importer(815301076,1909f56bfc062723c751e8b465ee728b)
Start importing Assets/_Kelhem_Bedroom/_Materials/BigCommode.mat using Guid(67d6531221bb4c442877940fcc060ec8) Importer(815301076,1909f56bfc062723c751e8b465ee728b)  -> (artifact id: 'fff315b4b17febb2cb477773219d54db') in 0.028366 seconds
Number of updated asset objects reloaded before import = 0
Number of asset objects unloaded after import = 2
========================================================================
Received Import Request.
  Time since last request: 0.000028 seconds.
  path: Assets/_Kelhem_Bedroom/_Materials/Book.mat
  artifactKey: Guid(35d337dc2d141464d969dfdfb038c53d) Importer(815301076,1909f56bfc062723c751e8b465ee728b)
Start importing Assets/_Kelhem_Bedroom/_Materials/Book.mat using Guid(35d337dc2d141464d969dfdfb038c53d) Importer(815301076,1909f56bfc062723c751e8b465ee728b)  -> (artifact id: 'c036885ee352b6e173ba7ee1da58dc97') in 0.012355 seconds
Number of updated asset objects reloaded before import = 0
Number of asset objects unloaded after import = 2
========================================================================
Received Import Request.
  Time since last request: 0.000084 seconds.
  path: Assets/_Kelhem_Bedroom/_Materials/Cactus.mat
  artifactKey: Guid(a395fb0a066c68646b695bb421e19662) Importer(815301076,1909f56bfc062723c751e8b465ee728b)
Start importing Assets/_Kelhem_Bedroom/_Materials/Cactus.mat using Guid(a395fb0a066c68646b695bb421e19662) Importer(815301076,1909f56bfc062723c751e8b465ee728b)  -> (artifact id: 'fe9844f625b9ac03be36ffae59bf911c') in 0.009216 seconds
Number of updated asset objects reloaded before import = 0
Number of asset objects unloaded after import = 2
========================================================================
Received Import Request.
  Time since last request: 0.000025 seconds.
  path: Assets/_Kelhem_Bedroom/_Materials/Table.mat
  artifactKey: Guid(5df27092eff976647a14a345b299c5c1) Importer(815301076,1909f56bfc062723c751e8b465ee728b)
Start importing Assets/_Kelhem_Bedroom/_Materials/Table.mat using Guid(5df27092eff976647a14a345b299c5c1) Importer(815301076,1909f56bfc062723c751e8b465ee728b)  -> (artifact id: '7c1644ddc6fbbd051119a4dc4996d179') in 0.011543 seconds
Number of updated asset objects reloaded before import = 0
Number of asset objects unloaded after import = 2
========================================================================
Received Import Request.
  Time since last request: 0.000030 seconds.
  path: Assets/_Kelhem_Bedroom/_Materials/Book2.mat
  artifactKey: Guid(754b44b2f3c921a41bab1772ea3046f1) Importer(815301076,1909f56bfc062723c751e8b465ee728b)
Start importing Assets/_Kelhem_Bedroom/_Materials/Book2.mat using Guid(754b44b2f3c921a41bab1772ea3046f1) Importer(815301076,1909f56bfc062723c751e8b465ee728b)  -> (artifact id: '28a428d33df2cbacf0503f3a19634b31') in 0.012391 seconds
Number of updated asset objects reloaded before import = 0
Number of asset objects unloaded after import = 2
========================================================================
Received Import Request.
  Time since last request: 0.000027 seconds.
  path: Assets/_Kelhem_Bedroom/_Materials/Mattress.mat
  artifactKey: Guid(6c2332fb7186ae54f8f18f6cc7cdecf9) Importer(815301076,1909f56bfc062723c751e8b465ee728b)
Start importing Assets/_Kelhem_Bedroom/_Materials/Mattress.mat using Guid(6c2332fb7186ae54f8f18f6cc7cdecf9) Importer(815301076,1909f56bfc062723c751e8b465ee728b)  -> (artifact id: 'feea8c3673e262f8902b69cc37aa990d') in 0.012963 seconds
Number of updated asset objects reloaded before import = 0
Number of asset objects unloaded after import = 2
========================================================================
Received Import Request.
  Time since last request: 0.000014 seconds.
  path: Assets/_Kelhem_Bedroom/_Materials/TV.mat
  artifactKey: Guid(cf54d121c086c2949927db7d5718a752) Importer(815301076,1909f56bfc062723c751e8b465ee728b)
Start importing Assets/_Kelhem_Bedroom/_Materials/TV.mat using Guid(cf54d121c086c2949927db7d5718a752) Importer(815301076,1909f56bfc062723c751e8b465ee728b)  -> (artifact id: '289de6d5b0f4a5817725bc5752cc3767') in 0.009493 seconds
Number of updated asset objects reloaded before import = 0
Number of asset objects unloaded after import = 2
========================================================================
Received Import Request.
  Time since last request: 0.000018 seconds.
  path: Assets/_Kelhem_Bedroom/_Materials/Emissiion.mat
  artifactKey: Guid(7d1a40b30fcad3a418aeee35eaec6cf1) Importer(815301076,1909f56bfc062723c751e8b465ee728b)
Start importing Assets/_Kelhem_Bedroom/_Materials/Emissiion.mat using Guid(7d1a40b30fcad3a418aeee35eaec6cf1) Importer(815301076,1909f56bfc062723c751e8b465ee728b)  -> (artifact id: 'cf4d7128c45f59b488a1e36cf85808e3') in 0.010769 seconds
Number of updated asset objects reloaded before import = 0
Number of asset objects unloaded after import = 1
========================================================================
Received Import Request.
  Time since last request: 0.000015 seconds.
  path: Assets/_Kelhem_Bedroom/_Materials/Shelf3.mat
  artifactKey: Guid(36f25cd0f0c488542b7b71e1ae310618) Importer(815301076,1909f56bfc062723c751e8b465ee728b)
Start importing Assets/_Kelhem_Bedroom/_Materials/Shelf3.mat using Guid(36f25cd0f0c488542b7b71e1ae310618) Importer(815301076,1909f56bfc062723c751e8b465ee728b)  -> (artifact id: '379e2adc01c104c82229aa84941aeb33') in 0.016056 seconds
Number of updated asset objects reloaded before import = 0
Number of asset objects unloaded after import = 2
========================================================================
Received Import Request.
  Time since last request: 0.000017 seconds.
  path: Assets/_Kelhem_Bedroom/_Materials/Pillow.mat
  artifactKey: Guid(a01fcc88fbd78c341b89feaf4603cba6) Importer(815301076,1909f56bfc062723c751e8b465ee728b)
Start importing Assets/_Kelhem_Bedroom/_Materials/Pillow.mat using Guid(a01fcc88fbd78c341b89feaf4603cba6) Importer(815301076,1909f56bfc062723c751e8b465ee728b)  -> (artifact id: 'ffe54d26ac28217ad1fb1b152a83b302') in 0.011632 seconds
Number of updated asset objects reloaded before import = 0
Number of asset objects unloaded after import = 2
========================================================================
Received Import Request.
  Time since last request: 0.000016 seconds.
  path: Assets/_Kelhem_Bedroom/_Materials/Books.mat
  artifactKey: Guid(25066a927c6a31845981631dd44ce403) Importer(815301076,1909f56bfc062723c751e8b465ee728b)
Start importing Assets/_Kelhem_Bedroom/_Materials/Books.mat using Guid(25066a927c6a31845981631dd44ce403) Importer(815301076,1909f56bfc062723c751e8b465ee728b)  -> (artifact id: '8a25b5caad263f9607c2914ebf585d7c') in 0.010145 seconds
Number of updated asset objects reloaded before import = 0
Number of asset objects unloaded after import = 2
========================================================================
Received Import Request.
  Time since last request: 1.250234 seconds.
  path: Assets/_Kelhem_Bedroom/_Home/Room.prefab
  artifactKey: Guid(81f542f2fd5cb2c42850b2c71e042887) Importer(815301076,1909f56bfc062723c751e8b465ee728b)
Start importing Assets/_Kelhem_Bedroom/_Home/Room.prefab using Guid(81f542f2fd5cb2c42850b2c71e042887) Importer(815301076,1909f56bfc062723c751e8b465ee728b)  -> (artifact id: '2149489c1d57dd0736287079107ca618') in 0.147383 seconds
Number of updated asset objects reloaded before import = 0
Number of asset objects unloaded after import = 143
========================================================================
Received Prepare
Begin MonoManager ReloadAssembly
- Loaded All Assemblies, in  0.537 seconds
Refreshing native plugins compatible for Editor in 3.96 ms, found 3 plugins.
Native extension for WindowsStandalone target not found
[Package Manager] Server::EnsureServerProcessIsRunning -- launch failed, reason: Unity was launched with the -noUpm command-line argument
[Package Manager] UpmClient::Send -- Unable to send message (not connected to UPM process).
[Package Manager] Cannot connect to Unity Package Manager local server
Mono: successfully reloaded assembly
- Finished resetting the current domain, in  1.424 seconds
Domain Reload Profiling: 1957ms
	BeginReloadAssembly (184ms)
		ExecutionOrderSort (0ms)
		DisableScriptedObjects (4ms)
		BackupInstance (0ms)
		ReleaseScriptingObjects (0ms)
		CreateAndSetChildDomain (47ms)
	RebuildCommonClasses (37ms)
	RebuildNativeTypeToScriptingClass (13ms)
	initialDomainReloadingComplete (38ms)
	LoadAllAssembliesAndSetupDomain (262ms)
		LoadAssemblies (345ms)
		RebuildTransferFunctionScriptingTraits (0ms)
		AnalyzeDomain (17ms)
			TypeCache.Refresh (8ms)
				TypeCache.ScanAssembly (0ms)
			ScanForSourceGeneratedMonoScriptInfo (0ms)
			ResolveRequiredComponents (6ms)
	FinalizeReload (1424ms)
		ReleaseScriptCaches (0ms)
		RebuildScriptCaches (0ms)
		SetupLoadedEditorAssemblies (537ms)
			LogAssemblyErrors (0ms)
			InitializePlatformSupportModulesInManaged (9ms)
			SetLoadedEditorAssemblies (4ms)
			RefreshPlugins (0ms)
			BeforeProcessingInitializeOnLoad (95ms)
			ProcessInitializeOnLoadAttributes (342ms)
			ProcessInitializeOnLoadMethodAttributes (72ms)
			AfterProcessingInitializeOnLoad (14ms)
			EditorAssembliesLoaded (0ms)
		ExecutionOrderSort2 (0ms)
		AwakeInstancesAfterBackupRestoration (15ms)
Refreshing native plugins compatible for Editor in 3.57 ms, found 3 plugins.
Preloading 0 native plugins for Editor in 0.00 ms.
Unloading 4237 Unused Serialized files (Serialized files now loaded: 0)
Unloading 41 unused Assets / (1.5 MB). Loaded Objects now: 4795.
Memory consumption went from 154.7 MB to 153.2 MB.
Total: 4.056300 ms (FindLiveObjects: 0.436300 ms CreateObjectMapping: 0.524000 ms MarkObjects: 2.803200 ms  DeleteObjects: 0.292000 ms)

Prepare: number of updated asset objects reloaded= 0
AssetImportParameters requested are different than current active one (requested -> active):
  custom:scripting/monoscript/fileName/MobileInput.cs: dfa415439f330b7749adb2ef7567c3e4 -> 
  custom:scripting/monoscript/fileName/InputAxisScrollbar.cs: ce23cb16d4e46181bfcdc67e0abad940 -> 
  custom:container-demuxer-ogg: 62fdf1f143b41e24485cea50d1cbac27 -> 
  custom:scripting/monoscript/fileName/ActivateTrigger.cs: c94789aa9e8004cad1e54b531012d83a -> 
  custom:scripting/monoscript/fileName/WaypointCircuit.cs: 54e952fb6b763eca02bad0728655deb7 -> 
  custom:scripting/monoscript/fileName/ParticleSystemDestroyer.cs: e9db870dc4c33b83d7965fdc6fe482f5 -> 
  custom:scripting/monoscript/fileName/CrossPlatformInputManager.cs: a6a27da3c2613aab4b889711813fe29f -> 
  custom:scripting/monoscript/fileName/DragRigidbody.cs: af6487145851a9f92f2704a8e0948d6e -> 
  custom:scripting/monoscript/fileName/SwitchMoveCorridor1.cs: e18a4ab88829bacbb09bf33c1c22da9c -> 
  custom:video-decoder-ogg-theora: a1e56fd34408186e4bbccfd4996cb3dc -> 
  custom:scripting/monoscript/fileName/LEDNode.cs: 0cbb8788d81d0adbef7edd514d2a97df -> 
  custom:framework-win-MediaFoundation: 216162199b28c13a410421893ffa2e32 -> 
  custom:scripting/monoscript/fileName/SwitchMoveCorridor2.cs: 2721f60a421ec9f8008c017da91b43e5 -> 
  custom:scripting/monoscript/fileName/TouchPad.cs: 71af049078ebd826d8919ba90a4412d3 -> 
  custom:scripting/monoscript/fileName/TiltInput.cs: 298cab2ca5ef1ae659d7256d2dbeb1ed -> 
  custom:scripting/monoscript/fileName/SmoothFollow.cs: a07fd7df12bc7fba739834867140f167 -> 
  custom:CustomObjectIndexerAttribute: 756ad292c208cfabdd7b50bc23989ffe -> 
  custom:scripting/monoscript/fileName/DynamicShadowSettings.cs: 325596f0baf85da0d965fea14b11bb8b -> 
  custom:scripting/monoscript/fileName/CurveControlledBob.cs: 90e86216bd5f53d9fe3087ae7bf389f1 -> 
  custom:scripting/monoscript/fileName/AutoMobileShaderSwitch.cs: e55bd94d791efdfd8def29f52dc8447b -> 
  custom:scripting/monoscript/fileName/AlphaButtonClickMask.cs: 0e8b09d4b0d299b77424ad90e670a9d2 -> 
  custom:container-demuxer-webm: 4f35f7cbe854078d1ac9338744f61a02 -> 
  custom:scripting/monoscript/fileName/StandaloneInput.cs: 8cfda68f78df3b7dc3040fdb29fc2cd1 -> 
  custom:scripting/monoscript/fileName/FOVKick.cs: c76896347c620802192507d0a92d05a3 -> 
  custom:scripting/monoscript/fileName/TimedObjectActivator.cs: 25495e754d3d277d8e763837b64bf2ba -> 
  custom:scripting/monoscript/fileName/WaypointProgressTracker.cs: fb6262ee8f74f6dc3758b58e5ee18955 -> 
  custom:scripting/monoscript/fileName/SimpleMouseRotator.cs: 9ea47a4777a3a00316a90faf1a6f313d -> 
  custom:container-muxer-webm: aa71ff27fc2769a1b78a27578f13a17b -> 
  custom:scripting/monoscript/fileName/ParticleSystemMultiplier.cs: 8c5eeca5294173db54ffca6ac53ee34e -> 
  custom:video-decoder-webm-vp8: 9c59270c3fd7afecdb556c50c9e8de78 -> 
  custom:scripting/monoscript/fileName/CameraRefocus.cs: 2faffd18ce20d29396a11c7a26d00f0b -> 
  custom:SearchIndexIgnoredProperties: e643bd26f0fe6173181afceb89e7c659 -> 
  custom:scripting/monoscript/fileName/TimedObjectDestructor.cs: bce1a4bbcc9460c16af8171b93c92130 -> 
  custom:AudioImporter_EditorPlatform: d09bf68614088b80899f8185d706f6e7 -> 
  custom:scripting/monoscript/fileName/MobileControlRig.cs: 3524fff44c8126dee0548f9b6ab19d53 -> 
  custom:scripting/monoscript/fileName/ForcedReset.cs: 5e1472355f934ab888fa0985eb71dfb5 -> 
  custom:scripting/monoscript/fileName/EventSystemChecker.cs: 7bccd0826881aa97be03516a055e060b -> 
  custom:scripting/monoscript/fileName/VirtualInput.cs: e290279061a851c625fb61c863776a94 -> 
  custom:scripting/monoscript/fileName/MouseLook.cs: 1413bf4c672f5aacfd2b457b6378eea6 -> 
  custom:scripting/monoscript/fileName/SimpleActivatorMenu.cs: 6dc7b15cc079b5666ea19a4bb40b684f -> 
  custom:scripting/monoscript/fileName/FPSCounter.cs: 18dc6752cae0b5546ca4b2dc0c7741f5 -> 
  custom:scripting/monoscript/fileName/LerpControlledBob.cs: e3f8ea665fb8f4533c1004d43455b6e7 -> 
  custom:scripting/monoscript/fileName/ButtonHandler.cs: e27d3f4c7505c394dad450c78dd6faf1 -> 
  custom:video-encoder-webm-vp8: eb34c28f22e8b96e1ab97ce403110664 -> 
  custom:scripting/monoscript/fileName/Bloom.cs: e200189c2f5040540b8f58b2d05eebda -> 6f6d579a64201b97313a62a1e91b3575
  custom:audio-decoder-ogg-vorbis: bf7c407c2cedff20999df2af8eb42d56 -> 
  custom:scripting/monoscript/fileName/AxisTouchButton.cs: 31be56f36d53422fd33aa4f9a14e630a -> 
  custom:scripting/monoscript/fileName/FollowTarget.cs: 93be4c02dc2bee8af48e06a6c7c2e042 -> 
  custom:scripting/monoscript/fileName/FirstPersonController.cs: 4fa5841f7a7dfdfcf291c3718c4ae3a2 -> 
  custom:scripting/monoscript/fileName/Joystick.cs: b54db918c885c01940a25acda1acd280 -> 
  custom:audio-encoder-webm-vorbis: bf7c407c2cedff20999df2af8eb42d56 -> 
  custom:scripting/monoscript/fileName/PlatformSpecificContent.cs: 5abb8e8ef7a06ce1842fe9ff26eac2dd -> 
  custom:scripting/monoscript/fileName/AutoMoveAndRotate.cs: ca0e96f72f32239308122375a052b980 -> 
  custom:scripting/monoscript/fileName/ObjectResetter.cs: 037abf2de53ab0026436c32f7a941658 -> 
========================================================================
Received Import Request.
  Time since last request: 445.338457 seconds.
  path: Assets/_Kelhem_Bedroom/_Export/bed-0.png
  artifactKey: Guid(b9eacae3f786d6e4ea3877e459a3bc28) Importer(815301076,1909f56bfc062723c751e8b465ee728b)
Start importing Assets/_Kelhem_Bedroom/_Export/bed-0.png using Guid(b9eacae3f786d6e4ea3877e459a3bc28) Importer(815301076,1909f56bfc062723c751e8b465ee728b)  -> (artifact id: '0d72771ed95c305602a19e2fcdaa08a1') in 0.093149 seconds
Number of updated asset objects reloaded before import = 0
Number of asset objects unloaded after import = 2
========================================================================
Received Import Request.
  Time since last request: 0.000022 seconds.
  path: Assets/_Kelhem_Bedroom/_Export/HomeOPEN_EXPORT-27.obj
  artifactKey: Guid(ff0591fa86fc0354eb7e11a069074298) Importer(815301076,1909f56bfc062723c751e8b465ee728b)
Start importing Assets/_Kelhem_Bedroom/_Export/HomeOPEN_EXPORT-27.obj using Guid(ff0591fa86fc0354eb7e11a069074298) Importer(815301076,1909f56bfc062723c751e8b465ee728b)  -> (artifact id: 'dcfd2f06f3794d98016a4f2879cf8028') in 0.089591 seconds
Number of updated asset objects reloaded before import = 0
Number of asset objects unloaded after import = 11
========================================================================
Received Import Request.
  Time since last request: 0.000033 seconds.
  path: Assets/_Kelhem_Bedroom/_Export/HomeOPEN_EXPORT-22.obj
  artifactKey: Guid(81856fdb775f9174f9f774cfcb8d828c) Importer(815301076,1909f56bfc062723c751e8b465ee728b)
Start importing Assets/_Kelhem_Bedroom/_Export/HomeOPEN_EXPORT-22.obj using Guid(81856fdb775f9174f9f774cfcb8d828c) Importer(815301076,1909f56bfc062723c751e8b465ee728b)  -> (artifact id: '537f9e1aa999fe80735ce4c978ea4f4c') in 0.018154 seconds
Number of updated asset objects reloaded before import = 0
Number of asset objects unloaded after import = 11
========================================================================
Received Import Request.
  Time since last request: 0.000018 seconds.
  path: Assets/_Kelhem_Bedroom/_Export/HomeOPEN_EXPORT-32.obj
  artifactKey: Guid(5b90ff1733f69bb4c82b86f144256a19) Importer(815301076,1909f56bfc062723c751e8b465ee728b)
Start importing Assets/_Kelhem_Bedroom/_Export/HomeOPEN_EXPORT-32.obj using Guid(5b90ff1733f69bb4c82b86f144256a19) Importer(815301076,1909f56bfc062723c751e8b465ee728b)  -> (artifact id: '72f808978c1fa110f8450b2db8bb384f') in 0.016241 seconds
Number of updated asset objects reloaded before import = 0
Number of asset objects unloaded after import = 11
========================================================================
Received Import Request.
  Time since last request: 0.000023 seconds.
  path: Assets/_Kelhem_Bedroom/_Export/HomeOPEN_EXPORT-0.obj
  artifactKey: Guid(b7219de324ef12e4bac7eb37840e4101) Importer(815301076,1909f56bfc062723c751e8b465ee728b)
Start importing Assets/_Kelhem_Bedroom/_Export/HomeOPEN_EXPORT-0.obj using Guid(b7219de324ef12e4bac7eb37840e4101) Importer(815301076,1909f56bfc062723c751e8b465ee728b)  -> (artifact id: 'cad4b0d186ef2b3cc998aef0465582ae') in 0.016776 seconds
Number of updated asset objects reloaded before import = 0
Number of asset objects unloaded after import = 11
========================================================================
Received Import Request.
  Time since last request: 0.000015 seconds.
  path: Assets/_Kelhem_Bedroom/_Export/bed-2.obj
  artifactKey: Guid(fddac1f0617251e48bcb754391efdf3d) Importer(815301076,1909f56bfc062723c751e8b465ee728b)
Start importing Assets/_Kelhem_Bedroom/_Export/bed-2.obj using Guid(fddac1f0617251e48bcb754391efdf3d) Importer(815301076,1909f56bfc062723c751e8b465ee728b)  -> (artifact id: '023b815820593903f83815380e7e1353') in 0.016353 seconds
Number of updated asset objects reloaded before import = 0
Number of asset objects unloaded after import = 11
========================================================================
Received Import Request.
  Time since last request: 0.000015 seconds.
  path: Assets/_Kelhem_Bedroom/_Export/HomeOPEN_EXPORT-26.obj
  artifactKey: Guid(a3c27655bbcb07a4dbd9cdba8b1a3f7a) Importer(815301076,1909f56bfc062723c751e8b465ee728b)
Start importing Assets/_Kelhem_Bedroom/_Export/HomeOPEN_EXPORT-26.obj using Guid(a3c27655bbcb07a4dbd9cdba8b1a3f7a) Importer(815301076,1909f56bfc062723c751e8b465ee728b)  -> (artifact id: '09b652c53b33fc9b9f557b9d6c433ee3') in 0.015033 seconds
Number of updated asset objects reloaded before import = 0
Number of asset objects unloaded after import = 11
========================================================================
Received Import Request.
  Time since last request: 0.000019 seconds.
  path: Assets/_Kelhem_Bedroom/_Export/HomeOPEN_EXPORT-8.obj
  artifactKey: Guid(0916282b3ecbb234880ccc3d7779cadb) Importer(815301076,1909f56bfc062723c751e8b465ee728b)
Start importing Assets/_Kelhem_Bedroom/_Export/HomeOPEN_EXPORT-8.obj using Guid(0916282b3ecbb234880ccc3d7779cadb) Importer(815301076,1909f56bfc062723c751e8b465ee728b)  -> (artifact id: '17c48cf132c941fb802cd07aef6af97f') in 0.016457 seconds
Number of updated asset objects reloaded before import = 0
Number of asset objects unloaded after import = 11
========================================================================
Received Import Request.
  Time since last request: 0.000026 seconds.
  path: Assets/_Kelhem_Bedroom/_Export/HomeOPEN_EXPORT-0.png
  artifactKey: Guid(252f2bdc12efd0244b9b74764f9e68bf) Importer(815301076,1909f56bfc062723c751e8b465ee728b)
Start importing Assets/_Kelhem_Bedroom/_Export/HomeOPEN_EXPORT-0.png using Guid(252f2bdc12efd0244b9b74764f9e68bf) Importer(815301076,1909f56bfc062723c751e8b465ee728b)  -> (artifact id: 'bbcd32f9bcbdc4c5a9b9d83dad2c5a57') in 0.011409 seconds
Number of updated asset objects reloaded before import = 0
Number of asset objects unloaded after import = 2
========================================================================
Received Import Request.
  Time since last request: 0.000017 seconds.
  path: Assets/_Kelhem_Bedroom/_Export/HomeOPEN_EXPORT-24.obj
  artifactKey: Guid(940a2767a4558ec4b94248d1395eff46) Importer(815301076,1909f56bfc062723c751e8b465ee728b)
Start importing Assets/_Kelhem_Bedroom/_Export/HomeOPEN_EXPORT-24.obj using Guid(940a2767a4558ec4b94248d1395eff46) Importer(815301076,1909f56bfc062723c751e8b465ee728b)  -> (artifact id: 'fd2012f95151120bf6bf48f0cc05aa30') in 0.016464 seconds
Number of updated asset objects reloaded before import = 0
Number of asset objects unloaded after import = 11
========================================================================
Received Import Request.
  Time since last request: 0.000017 seconds.
  path: Assets/_Kelhem_Bedroom/_Export/HomeOPEN_EXPORT-1.obj
  artifactKey: Guid(c35bcc1d5f4dce841aa8ca76f928c4e7) Importer(815301076,1909f56bfc062723c751e8b465ee728b)
Start importing Assets/_Kelhem_Bedroom/_Export/HomeOPEN_EXPORT-1.obj using Guid(c35bcc1d5f4dce841aa8ca76f928c4e7) Importer(815301076,1909f56bfc062723c751e8b465ee728b)  -> (artifact id: '5a49f042767132bda80ce51825fb6727') in 0.019671 seconds
Number of updated asset objects reloaded before import = 0
Number of asset objects unloaded after import = 11
========================================================================
Received Import Request.
  Time since last request: 0.000025 seconds.
  path: Assets/_Kelhem_Bedroom/_Export/HomeOPEN_EXPORT-21.obj
  artifactKey: Guid(6ccd5a3696c23e046a5bb2295039837f) Importer(815301076,1909f56bfc062723c751e8b465ee728b)
Start importing Assets/_Kelhem_Bedroom/_Export/HomeOPEN_EXPORT-21.obj using Guid(6ccd5a3696c23e046a5bb2295039837f) Importer(815301076,1909f56bfc062723c751e8b465ee728b)  -> (artifact id: '6f22366a193bd6426bc98e00d70808e6') in 0.017452 seconds
Number of updated asset objects reloaded before import = 0
Number of asset objects unloaded after import = 11
========================================================================
Received Import Request.
  Time since last request: 0.000016 seconds.
  path: Assets/_Kelhem_Bedroom/_Export/v2.0-1.obj
  artifactKey: Guid(12af615f262175a47a9f05f76909ac69) Importer(815301076,1909f56bfc062723c751e8b465ee728b)
Start importing Assets/_Kelhem_Bedroom/_Export/v2.0-1.obj using Guid(12af615f262175a47a9f05f76909ac69) Importer(815301076,1909f56bfc062723c751e8b465ee728b)  -> (artifact id: '0b52c327d788bb7589053b97ba8a1bde') in 0.018498 seconds
Number of updated asset objects reloaded before import = 0
Number of asset objects unloaded after import = 11
========================================================================
Received Import Request.
  Time since last request: 0.000014 seconds.
  path: Assets/_Kelhem_Bedroom/_Export/Nightstand1.obj
  artifactKey: Guid(49d1d474228ae3144986400bff6b200e) Importer(815301076,1909f56bfc062723c751e8b465ee728b)
Start importing Assets/_Kelhem_Bedroom/_Export/Nightstand1.obj using Guid(49d1d474228ae3144986400bff6b200e) Importer(815301076,1909f56bfc062723c751e8b465ee728b)  -> (artifact id: 'c278c0bd77bbbb8347befab338c32ed8') in 0.018000 seconds
Number of updated asset objects reloaded before import = 0
Number of asset objects unloaded after import = 11
========================================================================
Received Import Request.
  Time since last request: 0.000043 seconds.
  path: Assets/_Kelhem_Bedroom/_Export/HomeOPEN_EXPORT-9.obj
  artifactKey: Guid(3688257cd86ddcb4ca5ca35cd923e791) Importer(815301076,1909f56bfc062723c751e8b465ee728b)
Start importing Assets/_Kelhem_Bedroom/_Export/HomeOPEN_EXPORT-9.obj using Guid(3688257cd86ddcb4ca5ca35cd923e791) Importer(815301076,1909f56bfc062723c751e8b465ee728b)  -> (artifact id: 'da8258e9b7e10621ecfd45dc727da4b2') in 0.017698 seconds
Number of updated asset objects reloaded before import = 0
Number of asset objects unloaded after import = 11
========================================================================
Received Import Request.
  Time since last request: 0.000035 seconds.
  path: Assets/_Kelhem_Bedroom/_Export/HomeOPEN_EXPORT-33.obj
  artifactKey: Guid(dee8cd2c32302b941bbe3a7e32dca2d4) Importer(815301076,1909f56bfc062723c751e8b465ee728b)
Start importing Assets/_Kelhem_Bedroom/_Export/HomeOPEN_EXPORT-33.obj using Guid(dee8cd2c32302b941bbe3a7e32dca2d4) Importer(815301076,1909f56bfc062723c751e8b465ee728b)  -> (artifact id: '16cdf3d91a189eacaafbc8a38d1a97ab') in 0.017795 seconds
Number of updated asset objects reloaded before import = 0
Number of asset objects unloaded after import = 11
========================================================================
Received Import Request.
  Time since last request: 0.000017 seconds.
  path: Assets/_Kelhem_Bedroom/_Export/HomeOPEN_EXPORT-17.obj
  artifactKey: Guid(6a0dbfa4fd41d3c4d896f39cb2f51fdd) Importer(815301076,1909f56bfc062723c751e8b465ee728b)
Start importing Assets/_Kelhem_Bedroom/_Export/HomeOPEN_EXPORT-17.obj using Guid(6a0dbfa4fd41d3c4d896f39cb2f51fdd) Importer(815301076,1909f56bfc062723c751e8b465ee728b)  -> (artifact id: '95553b06d5dca1f27937c8dfa91e82bb') in 0.017145 seconds
Number of updated asset objects reloaded before import = 0
Number of asset objects unloaded after import = 11
========================================================================
Received Import Request.
  Time since last request: 0.000034 seconds.
  path: Assets/_Kelhem_Bedroom/_Export/HomeOPEN_EXPORT-19.obj
  artifactKey: Guid(f93d7da97baef794ebbfd4bfe2189ea8) Importer(815301076,1909f56bfc062723c751e8b465ee728b)
Start importing Assets/_Kelhem_Bedroom/_Export/HomeOPEN_EXPORT-19.obj using Guid(f93d7da97baef794ebbfd4bfe2189ea8) Importer(815301076,1909f56bfc062723c751e8b465ee728b)  -> (artifact id: 'f6527926285a4db7a938d000d9cb80ff') in 0.016456 seconds
Number of updated asset objects reloaded before import = 0
Number of asset objects unloaded after import = 11
========================================================================
Received Import Request.
  Time since last request: 0.000048 seconds.
  path: Assets/_Kelhem_Bedroom/_Export/HomeOPEN_EXPORT-4.obj
  artifactKey: Guid(9dad1a1bed267c94495045c3910d5128) Importer(815301076,1909f56bfc062723c751e8b465ee728b)
Start importing Assets/_Kelhem_Bedroom/_Export/HomeOPEN_EXPORT-4.obj using Guid(9dad1a1bed267c94495045c3910d5128) Importer(815301076,1909f56bfc062723c751e8b465ee728b)  -> (artifact id: '74c4b011eba8313fcfa0350579c57462') in 0.019206 seconds
Number of updated asset objects reloaded before import = 0
Number of asset objects unloaded after import = 11
========================================================================
Received Import Request.
  Time since last request: 0.000015 seconds.
  path: Assets/_Kelhem_Bedroom/_Export/HomeOPEN_EXPORT-2.obj
  artifactKey: Guid(f667f5545908bdf44aa5bbf6b819b080) Importer(815301076,1909f56bfc062723c751e8b465ee728b)
Start importing Assets/_Kelhem_Bedroom/_Export/HomeOPEN_EXPORT-2.obj using Guid(f667f5545908bdf44aa5bbf6b819b080) Importer(815301076,1909f56bfc062723c751e8b465ee728b)  -> (artifact id: '7b3d0ab38c9ac862df5fc97ae968a0f2') in 0.017047 seconds
Number of updated asset objects reloaded before import = 0
Number of asset objects unloaded after import = 11
========================================================================
Received Import Request.
  Time since last request: 0.000018 seconds.
  path: Assets/_Kelhem_Bedroom/_Export/v2.0-0.png
  artifactKey: Guid(3bbc9a7c59ee29747b1a7a39b958d201) Importer(815301076,1909f56bfc062723c751e8b465ee728b)
Start importing Assets/_Kelhem_Bedroom/_Export/v2.0-0.png using Guid(3bbc9a7c59ee29747b1a7a39b958d201) Importer(815301076,1909f56bfc062723c751e8b465ee728b)  -> (artifact id: '8ccfdf17a2321eaf786d4391803d11f1') in 0.010977 seconds
Number of updated asset objects reloaded before import = 0
Number of asset objects unloaded after import = 2
Editor requested this worker to shutdown with reason: Scaling down because of idle timeout
TcpMessagingSession - receive error: operation aborted. errorcode: 995, details:        I/O  .
AssetImportWorker is now disconnected from the server
Process exiting
Exiting without the bug reporter. Application will terminate with return code 0